{"C:\\AI\\LONGIN\\game-engine-2d\\src\\core\\components.ts": {"path":"C:\\AI\\LONGIN\\game-engine-2d\\src\\core\\components.ts","statementMap":{"0":{"start":{"line":1,"column":0},"end":{"line":1,"column":45}},"1":{"start":{"line":12,"column":4},"end":{"line":12,"column":12}},"2":{"start":{"line":4,"column":18},"end":{"line":4,"column":37}},"3":{"start":{"line":5,"column":9},"end":{"line":5,"column":23}},"4":{"start":{"line":6,"column":9},"end":{"line":6,"column":23}},"5":{"start":{"line":7,"column":9},"end":{"line":7,"column":30}},"6":{"start":{"line":8,"column":9},"end":{"line":8,"column":28}},"7":{"start":{"line":9,"column":9},"end":{"line":9,"column":28}},"8":{"start":{"line":13,"column":4},"end":{"line":13,"column":15}},"9":{"start":{"line":14,"column":4},"end":{"line":14,"column":15}},"10":{"start":{"line":15,"column":4},"end":{"line":15,"column":29}},"11":{"start":{"line":3,"column":0},"end":{"line":3,"column":13}}},"fnMap":{"0":{"name":"(anonymous_0)","decl":{"start":{"line":11,"column":2},"end":{"line":11,"column":14}},"loc":{"start":{"line":11,"column":64},"end":{"line":16,"column":3}}}},"branchMap":{"0":{"loc":{"start":{"line":11,"column":14},"end":{"line":11,"column":27}},"type":"default-arg","locations":[{"start":{"line":11,"column":26},"end":{"line":11,"column":27}}]},"1":{"loc":{"start":{"line":11,"column":29},"end":{"line":11,"column":42}},"type":"default-arg","locations":[{"start":{"line":11,"column":41},"end":{"line":11,"column":42}}]},"2":{"loc":{"start":{"line":11,"column":44},"end":{"line":11,"column":64}},"type":"default-arg","locations":[{"start":{"line":11,"column":63},"end":{"line":11,"column":64}}]}},"s":{"0":14,"1":38,"2":38,"3":38,"4":38,"5":38,"6":38,"7":38,"8":38,"9":38,"10":38,"11":14},"f":{"0":38},"b":{"0":[0],"1":[0],"2":[38]}}
,"C:\\AI\\LONGIN\\game-engine-2d\\src\\core\\config-manager.ts": {"path":"C:\\AI\\LONGIN\\game-engine-2d\\src\\core\\config-manager.ts","statementMap":{"0":{"start":{"line":1,"column":0},"end":{"line":1,"column":25}},"1":{"start":{"line":3,"column":0},"end":{"line":3,"column":33}},"2":{"start":{"line":48,"column":10},"end":{"line":48,"column":47}},"3":{"start":{"line":51,"column":4},"end":{"line":51,"column":26}},"4":{"start":{"line":52,"column":4},"end":{"line":52,"column":37}},"5":{"start":{"line":56,"column":4},"end":{"line":56,"column":23}},"6":{"start":{"line":60,"column":4},"end":{"line":67,"column":5}},"7":{"start":{"line":61,"column":21},"end":{"line":61,"column":53}},"8":{"start":{"line":62,"column":6},"end":{"line":66,"column":7}},"9":{"start":{"line":63,"column":8},"end":{"line":63,"column":59}},"10":{"start":{"line":65,"column":8},"end":{"line":65,"column":43}},"11":{"start":{"line":71,"column":4},"end":{"line":116,"column":6}},"12":{"start":{"line":46,"column":0},"end":{"line":46,"column":13}}},"fnMap":{"0":{"name":"(anonymous_9)","decl":{"start":{"line":50,"column":2},"end":{"line":50,"column":14}},"loc":{"start":{"line":50,"column":38},"end":{"line":53,"column":3}}},"1":{"name":"(anonymous_10)","decl":{"start":{"line":55,"column":9},"end":{"line":55,"column":18}},"loc":{"start":{"line":55,"column":18},"end":{"line":57,"column":3}}},"2":{"name":"(anonymous_11)","decl":{"start":{"line":59,"column":10},"end":{"line":59,"column":17}},"loc":{"start":{"line":59,"column":33},"end":{"line":68,"column":3}}},"3":{"name":"(anonymous_12)","decl":{"start":{"line":70,"column":10},"end":{"line":70,"column":21}},"loc":{"start":{"line":70,"column":21},"end":{"line":117,"column":3}}}},"branchMap":{"0":{"loc":{"start":{"line":50,"column":14},"end":{"line":50,"column":38}},"type":"default-arg","locations":[{"start":{"line":50,"column":32},"end":{"line":50,"column":38}}]},"1":{"loc":{"start":{"line":60,"column":4},"end":{"line":67,"column":5}},"type":"if","locations":[{"start":{"line":60,"column":4},"end":{"line":67,"column":5}},{"start":{},"end":{}}]},"2":{"loc":{"start":{"line":62,"column":6},"end":{"line":66,"column":7}},"type":"if","locations":[{"start":{"line":62,"column":6},"end":{"line":66,"column":7}},{"start":{"line":64,"column":13},"end":{"line":66,"column":7}}]},"3":{"loc":{"start":{"line":65,"column":23},"end":{"line":65,"column":42}},"type":"binary-expr","locations":[{"start":{"line":65,"column":23},"end":{"line":65,"column":36}},{"start":{"line":65,"column":40},"end":{"line":65,"column":42}}]},"4":{"loc":{"start":{"line":73,"column":27},"end":{"line":73,"column":67}},"type":"binary-expr","locations":[{"start":{"line":73,"column":27},"end":{"line":73,"column":59}},{"start":{"line":73,"column":63},"end":{"line":73,"column":67}}]},"5":{"loc":{"start":{"line":74,"column":30},"end":{"line":74,"column":76}},"type":"binary-expr","locations":[{"start":{"line":74,"column":30},"end":{"line":74,"column":65}},{"start":{"line":74,"column":69},"end":{"line":74,"column":76}}]},"6":{"loc":{"start":{"line":78,"column":15},"end":{"line":78,"column":64}},"type":"binary-expr","locations":[{"start":{"line":78,"column":15},"end":{"line":78,"column":52}},{"start":{"line":78,"column":56},"end":{"line":78,"column":64}}]},"7":{"loc":{"start":{"line":79,"column":24},"end":{"line":79,"column":64}},"type":"binary-expr","locations":[{"start":{"line":79,"column":24},"end":{"line":79,"column":54}},{"start":{"line":79,"column":58},"end":{"line":79,"column":64}}]},"8":{"loc":{"start":{"line":80,"column":25},"end":{"line":80,"column":66}},"type":"binary-expr","locations":[{"start":{"line":80,"column":25},"end":{"line":80,"column":56}},{"start":{"line":80,"column":60},"end":{"line":80,"column":66}}]},"9":{"loc":{"start":{"line":84,"column":20},"end":{"line":84,"column":75}},"type":"binary-expr","locations":[{"start":{"line":84,"column":20},"end":{"line":84,"column":65}},{"start":{"line":84,"column":69},"end":{"line":84,"column":75}}]},"10":{"loc":{"start":{"line":85,"column":27},"end":{"line":85,"column":72}},"type":"binary-expr","locations":[{"start":{"line":85,"column":27},"end":{"line":85,"column":64}},{"start":{"line":85,"column":68},"end":{"line":85,"column":72}}]},"11":{"loc":{"start":{"line":86,"column":28},"end":{"line":86,"column":76}},"type":"binary-expr","locations":[{"start":{"line":86,"column":28},"end":{"line":86,"column":66}},{"start":{"line":86,"column":70},"end":{"line":86,"column":76}}]},"12":{"loc":{"start":{"line":90,"column":23},"end":{"line":90,"column":61}},"type":"binary-expr","locations":[{"start":{"line":90,"column":23},"end":{"line":90,"column":51}},{"start":{"line":90,"column":55},"end":{"line":90,"column":61}}]},"13":{"loc":{"start":{"line":91,"column":14},"end":{"line":91,"column":57}},"type":"binary-expr","locations":[{"start":{"line":91,"column":14},"end":{"line":91,"column":42}},{"start":{"line":91,"column":46},"end":{"line":91,"column":57}}]},"14":{"loc":{"start":{"line":92,"column":27},"end":{"line":92,"column":68}},"type":"binary-expr","locations":[{"start":{"line":92,"column":27},"end":{"line":92,"column":60}},{"start":{"line":92,"column":64},"end":{"line":92,"column":68}}]},"15":{"loc":{"start":{"line":95,"column":18},"end":{"line":103,"column":21}},"type":"cond-expr","locations":[{"start":{"line":96,"column":12},"end":{"line":102,"column":null}},{"start":{"line":103,"column":12},"end":{"line":103,"column":21}}]},"16":{"loc":{"start":{"line":97,"column":20},"end":{"line":97,"column":64}},"type":"binary-expr","locations":[{"start":{"line":97,"column":20},"end":{"line":97,"column":49}},{"start":{"line":97,"column":53},"end":{"line":97,"column":64}}]},"17":{"loc":{"start":{"line":98,"column":29},"end":{"line":98,"column":68}},"type":"binary-expr","locations":[{"start":{"line":98,"column":29},"end":{"line":98,"column":58}},{"start":{"line":98,"column":62},"end":{"line":98,"column":68}}]},"18":{"loc":{"start":{"line":99,"column":24},"end":{"line":99,"column":74}},"type":"binary-expr","locations":[{"start":{"line":99,"column":24},"end":{"line":99,"column":57}},{"start":{"line":99,"column":61},"end":{"line":99,"column":74}}]},"19":{"loc":{"start":{"line":100,"column":20},"end":{"line":100,"column":63}},"type":"binary-expr","locations":[{"start":{"line":100,"column":20},"end":{"line":100,"column":49}},{"start":{"line":100,"column":53},"end":{"line":100,"column":63}}]},"20":{"loc":{"start":{"line":101,"column":24},"end":{"line":101,"column":63}},"type":"binary-expr","locations":[{"start":{"line":101,"column":24},"end":{"line":101,"column":57}},{"start":{"line":101,"column":61},"end":{"line":101,"column":63}}]},"21":{"loc":{"start":{"line":104,"column":17},"end":{"line":108,"column":21}},"type":"cond-expr","locations":[{"start":{"line":105,"column":12},"end":{"line":107,"column":null}},{"start":{"line":108,"column":12},"end":{"line":108,"column":21}}]},"22":{"loc":{"start":{"line":109,"column":15},"end":{"line":114,"column":21}},"type":"cond-expr","locations":[{"start":{"line":110,"column":12},"end":{"line":113,"column":null}},{"start":{"line":114,"column":12},"end":{"line":114,"column":21}}]},"23":{"loc":{"start":{"line":111,"column":20},"end":{"line":111,"column":61}},"type":"binary-expr","locations":[{"start":{"line":111,"column":20},"end":{"line":111,"column":46}},{"start":{"line":111,"column":50},"end":{"line":111,"column":61}}]},"24":{"loc":{"start":{"line":112,"column":29},"end":{"line":112,"column":65}},"type":"binary-expr","locations":[{"start":{"line":112,"column":29},"end":{"line":112,"column":55}},{"start":{"line":112,"column":59},"end":{"line":112,"column":65}}]}},"s":{"0":6,"1":6,"2":5,"3":5,"4":5,"5":5,"6":5,"7":5,"8":5,"9":0,"10":5,"11":5,"12":6},"f":{"0":5,"1":5,"2":5,"3":5},"b":{"0":[5],"1":[5,0],"2":[0,5],"3":[5,0],"4":[5,5],"5":[5,5],"6":[5,5],"7":[5,5],"8":[5,5],"9":[5,5],"10":[5,5],"11":[5,5],"12":[5,0],"13":[5,0],"14":[5,5],"15":[5,0],"16":[5,0],"17":[5,0],"18":[5,0],"19":[5,0],"20":[5,0],"21":[0,5],"22":[0,5],"23":[0,0],"24":[0,0]}}
,"C:\\AI\\LONGIN\\game-engine-2d\\src\\core\\engine.ts": {"path":"C:\\AI\\LONGIN\\game-engine-2d\\src\\core\\engine.ts","statementMap":{"0":{"start":{"line":1,"column":0},"end":{"line":1,"column":54}},"1":{"start":{"line":2,"column":0},"end":{"line":2,"column":65}},"2":{"start":{"line":3,"column":0},"end":{"line":3,"column":45}},"3":{"start":{"line":4,"column":0},"end":{"line":4,"column":54}},"4":{"start":{"line":5,"column":0},"end":{"line":5,"column":56}},"5":{"start":{"line":6,"column":0},"end":{"line":6,"column":59}},"6":{"start":{"line":7,"column":0},"end":{"line":7,"column":null}},"7":{"start":{"line":13,"column":0},"end":{"line":13,"column":61}},"8":{"start":{"line":14,"column":0},"end":{"line":14,"column":61}},"9":{"start":{"line":15,"column":0},"end":{"line":15,"column":57}},"10":{"start":{"line":16,"column":0},"end":{"line":16,"column":48}},"11":{"start":{"line":17,"column":0},"end":{"line":17,"column":60}},"12":{"start":{"line":18,"column":0},"end":{"line":18,"column":62}},"13":{"start":{"line":19,"column":0},"end":{"line":19,"column":76}},"14":{"start":{"line":20,"column":0},"end":{"line":20,"column":58}},"15":{"start":{"line":21,"column":0},"end":{"line":21,"column":52}},"16":{"start":{"line":22,"column":0},"end":{"line":22,"column":53}},"17":{"start":{"line":23,"column":0},"end":{"line":23,"column":51}},"18":{"start":{"line":24,"column":0},"end":{"line":24,"column":55}},"19":{"start":{"line":25,"column":0},"end":{"line":25,"column":51}},"20":{"start":{"line":26,"column":0},"end":{"line":26,"column":45}},"21":{"start":{"line":27,"column":0},"end":{"line":27,"column":41}},"22":{"start":{"line":29,"column":0},"end":{"line":29,"column":50}},"23":{"start":{"line":30,"column":0},"end":{"line":30,"column":63}},"24":{"start":{"line":31,"column":0},"end":{"line":31,"column":45}},"25":{"start":{"line":32,"column":0},"end":{"line":32,"column":39}},"26":{"start":{"line":33,"column":0},"end":{"line":33,"column":48}},"27":{"start":{"line":34,"column":0},"end":{"line":34,"column":53}},"28":{"start":{"line":35,"column":0},"end":{"line":35,"column":45}},"29":{"start":{"line":65,"column":4},"end":{"line":65,"column":24}},"30":{"start":{"line":66,"column":4},"end":{"line":66,"column":42}},"31":{"start":{"line":68,"column":4},"end":{"line":68,"column":45}},"32":{"start":{"line":69,"column":4},"end":{"line":69,"column":49}},"33":{"start":{"line":71,"column":4},"end":{"line":71,"column":49}},"34":{"start":{"line":72,"column":4},"end":{"line":72,"column":45}},"35":{"start":{"line":73,"column":4},"end":{"line":73,"column":65}},"36":{"start":{"line":76,"column":4},"end":{"line":76,"column":39}},"37":{"start":{"line":77,"column":4},"end":{"line":77,"column":30}},"38":{"start":{"line":79,"column":4},"end":{"line":79,"column":41}},"39":{"start":{"line":82,"column":4},"end":{"line":82,"column":60}},"40":{"start":{"line":83,"column":4},"end":{"line":83,"column":62}},"41":{"start":{"line":85,"column":4},"end":{"line":85,"column":49}},"42":{"start":{"line":86,"column":4},"end":{"line":86,"column":55}},"43":{"start":{"line":87,"column":4},"end":{"line":87,"column":55}},"44":{"start":{"line":88,"column":4},"end":{"line":88,"column":43}},"45":{"start":{"line":89,"column":4},"end":{"line":89,"column":43}},"46":{"start":{"line":90,"column":4},"end":{"line":90,"column":64}},"47":{"start":{"line":91,"column":4},"end":{"line":91,"column":53}},"48":{"start":{"line":94,"column":4},"end":{"line":97,"column":7}},"49":{"start":{"line":95,"column":6},"end":{"line":95,"column":56}},"50":{"start":{"line":96,"column":6},"end":{"line":96,"column":93}},"51":{"start":{"line":99,"column":4},"end":{"line":99,"column":47}},"52":{"start":{"line":100,"column":4},"end":{"line":100,"column":37}},"53":{"start":{"line":103,"column":4},"end":{"line":103,"column":78}},"54":{"start":{"line":104,"column":4},"end":{"line":104,"column":60}},"55":{"start":{"line":105,"column":4},"end":{"line":105,"column":60}},"56":{"start":{"line":107,"column":4},"end":{"line":107,"column":58}},"57":{"start":{"line":108,"column":4},"end":{"line":108,"column":60}},"58":{"start":{"line":109,"column":4},"end":{"line":109,"column":60}},"59":{"start":{"line":112,"column":4},"end":{"line":112,"column":56}},"60":{"start":{"line":113,"column":4},"end":{"line":113,"column":86}},"61":{"start":{"line":115,"column":4},"end":{"line":118,"column":5}},"62":{"start":{"line":116,"column":6},"end":{"line":116,"column":33}},"63":{"start":{"line":117,"column":6},"end":{"line":117,"column":38}},"64":{"start":{"line":120,"column":4},"end":{"line":125,"column":7}},"65":{"start":{"line":121,"column":6},"end":{"line":124,"column":7}},"66":{"start":{"line":122,"column":8},"end":{"line":122,"column":35}},"67":{"start":{"line":123,"column":8},"end":{"line":123,"column":40}},"68":{"start":{"line":127,"column":4},"end":{"line":131,"column":6}},"69":{"start":{"line":129,"column":14},"end":{"line":129,"column":29}},"70":{"start":{"line":130,"column":17},"end":{"line":130,"column":35}},"71":{"start":{"line":135,"column":4},"end":{"line":135,"column":71}},"72":{"start":{"line":136,"column":4},"end":{"line":136,"column":67}},"73":{"start":{"line":137,"column":4},"end":{"line":137,"column":69}},"74":{"start":{"line":138,"column":4},"end":{"line":138,"column":65}},"75":{"start":{"line":139,"column":4},"end":{"line":139,"column":71}},"76":{"start":{"line":140,"column":4},"end":{"line":140,"column":63}},"77":{"start":{"line":141,"column":4},"end":{"line":141,"column":83}},"78":{"start":{"line":142,"column":4},"end":{"line":142,"column":71}},"79":{"start":{"line":146,"column":20},"end":{"line":146,"column":61}},"80":{"start":{"line":147,"column":17},"end":{"line":149,"column":null}},"81":{"start":{"line":151,"column":4},"end":{"line":156,"column":5}},"82":{"start":{"line":152,"column":6},"end":{"line":152,"column":49}},"83":{"start":{"line":153,"column":6},"end":{"line":153,"column":48}},"84":{"start":{"line":155,"column":6},"end":{"line":155,"column":69}},"85":{"start":{"line":160,"column":4},"end":{"line":160,"column":52}},"86":{"start":{"line":160,"column":45},"end":{"line":160,"column":52}},"87":{"start":{"line":162,"column":17},"end":{"line":162,"column":53}},"88":{"start":{"line":163,"column":4},"end":{"line":166,"column":5}},"89":{"start":{"line":164,"column":6},"end":{"line":164,"column":51}},"90":{"start":{"line":165,"column":6},"end":{"line":165,"column":13}},"91":{"start":{"line":168,"column":34},"end":{"line":168,"column":72}},"92":{"start":{"line":170,"column":4},"end":{"line":170,"column":31}},"93":{"start":{"line":171,"column":4},"end":{"line":173,"column":5}},"94":{"start":{"line":172,"column":6},"end":{"line":172,"column":43}},"95":{"start":{"line":175,"column":4},"end":{"line":177,"column":5}},"96":{"start":{"line":176,"column":6},"end":{"line":176,"column":48}},"97":{"start":{"line":179,"column":4},"end":{"line":179,"column":49}},"98":{"start":{"line":183,"column":4},"end":{"line":183,"column":39}},"99":{"start":{"line":185,"column":4},"end":{"line":195,"column":5}},"100":{"start":{"line":186,"column":21},"end":{"line":186,"column":54}},"101":{"start":{"line":187,"column":6},"end":{"line":192,"column":7}},"102":{"start":{"line":188,"column":8},"end":{"line":188,"column":45}},"103":{"start":{"line":189,"column":8},"end":{"line":189,"column":45}},"104":{"start":{"line":191,"column":8},"end":{"line":191,"column":45}},"105":{"start":{"line":194,"column":6},"end":{"line":194,"column":39}},"106":{"start":{"line":197,"column":4},"end":{"line":200,"column":5}},"107":{"start":{"line":198,"column":6},"end":{"line":198,"column":36}},"108":{"start":{"line":199,"column":6},"end":{"line":199,"column":37}},"109":{"start":{"line":205,"column":4},"end":{"line":207,"column":6}},"110":{"start":{"line":206,"column":6},"end":{"line":206,"column":65}},"111":{"start":{"line":208,"column":4},"end":{"line":210,"column":6}},"112":{"start":{"line":209,"column":6},"end":{"line":209,"column":63}},"113":{"start":{"line":211,"column":4},"end":{"line":213,"column":6}},"114":{"start":{"line":212,"column":6},"end":{"line":212,"column":71}},"115":{"start":{"line":214,"column":4},"end":{"line":216,"column":6}},"116":{"start":{"line":215,"column":6},"end":{"line":215,"column":69}},"117":{"start":{"line":222,"column":4},"end":{"line":222,"column":38}},"118":{"start":{"line":223,"column":4},"end":{"line":223,"column":26}},"119":{"start":{"line":224,"column":4},"end":{"line":224,"column":44}},"120":{"start":{"line":228,"column":4},"end":{"line":228,"column":25}},"121":{"start":{"line":229,"column":4},"end":{"line":229,"column":44}},"122":{"start":{"line":233,"column":18},"end":{"line":233,"column":35}},"123":{"start":{"line":235,"column":4},"end":{"line":235,"column":41}},"124":{"start":{"line":237,"column":4},"end":{"line":237,"column":44}},"125":{"start":{"line":238,"column":4},"end":{"line":238,"column":37}},"126":{"start":{"line":239,"column":4},"end":{"line":239,"column":42}},"127":{"start":{"line":241,"column":4},"end":{"line":241,"column":47}},"128":{"start":{"line":243,"column":16},"end":{"line":243,"column":33}},"129":{"start":{"line":244,"column":4},"end":{"line":244,"column":52}},"130":{"start":{"line":248,"column":4},"end":{"line":248,"column":40}},"131":{"start":{"line":250,"column":4},"end":{"line":250,"column":26}},"132":{"start":{"line":254,"column":4},"end":{"line":254,"column":48}},"133":{"start":{"line":258,"column":19},"end":{"line":258,"column":59}},"134":{"start":{"line":259,"column":4},"end":{"line":259,"column":50}},"135":{"start":{"line":260,"column":4},"end":{"line":260,"column":86}},"136":{"start":{"line":261,"column":4},"end":{"line":261,"column":86}},"137":{"start":{"line":263,"column":16},"end":{"line":263,"column":42}},"138":{"start":{"line":264,"column":4},"end":{"line":266,"column":5}},"139":{"start":{"line":265,"column":6},"end":{"line":265,"column":33}},"140":{"start":{"line":269,"column":4},"end":{"line":275,"column":5}},"141":{"start":{"line":270,"column":21},"end":{"line":270,"column":61}},"142":{"start":{"line":273,"column":6},"end":{"line":273,"column":57}},"143":{"start":{"line":274,"column":6},"end":{"line":274,"column":33}},"144":{"start":{"line":279,"column":4},"end":{"line":279,"column":51}},"145":{"start":{"line":281,"column":4},"end":{"line":281,"column":38}},"146":{"start":{"line":290,"column":16},"end":{"line":290,"column":33}},"147":{"start":{"line":291,"column":4},"end":{"line":291,"column":87}},"148":{"start":{"line":299,"column":4},"end":{"line":299,"column":73}},"149":{"start":{"line":37,"column":0},"end":{"line":37,"column":13}},"150":{"start":{"line":304,"column":0},"end":{"line":308,"column":1}},"151":{"start":{"line":305,"column":17},"end":{"line":305,"column":29}},"152":{"start":{"line":307,"column":2},"end":{"line":307,"column":17}}},"fnMap":{"0":{"name":"(anonymous_0)","decl":{"start":{"line":64,"column":2},"end":{"line":64,"column":null}},"loc":{"start":{"line":64,"column":2},"end":{"line":132,"column":3}}},"1":{"name":"(anonymous_1)","decl":{"start":{"line":94,"column":32},"end":{"line":94,"column":33}},"loc":{"start":{"line":94,"column":51},"end":{"line":97,"column":5}}},"2":{"name":"(anonymous_2)","decl":{"start":{"line":120,"column":41},"end":{"line":120,"column":42}},"loc":{"start":{"line":120,"column":57},"end":{"line":125,"column":5}}},"3":{"name":"(anonymous_3)","decl":{"start":{"line":129,"column":6},"end":{"line":129,"column":7}},"loc":{"start":{"line":129,"column":14},"end":{"line":129,"column":29}}},"4":{"name":"(anonymous_4)","decl":{"start":{"line":130,"column":6},"end":{"line":130,"column":7}},"loc":{"start":{"line":130,"column":17},"end":{"line":130,"column":35}}},"5":{"name":"(anonymous_5)","decl":{"start":{"line":134,"column":10},"end":{"line":134,"column":28}},"loc":{"start":{"line":134,"column":28},"end":{"line":143,"column":3}}},"6":{"name":"(anonymous_6)","decl":{"start":{"line":145,"column":9},"end":{"line":145,"column":17}},"loc":{"start":{"line":145,"column":30},"end":{"line":157,"column":3}}},"7":{"name":"(anonymous_7)","decl":{"start":{"line":159,"column":9},"end":{"line":159,"column":17}},"loc":{"start":{"line":159,"column":30},"end":{"line":180,"column":3}}},"8":{"name":"(anonymous_8)","decl":{"start":{"line":182,"column":9},"end":{"line":182,"column":19}},"loc":{"start":{"line":182,"column":36},"end":{"line":201,"column":3}}},"9":{"name":"(anonymous_9)","decl":{"start":{"line":203,"column":10},"end":{"line":203,"column":33}},"loc":{"start":{"line":203,"column":33},"end":{"line":219,"column":3}}},"10":{"name":"(anonymous_10)","decl":{"start":{"line":205,"column":41},"end":{"line":205,"column":42}},"loc":{"start":{"line":206,"column":6},"end":{"line":206,"column":65}}},"11":{"name":"(anonymous_11)","decl":{"start":{"line":208,"column":39},"end":{"line":208,"column":40}},"loc":{"start":{"line":209,"column":6},"end":{"line":209,"column":63}}},"12":{"name":"(anonymous_12)","decl":{"start":{"line":211,"column":43},"end":{"line":211,"column":44}},"loc":{"start":{"line":212,"column":6},"end":{"line":212,"column":71}}},"13":{"name":"(anonymous_13)","decl":{"start":{"line":214,"column":41},"end":{"line":214,"column":42}},"loc":{"start":{"line":215,"column":6},"end":{"line":215,"column":69}}},"14":{"name":"(anonymous_14)","decl":{"start":{"line":221,"column":9},"end":{"line":221,"column":14}},"loc":{"start":{"line":221,"column":14},"end":{"line":225,"column":3}}},"15":{"name":"(anonymous_15)","decl":{"start":{"line":227,"column":9},"end":{"line":227,"column":13}},"loc":{"start":{"line":227,"column":13},"end":{"line":230,"column":3}}},"16":{"name":"(anonymous_16)","decl":{"start":{"line":232,"column":10},"end":{"line":232,"column":16}},"loc":{"start":{"line":232,"column":34},"end":{"line":245,"column":3}}},"17":{"name":"(anonymous_17)","decl":{"start":{"line":247,"column":10},"end":{"line":247,"column":16}},"loc":{"start":{"line":247,"column":38},"end":{"line":300,"column":3}}}},"branchMap":{"0":{"loc":{"start":{"line":115,"column":4},"end":{"line":118,"column":5}},"type":"if","locations":[{"start":{"line":115,"column":4},"end":{"line":118,"column":5}},{"start":{},"end":{}}]},"1":{"loc":{"start":{"line":121,"column":6},"end":{"line":124,"column":7}},"type":"if","locations":[{"start":{"line":121,"column":6},"end":{"line":124,"column":7}},{"start":{},"end":{}}]},"2":{"loc":{"start":{"line":149,"column":6},"end":{"line":149,"column":26}},"type":"binary-expr","locations":[{"start":{"line":149,"column":6},"end":{"line":149,"column":13}},{"start":{"line":149,"column":17},"end":{"line":149,"column":26}}]},"3":{"loc":{"start":{"line":151,"column":4},"end":{"line":156,"column":5}},"type":"if","locations":[{"start":{"line":151,"column":4},"end":{"line":156,"column":5}},{"start":{"line":154,"column":11},"end":{"line":156,"column":5}}]},"4":{"loc":{"start":{"line":160,"column":4},"end":{"line":160,"column":52}},"type":"if","locations":[{"start":{"line":160,"column":4},"end":{"line":160,"column":52}},{"start":{},"end":{}}]},"5":{"loc":{"start":{"line":163,"column":4},"end":{"line":166,"column":5}},"type":"if","locations":[{"start":{"line":163,"column":4},"end":{"line":166,"column":5}},{"start":{},"end":{}}]},"6":{"loc":{"start":{"line":175,"column":4},"end":{"line":177,"column":5}},"type":"if","locations":[{"start":{"line":175,"column":4},"end":{"line":177,"column":5}},{"start":{},"end":{}}]},"7":{"loc":{"start":{"line":185,"column":4},"end":{"line":195,"column":5}},"type":"if","locations":[{"start":{"line":185,"column":4},"end":{"line":195,"column":5}},{"start":{},"end":{}}]},"8":{"loc":{"start":{"line":187,"column":6},"end":{"line":192,"column":7}},"type":"if","locations":[{"start":{"line":187,"column":6},"end":{"line":192,"column":7}},{"start":{"line":190,"column":13},"end":{"line":192,"column":7}}]},"9":{"loc":{"start":{"line":197,"column":4},"end":{"line":200,"column":5}},"type":"if","locations":[{"start":{"line":197,"column":4},"end":{"line":200,"column":5}},{"start":{},"end":{}}]},"10":{"loc":{"start":{"line":259,"column":29},"end":{"line":259,"column":48}},"type":"binary-expr","locations":[{"start":{"line":259,"column":29},"end":{"line":259,"column":35}},{"start":{"line":259,"column":39},"end":{"line":259,"column":48}}]},"11":{"loc":{"start":{"line":260,"column":65},"end":{"line":260,"column":84}},"type":"binary-expr","locations":[{"start":{"line":260,"column":65},"end":{"line":260,"column":71}},{"start":{"line":260,"column":75},"end":{"line":260,"column":84}}]},"12":{"loc":{"start":{"line":261,"column":65},"end":{"line":261,"column":84}},"type":"binary-expr","locations":[{"start":{"line":261,"column":65},"end":{"line":261,"column":71}},{"start":{"line":261,"column":75},"end":{"line":261,"column":84}}]},"13":{"loc":{"start":{"line":264,"column":4},"end":{"line":266,"column":5}},"type":"if","locations":[{"start":{"line":264,"column":4},"end":{"line":266,"column":5}},{"start":{},"end":{}}]},"14":{"loc":{"start":{"line":269,"column":4},"end":{"line":275,"column":5}},"type":"if","locations":[{"start":{"line":269,"column":4},"end":{"line":275,"column":5}},{"start":{},"end":{}}]},"15":{"loc":{"start":{"line":269,"column":8},"end":{"line":269,"column":65}},"type":"binary-expr","locations":[{"start":{"line":269,"column":8},"end":{"line":269,"column":32}},{"start":{"line":269,"column":36},"end":{"line":269,"column":65}}]},"16":{"loc":{"start":{"line":273,"column":36},"end":{"line":273,"column":55}},"type":"binary-expr","locations":[{"start":{"line":273,"column":36},"end":{"line":273,"column":42}},{"start":{"line":273,"column":46},"end":{"line":273,"column":55}}]},"17":{"loc":{"start":{"line":304,"column":0},"end":{"line":308,"column":1}},"type":"if","locations":[{"start":{"line":304,"column":0},"end":{"line":308,"column":1}},{"start":{},"end":{}}]}},"s":{"0":3,"1":3,"2":3,"3":3,"4":3,"5":3,"6":3,"7":3,"8":3,"9":3,"10":3,"11":3,"12":3,"13":3,"14":3,"15":3,"16":3,"17":3,"18":3,"19":3,"20":3,"21":3,"22":3,"23":3,"24":3,"25":3,"26":3,"27":3,"28":3,"29":3,"30":3,"31":3,"32":3,"33":3,"34":3,"35":3,"36":3,"37":3,"38":3,"39":3,"40":3,"41":3,"42":3,"43":3,"44":3,"45":3,"46":3,"47":3,"48":3,"49":0,"50":0,"51":3,"52":3,"53":3,"54":3,"55":3,"56":3,"57":3,"58":3,"59":3,"60":3,"61":3,"62":0,"63":0,"64":3,"65":2,"66":0,"67":0,"68":3,"69":39,"70":28,"71":3,"72":3,"73":3,"74":3,"75":3,"76":3,"77":3,"78":3,"79":0,"80":0,"81":0,"82":0,"83":0,"84":0,"85":0,"86":0,"87":0,"88":0,"89":0,"90":0,"91":0,"92":0,"93":0,"94":0,"95":0,"96":0,"97":0,"98":1,"99":1,"100":1,"101":1,"102":1,"103":1,"104":0,"105":1,"106":1,"107":1,"108":1,"109":1,"110":1,"111":1,"112":0,"113":1,"114":0,"115":1,"116":0,"117":2,"118":2,"119":2,"120":3,"121":3,"122":39,"123":39,"124":39,"125":39,"126":39,"127":39,"128":39,"129":39,"130":28,"131":28,"132":28,"133":28,"134":28,"135":28,"136":28,"137":28,"138":28,"139":0,"140":28,"141":0,"142":0,"143":0,"144":28,"145":28,"146":28,"147":28,"148":28,"149":3,"150":3,"151":0,"152":0},"f":{"0":3,"1":0,"2":2,"3":39,"4":28,"5":3,"6":0,"7":0,"8":1,"9":1,"10":1,"11":0,"12":0,"13":0,"14":2,"15":3,"16":39,"17":28},"b":{"0":[0,3],"1":[0,2],"2":[0,0],"3":[0,0],"4":[0,0],"5":[0,0],"6":[0,0],"7":[1,0],"8":[1,0],"9":[1,0],"10":[28,28],"11":[28,28],"12":[28,28],"13":[0,28],"14":[0,28],"15":[28,28],"16":[0,0],"17":[0,3]}}
,"C:\\AI\\LONGIN\\game-engine-2d\\src\\core\\event-system.ts": {"path":"C:\\AI\\LONGIN\\game-engine-2d\\src\\core\\event-system.ts","statementMap":{"0":{"start":{"line":1,"column":0},"end":{"line":1,"column":41}},"1":{"start":{"line":13,"column":4},"end":{"line":13,"column":31}},"2":{"start":{"line":17,"column":4},"end":{"line":19,"column":5}},"3":{"start":{"line":18,"column":6},"end":{"line":18,"column":47}},"4":{"start":{"line":20,"column":4},"end":{"line":20,"column":32}},"5":{"start":{"line":27,"column":4},"end":{"line":29,"column":5}},"6":{"start":{"line":28,"column":6},"end":{"line":28,"column":36}},"7":{"start":{"line":30,"column":4},"end":{"line":30,"column":46}},"8":{"start":{"line":38,"column":4},"end":{"line":38,"column":43}},"9":{"start":{"line":38,"column":36},"end":{"line":38,"column":43}},"10":{"start":{"line":40,"column":22},"end":{"line":40,"column":48}},"11":{"start":{"line":41,"column":18},"end":{"line":41,"column":45}},"12":{"start":{"line":43,"column":4},"end":{"line":45,"column":5}},"13":{"start":{"line":44,"column":6},"end":{"line":44,"column":33}},"14":{"start":{"line":52,"column":4},"end":{"line":52,"column":43}},"15":{"start":{"line":52,"column":36},"end":{"line":52,"column":43}},"16":{"start":{"line":54,"column":22},"end":{"line":54,"column":48}},"17":{"start":{"line":55,"column":4},"end":{"line":61,"column":7}},"18":{"start":{"line":56,"column":6},"end":{"line":60,"column":7}},"19":{"start":{"line":57,"column":8},"end":{"line":57,"column":23}},"20":{"start":{"line":59,"column":8},"end":{"line":59,"column":84}},"21":{"start":{"line":68,"column":4},"end":{"line":68,"column":27}},"22":{"start":{"line":8,"column":0},"end":{"line":8,"column":13}}},"fnMap":{"0":{"name":"(anonymous_0)","decl":{"start":{"line":12,"column":2},"end":{"line":12,"column":null}},"loc":{"start":{"line":12,"column":2},"end":{"line":14,"column":3}}},"1":{"name":"(anonymous_1)","decl":{"start":{"line":16,"column":9},"end":{"line":16,"column":15}},"loc":{"start":{"line":16,"column":27},"end":{"line":21,"column":3}}},"2":{"name":"(anonymous_2)","decl":{"start":{"line":26,"column":9},"end":{"line":26,"column":11}},"loc":{"start":{"line":26,"column":56},"end":{"line":32,"column":3}}},"3":{"name":"(anonymous_3)","decl":{"start":{"line":37,"column":9},"end":{"line":37,"column":12}},"loc":{"start":{"line":37,"column":57},"end":{"line":46,"column":3}}},"4":{"name":"(anonymous_4)","decl":{"start":{"line":51,"column":9},"end":{"line":51,"column":13}},"loc":{"start":{"line":51,"column":40},"end":{"line":62,"column":3}}},"5":{"name":"(anonymous_5)","decl":{"start":{"line":55,"column":22},"end":{"line":55,"column":23}},"loc":{"start":{"line":55,"column":35},"end":{"line":61,"column":5}}},"6":{"name":"(anonymous_6)","decl":{"start":{"line":67,"column":9},"end":{"line":67,"column":14}},"loc":{"start":{"line":67,"column":14},"end":{"line":69,"column":3}}}},"branchMap":{"0":{"loc":{"start":{"line":17,"column":4},"end":{"line":19,"column":5}},"type":"if","locations":[{"start":{"line":17,"column":4},"end":{"line":19,"column":5}},{"start":{},"end":{}}]},"1":{"loc":{"start":{"line":27,"column":4},"end":{"line":29,"column":5}},"type":"if","locations":[{"start":{"line":27,"column":4},"end":{"line":29,"column":5}},{"start":{},"end":{}}]},"2":{"loc":{"start":{"line":38,"column":4},"end":{"line":38,"column":43}},"type":"if","locations":[{"start":{"line":38,"column":4},"end":{"line":38,"column":43}},{"start":{},"end":{}}]},"3":{"loc":{"start":{"line":43,"column":4},"end":{"line":45,"column":5}},"type":"if","locations":[{"start":{"line":43,"column":4},"end":{"line":45,"column":5}},{"start":{},"end":{}}]},"4":{"loc":{"start":{"line":52,"column":4},"end":{"line":52,"column":43}},"type":"if","locations":[{"start":{"line":52,"column":4},"end":{"line":52,"column":43}},{"start":{},"end":{}}]}},"s":{"0":17,"1":11,"2":52,"3":11,"4":52,"5":50,"6":26,"7":50,"8":1,"9":0,"10":1,"11":1,"12":1,"13":1,"14":102,"15":94,"16":8,"17":8,"18":12,"19":12,"20":0,"21":3,"22":17},"f":{"0":11,"1":52,"2":50,"3":1,"4":102,"5":12,"6":3},"b":{"0":[11,41],"1":[26,24],"2":[0,1],"3":[1,0],"4":[94,8]}}
,"C:\\AI\\LONGIN\\game-engine-2d\\src\\core\\game-loop.ts": {"path":"C:\\AI\\LONGIN\\game-engine-2d\\src\\core\\game-loop.ts","statementMap":{"0":{"start":{"line":1,"column":0},"end":{"line":1,"column":41}},"1":{"start":{"line":7,"column":10},"end":{"line":7,"column":35}},"2":{"start":{"line":8,"column":10},"end":{"line":8,"column":31}},"3":{"start":{"line":9,"column":10},"end":{"line":9,"column":34}},"4":{"start":{"line":45,"column":10},"end":{"line":72,"column":4}},"5":{"start":{"line":46,"column":4},"end":{"line":46,"column":30}},"6":{"start":{"line":46,"column":23},"end":{"line":46,"column":30}},"7":{"start":{"line":48,"column":24},"end":{"line":48,"column":34}},"8":{"start":{"line":49,"column":20},"end":{"line":49,"column":47}},"9":{"start":{"line":52,"column":4},"end":{"line":52,"column":43}},"10":{"start":{"line":52,"column":26},"end":{"line":52,"column":43}},"11":{"start":{"line":54,"column":4},"end":{"line":54,"column":32}},"12":{"start":{"line":55,"column":4},"end":{"line":55,"column":34}},"13":{"start":{"line":57,"column":4},"end":{"line":60,"column":5}},"14":{"start":{"line":58,"column":6},"end":{"line":58,"column":37}},"15":{"start":{"line":59,"column":6},"end":{"line":59,"column":36}},"16":{"start":{"line":62,"column":26},"end":{"line":62,"column":54}},"17":{"start":{"line":63,"column":4},"end":{"line":63,"column":39}},"18":{"start":{"line":65,"column":4},"end":{"line":71,"column":5}},"19":{"start":{"line":66,"column":6},"end":{"line":66,"column":50}},"20":{"start":{"line":69,"column":23},"end":{"line":69,"column":83}},"21":{"start":{"line":70,"column":6},"end":{"line":70,"column":38}},"22":{"start":{"line":17,"column":4},"end":{"line":17,"column":29}},"23":{"start":{"line":18,"column":4},"end":{"line":18,"column":29}},"24":{"start":{"line":19,"column":4},"end":{"line":19,"column":33}},"25":{"start":{"line":20,"column":4},"end":{"line":20,"column":33}},"26":{"start":{"line":24,"column":4},"end":{"line":24,"column":29}},"27":{"start":{"line":24,"column":22},"end":{"line":24,"column":29}},"28":{"start":{"line":25,"column":4},"end":{"line":25,"column":24}},"29":{"start":{"line":26,"column":4},"end":{"line":26,"column":31}},"30":{"start":{"line":27,"column":4},"end":{"line":27,"column":25}},"31":{"start":{"line":28,"column":4},"end":{"line":28,"column":59}},"32":{"start":{"line":30,"column":4},"end":{"line":30,"column":16}},"33":{"start":{"line":34,"column":4},"end":{"line":34,"column":25}},"34":{"start":{"line":35,"column":4},"end":{"line":35,"column":36}},"35":{"start":{"line":39,"column":4},"end":{"line":41,"column":5}},"36":{"start":{"line":40,"column":6},"end":{"line":40,"column":38}},"37":{"start":{"line":42,"column":4},"end":{"line":42,"column":29}},"38":{"start":{"line":6,"column":0},"end":{"line":6,"column":13}}},"fnMap":{"0":{"name":"(anonymous_0)","decl":{"start":{"line":16,"column":2},"end":{"line":16,"column":14}},"loc":{"start":{"line":16,"column":83},"end":{"line":21,"column":3}}},"1":{"name":"(anonymous_1)","decl":{"start":{"line":45,"column":17},"end":{"line":45,"column":26}},"loc":{"start":{"line":45,"column":28},"end":{"line":72,"column":3}}},"2":{"name":"(anonymous_2)","decl":{"start":{"line":23,"column":9},"end":{"line":23,"column":14}},"loc":{"start":{"line":23,"column":14},"end":{"line":31,"column":3}}},"3":{"name":"(anonymous_3)","decl":{"start":{"line":33,"column":9},"end":{"line":33,"column":13}},"loc":{"start":{"line":33,"column":13},"end":{"line":36,"column":3}}},"4":{"name":"(anonymous_4)","decl":{"start":{"line":38,"column":10},"end":{"line":38,"column":13}},"loc":{"start":{"line":38,"column":13},"end":{"line":43,"column":3}}}},"branchMap":{"0":{"loc":{"start":{"line":16,"column":14},"end":{"line":16,"column":35}},"type":"default-arg","locations":[{"start":{"line":16,"column":33},"end":{"line":16,"column":35}}]},"1":{"loc":{"start":{"line":46,"column":4},"end":{"line":46,"column":30}},"type":"if","locations":[{"start":{"line":46,"column":4},"end":{"line":46,"column":30}},{"start":{},"end":{}}]},"2":{"loc":{"start":{"line":52,"column":4},"end":{"line":52,"column":43}},"type":"if","locations":[{"start":{"line":52,"column":4},"end":{"line":52,"column":43}},{"start":{},"end":{}}]},"3":{"loc":{"start":{"line":65,"column":4},"end":{"line":71,"column":5}},"type":"if","locations":[{"start":{"line":65,"column":4},"end":{"line":71,"column":5}},{"start":{"line":67,"column":11},"end":{"line":71,"column":5}}]},"4":{"loc":{"start":{"line":24,"column":4},"end":{"line":24,"column":29}},"type":"if","locations":[{"start":{"line":24,"column":4},"end":{"line":24,"column":29}},{"start":{},"end":{}}]},"5":{"loc":{"start":{"line":39,"column":4},"end":{"line":41,"column":5}},"type":"if","locations":[{"start":{"line":39,"column":4},"end":{"line":41,"column":5}},{"start":{},"end":{}}]},"6":{"loc":{"start":{"line":39,"column":8},"end":{"line":39,"column":61}},"type":"binary-expr","locations":[{"start":{"line":39,"column":8},"end":{"line":39,"column":42}},{"start":{"line":39,"column":46},"end":{"line":39,"column":61}}]}},"s":{"0":3,"1":3,"2":3,"3":3,"4":3,"5":28,"6":0,"7":28,"8":28,"9":28,"10":0,"11":28,"12":28,"13":28,"14":39,"15":39,"16":28,"17":28,"18":28,"19":0,"20":28,"21":28,"22":3,"23":3,"24":3,"25":3,"26":2,"27":0,"28":2,"29":2,"30":2,"31":2,"32":2,"33":3,"34":3,"35":58,"36":58,"37":0,"38":3},"f":{"0":3,"1":28,"2":2,"3":3,"4":58},"b":{"0":[0],"1":[0,28],"2":[0,28],"3":[0,28],"4":[0,2],"5":[58,0],"6":[58,58]}}
,"C:\\AI\\LONGIN\\game-engine-2d\\src\\core\\game-state.ts": {"path":"C:\\AI\\LONGIN\\game-engine-2d\\src\\core\\game-state.ts","statementMap":{"0":{"start":{"line":2,"column":0},"end":{"line":2,"column":41}},"1":{"start":{"line":20,"column":10},"end":{"line":20,"column":44}},"2":{"start":{"line":24,"column":4},"end":{"line":24,"column":25}},"3":{"start":{"line":25,"column":4},"end":{"line":25,"column":28}},"4":{"start":{"line":29,"column":4},"end":{"line":29,"column":39}},"5":{"start":{"line":33,"column":4},"end":{"line":36,"column":5}},"6":{"start":{"line":34,"column":6},"end":{"line":34,"column":64}},"7":{"start":{"line":35,"column":6},"end":{"line":35,"column":13}},"8":{"start":{"line":38,"column":4},"end":{"line":40,"column":5}},"9":{"start":{"line":39,"column":6},"end":{"line":39,"column":44}},"10":{"start":{"line":42,"column":4},"end":{"line":42,"column":47}},"11":{"start":{"line":43,"column":4},"end":{"line":43,"column":43}},"12":{"start":{"line":44,"column":4},"end":{"line":44,"column":63}},"13":{"start":{"line":48,"column":4},"end":{"line":50,"column":5}},"14":{"start":{"line":49,"column":6},"end":{"line":49,"column":57}},"15":{"start":{"line":54,"column":4},"end":{"line":56,"column":5}},"16":{"start":{"line":55,"column":6},"end":{"line":55,"column":61}},"17":{"start":{"line":60,"column":4},"end":{"line":60,"column":61}},"18":{"start":{"line":64,"column":4},"end":{"line":64,"column":99}},"19":{"start":{"line":68,"column":4},"end":{"line":70,"column":13}},"20":{"start":{"line":74,"column":4},"end":{"line":76,"column":5}},"21":{"start":{"line":75,"column":6},"end":{"line":75,"column":44}},"22":{"start":{"line":18,"column":0},"end":{"line":18,"column":13}}},"fnMap":{"0":{"name":"(anonymous_0)","decl":{"start":{"line":23,"column":2},"end":{"line":23,"column":14}},"loc":{"start":{"line":23,"column":28},"end":{"line":26,"column":3}}},"1":{"name":"(anonymous_1)","decl":{"start":{"line":28,"column":9},"end":{"line":28,"column":22}},"loc":{"start":{"line":28,"column":35},"end":{"line":30,"column":3}}},"2":{"name":"(anonymous_2)","decl":{"start":{"line":32,"column":9},"end":{"line":32,"column":20}},"loc":{"start":{"line":32,"column":33},"end":{"line":45,"column":3}}},"3":{"name":"(anonymous_3)","decl":{"start":{"line":47,"column":9},"end":{"line":47,"column":15}},"loc":{"start":{"line":47,"column":33},"end":{"line":51,"column":3}}},"4":{"name":"(anonymous_4)","decl":{"start":{"line":53,"column":9},"end":{"line":53,"column":15}},"loc":{"start":{"line":53,"column":37},"end":{"line":57,"column":3}}},"5":{"name":"(anonymous_5)","decl":{"start":{"line":59,"column":9},"end":{"line":59,"column":24}},"loc":{"start":{"line":59,"column":24},"end":{"line":61,"column":3}}},"6":{"name":"(anonymous_6)","decl":{"start":{"line":63,"column":9},"end":{"line":63,"column":25}},"loc":{"start":{"line":63,"column":25},"end":{"line":65,"column":3}}},"7":{"name":"(anonymous_7)","decl":{"start":{"line":67,"column":9},"end":{"line":67,"column":26}},"loc":{"start":{"line":67,"column":26},"end":{"line":71,"column":3}}},"8":{"name":"(anonymous_8)","decl":{"start":{"line":73,"column":9},"end":{"line":73,"column":19}},"loc":{"start":{"line":73,"column":36},"end":{"line":77,"column":3}}}},"branchMap":{"0":{"loc":{"start":{"line":33,"column":4},"end":{"line":36,"column":5}},"type":"if","locations":[{"start":{"line":33,"column":4},"end":{"line":36,"column":5}},{"start":{},"end":{}}]},"1":{"loc":{"start":{"line":38,"column":4},"end":{"line":40,"column":5}},"type":"if","locations":[{"start":{"line":38,"column":4},"end":{"line":40,"column":5}},{"start":{},"end":{}}]},"2":{"loc":{"start":{"line":48,"column":4},"end":{"line":50,"column":5}},"type":"if","locations":[{"start":{"line":48,"column":4},"end":{"line":50,"column":5}},{"start":{},"end":{}}]},"3":{"loc":{"start":{"line":54,"column":4},"end":{"line":56,"column":5}},"type":"if","locations":[{"start":{"line":54,"column":4},"end":{"line":56,"column":5}},{"start":{},"end":{}}]},"4":{"loc":{"start":{"line":60,"column":11},"end":{"line":60,"column":60}},"type":"cond-expr","locations":[{"start":{"line":60,"column":31},"end":{"line":60,"column":53}},{"start":{"line":60,"column":56},"end":{"line":60,"column":60}}]},"5":{"loc":{"start":{"line":64,"column":11},"end":{"line":64,"column":98}},"type":"cond-expr","locations":[{"start":{"line":64,"column":62},"end":{"line":64,"column":91}},{"start":{"line":64,"column":94},"end":{"line":64,"column":98}}]},"6":{"loc":{"start":{"line":64,"column":11},"end":{"line":64,"column":59}},"type":"binary-expr","locations":[{"start":{"line":64,"column":11},"end":{"line":64,"column":28}},{"start":{"line":64,"column":32},"end":{"line":64,"column":59}}]},"7":{"loc":{"start":{"line":68,"column":11},"end":{"line":70,"column":12}},"type":"cond-expr","locations":[{"start":{"line":69,"column":8},"end":{"line":69,"column":38}},{"start":{"line":70,"column":8},"end":{"line":70,"column":12}}]},"8":{"loc":{"start":{"line":68,"column":11},"end":{"line":68,"column":60}},"type":"binary-expr","locations":[{"start":{"line":68,"column":11},"end":{"line":68,"column":28}},{"start":{"line":68,"column":32},"end":{"line":68,"column":60}}]},"9":{"loc":{"start":{"line":74,"column":4},"end":{"line":76,"column":5}},"type":"if","locations":[{"start":{"line":74,"column":4},"end":{"line":76,"column":5}},{"start":{},"end":{}}]},"10":{"loc":{"start":{"line":74,"column":8},"end":{"line":74,"column":57}},"type":"binary-expr","locations":[{"start":{"line":74,"column":8},"end":{"line":74,"column":25}},{"start":{"line":74,"column":29},"end":{"line":74,"column":57}}]}},"s":{"0":4,"1":8,"2":8,"3":8,"4":5,"5":6,"6":1,"7":1,"8":5,"9":1,"10":5,"11":5,"12":5,"13":40,"14":1,"15":29,"16":1,"17":4,"18":28,"19":0,"20":0,"21":0,"22":4},"f":{"0":8,"1":5,"2":6,"3":40,"4":29,"5":4,"6":28,"7":0,"8":0},"b":{"0":[1,5],"1":[1,4],"2":[1,39],"3":[1,28],"4":[3,1],"5":[0,28],"6":[28,0],"7":[0,0],"8":[0,0],"9":[0,0],"10":[0,0]}}
,"C:\\AI\\LONGIN\\game-engine-2d\\src\\core\\resource-manager.ts": {"path":"C:\\AI\\LONGIN\\game-engine-2d\\src\\core\\resource-manager.ts","statementMap":{"0":{"start":{"line":1,"column":0},"end":{"line":1,"column":41}},"1":{"start":{"line":9,"column":4},"end":{"line":9,"column":28}},"2":{"start":{"line":10,"column":4},"end":{"line":10,"column":28}},"3":{"start":{"line":11,"column":4},"end":{"line":11,"column":26}},"4":{"start":{"line":15,"column":4},"end":{"line":17,"column":5}},"5":{"start":{"line":16,"column":6},"end":{"line":16,"column":35}},"6":{"start":{"line":19,"column":4},"end":{"line":40,"column":7}},"7":{"start":{"line":20,"column":6},"end":{"line":27,"column":7}},"8":{"start":{"line":22,"column":8},"end":{"line":22,"column":88}},"9":{"start":{"line":23,"column":24},"end":{"line":23,"column":64}},"10":{"start":{"line":24,"column":8},"end":{"line":24,"column":38}},"11":{"start":{"line":25,"column":8},"end":{"line":25,"column":25}},"12":{"start":{"line":26,"column":8},"end":{"line":26,"column":15}},"13":{"start":{"line":29,"column":18},"end":{"line":29,"column":29}},"14":{"start":{"line":30,"column":6},"end":{"line":34,"column":8}},"15":{"start":{"line":31,"column":8},"end":{"line":31,"column":34}},"16":{"start":{"line":32,"column":8},"end":{"line":32,"column":44}},"17":{"start":{"line":33,"column":8},"end":{"line":33,"column":21}},"18":{"start":{"line":35,"column":6},"end":{"line":38,"column":8}},"19":{"start":{"line":36,"column":8},"end":{"line":36,"column":77}},"20":{"start":{"line":37,"column":8},"end":{"line":37,"column":20}},"21":{"start":{"line":39,"column":6},"end":{"line":39,"column":20}},"22":{"start":{"line":44,"column":4},"end":{"line":46,"column":5}},"23":{"start":{"line":45,"column":6},"end":{"line":45,"column":35}},"24":{"start":{"line":48,"column":4},"end":{"line":69,"column":7}},"25":{"start":{"line":49,"column":6},"end":{"line":56,"column":7}},"26":{"start":{"line":51,"column":8},"end":{"line":51,"column":88}},"27":{"start":{"line":52,"column":26},"end":{"line":52,"column":45}},"28":{"start":{"line":53,"column":8},"end":{"line":53,"column":40}},"29":{"start":{"line":54,"column":8},"end":{"line":54,"column":27}},"30":{"start":{"line":55,"column":8},"end":{"line":55,"column":15}},"31":{"start":{"line":58,"column":20},"end":{"line":58,"column":31}},"32":{"start":{"line":59,"column":6},"end":{"line":63,"column":8}},"33":{"start":{"line":60,"column":8},"end":{"line":60,"column":36}},"34":{"start":{"line":61,"column":8},"end":{"line":61,"column":44}},"35":{"start":{"line":62,"column":8},"end":{"line":62,"column":23}},"36":{"start":{"line":64,"column":6},"end":{"line":67,"column":8}},"37":{"start":{"line":65,"column":8},"end":{"line":65,"column":77}},"38":{"start":{"line":66,"column":8},"end":{"line":66,"column":20}},"39":{"start":{"line":68,"column":6},"end":{"line":68,"column":22}},"40":{"start":{"line":73,"column":4},"end":{"line":75,"column":5}},"41":{"start":{"line":74,"column":6},"end":{"line":74,"column":32}},"42":{"start":{"line":77,"column":4},"end":{"line":87,"column":5}},"43":{"start":{"line":79,"column":23},"end":{"line":79,"column":39}},"44":{"start":{"line":80,"column":19},"end":{"line":80,"column":40}},"45":{"start":{"line":81,"column":6},"end":{"line":81,"column":31}},"46":{"start":{"line":82,"column":6},"end":{"line":82,"column":41}},"47":{"start":{"line":83,"column":6},"end":{"line":83,"column":18}},"48":{"start":{"line":85,"column":6},"end":{"line":85,"column":66}},"49":{"start":{"line":86,"column":6},"end":{"line":86,"column":18}},"50":{"start":{"line":91,"column":4},"end":{"line":91,"column":32}},"51":{"start":{"line":95,"column":4},"end":{"line":95,"column":32}},"52":{"start":{"line":99,"column":4},"end":{"line":99,"column":30}},"53":{"start":{"line":103,"column":4},"end":{"line":103,"column":24}},"54":{"start":{"line":104,"column":4},"end":{"line":104,"column":24}},"55":{"start":{"line":105,"column":4},"end":{"line":105,"column":22}},"56":{"start":{"line":3,"column":0},"end":{"line":3,"column":13}}},"fnMap":{"0":{"name":"(anonymous_0)","decl":{"start":{"line":8,"column":2},"end":{"line":8,"column":null}},"loc":{"start":{"line":8,"column":2},"end":{"line":12,"column":3}}},"1":{"name":"(anonymous_1)","decl":{"start":{"line":14,"column":9},"end":{"line":14,"column":14}},"loc":{"start":{"line":14,"column":49},"end":{"line":41,"column":3}}},"2":{"name":"(anonymous_2)","decl":{"start":{"line":19,"column":23},"end":{"line":19,"column":24}},"loc":{"start":{"line":19,"column":43},"end":{"line":40,"column":5}}},"3":{"name":"(anonymous_3)","decl":{"start":{"line":30,"column":19},"end":{"line":30,"column":22}},"loc":{"start":{"line":30,"column":24},"end":{"line":34,"column":7}}},"4":{"name":"(anonymous_4)","decl":{"start":{"line":35,"column":20},"end":{"line":35,"column":21}},"loc":{"start":{"line":35,"column":28},"end":{"line":38,"column":7}}},"5":{"name":"(anonymous_5)","decl":{"start":{"line":43,"column":9},"end":{"line":43,"column":14}},"loc":{"start":{"line":43,"column":49},"end":{"line":70,"column":3}}},"6":{"name":"(anonymous_6)","decl":{"start":{"line":48,"column":23},"end":{"line":48,"column":24}},"loc":{"start":{"line":48,"column":43},"end":{"line":69,"column":5}}},"7":{"name":"(anonymous_7)","decl":{"start":{"line":59,"column":31},"end":{"line":59,"column":34}},"loc":{"start":{"line":59,"column":36},"end":{"line":63,"column":7}}},"8":{"name":"(anonymous_8)","decl":{"start":{"line":64,"column":22},"end":{"line":64,"column":23}},"loc":{"start":{"line":64,"column":30},"end":{"line":67,"column":7}}},"9":{"name":"(anonymous_9)","decl":{"start":{"line":72,"column":9},"end":{"line":72,"column":14}},"loc":{"start":{"line":72,"column":57},"end":{"line":88,"column":3}}},"10":{"name":"(anonymous_10)","decl":{"start":{"line":90,"column":9},"end":{"line":90,"column":17}},"loc":{"start":{"line":90,"column":29},"end":{"line":92,"column":3}}},"11":{"name":"(anonymous_11)","decl":{"start":{"line":94,"column":9},"end":{"line":94,"column":17}},"loc":{"start":{"line":94,"column":29},"end":{"line":96,"column":3}}},"12":{"name":"(anonymous_12)","decl":{"start":{"line":98,"column":9},"end":{"line":98,"column":16}},"loc":{"start":{"line":98,"column":31},"end":{"line":100,"column":3}}},"13":{"name":"(anonymous_13)","decl":{"start":{"line":102,"column":9},"end":{"line":102,"column":14}},"loc":{"start":{"line":102,"column":14},"end":{"line":106,"column":3}}}},"branchMap":{"0":{"loc":{"start":{"line":15,"column":4},"end":{"line":17,"column":5}},"type":"if","locations":[{"start":{"line":15,"column":4},"end":{"line":17,"column":5}},{"start":{},"end":{}}]},"1":{"loc":{"start":{"line":20,"column":6},"end":{"line":27,"column":7}},"type":"if","locations":[{"start":{"line":20,"column":6},"end":{"line":27,"column":7}},{"start":{},"end":{}}]},"2":{"loc":{"start":{"line":44,"column":4},"end":{"line":46,"column":5}},"type":"if","locations":[{"start":{"line":44,"column":4},"end":{"line":46,"column":5}},{"start":{},"end":{}}]},"3":{"loc":{"start":{"line":49,"column":6},"end":{"line":56,"column":7}},"type":"if","locations":[{"start":{"line":49,"column":6},"end":{"line":56,"column":7}},{"start":{},"end":{}}]},"4":{"loc":{"start":{"line":73,"column":4},"end":{"line":75,"column":5}},"type":"if","locations":[{"start":{"line":73,"column":4},"end":{"line":75,"column":5}},{"start":{},"end":{}}]}},"s":{"0":5,"1":4,"2":4,"3":4,"4":0,"5":0,"6":0,"7":0,"8":0,"9":0,"10":0,"11":0,"12":0,"13":0,"14":0,"15":0,"16":0,"17":0,"18":0,"19":0,"20":0,"21":0,"22":0,"23":0,"24":0,"25":0,"26":0,"27":0,"28":0,"29":0,"30":0,"31":0,"32":0,"33":0,"34":0,"35":0,"36":0,"37":0,"38":0,"39":0,"40":0,"41":0,"42":0,"43":0,"44":0,"45":0,"46":0,"47":0,"48":0,"49":0,"50":0,"51":0,"52":0,"53":0,"54":0,"55":0,"56":5},"f":{"0":4,"1":0,"2":0,"3":0,"4":0,"5":0,"6":0,"7":0,"8":0,"9":0,"10":0,"11":0,"12":0,"13":0},"b":{"0":[0,0],"1":[0,0],"2":[0,0],"3":[0,0],"4":[0,0]}}
,"C:\\AI\\LONGIN\\game-engine-2d\\src\\core\\serialization.ts": {"path":"C:\\AI\\LONGIN\\game-engine-2d\\src\\core\\serialization.ts","statementMap":{"0":{"start":{"line":2,"column":0},"end":{"line":2,"column":39}},"1":{"start":{"line":3,"column":0},"end":{"line":3,"column":43}},"2":{"start":{"line":24,"column":10},"end":{"line":24,"column":75}},"3":{"start":{"line":27,"column":4},"end":{"line":27,"column":43}},"4":{"start":{"line":31,"column":56},"end":{"line":31,"column":58}},"5":{"start":{"line":33,"column":4},"end":{"line":44,"column":5}},"6":{"start":{"line":35,"column":6},"end":{"line":39,"column":7}},"7":{"start":{"line":36,"column":8},"end":{"line":36,"column":43}},"8":{"start":{"line":38,"column":8},"end":{"line":38,"column":32}},"9":{"start":{"line":40,"column":6},"end":{"line":43,"column":9}},"10":{"start":{"line":46,"column":4},"end":{"line":49,"column":6}},"11":{"start":{"line":53,"column":19},"end":{"line":53,"column":38}},"12":{"start":{"line":55,"column":4},"end":{"line":64,"column":5}},"13":{"start":{"line":56,"column":19},"end":{"line":56,"column":60}},"14":{"start":{"line":57,"column":6},"end":{"line":63,"column":7}},"15":{"start":{"line":58,"column":26},"end":{"line":58,"column":36}},"16":{"start":{"line":59,"column":8},"end":{"line":59,"column":48}},"17":{"start":{"line":60,"column":8},"end":{"line":60,"column":39}},"18":{"start":{"line":62,"column":8},"end":{"line":62,"column":76}},"19":{"start":{"line":66,"column":4},"end":{"line":66,"column":18}},"20":{"start":{"line":70,"column":39},"end":{"line":74,"column":6}},"21":{"start":{"line":71,"column":36},"end":{"line":71,"column":59}},"22":{"start":{"line":75,"column":4},"end":{"line":75,"column":37}},"23":{"start":{"line":79,"column":34},"end":{"line":79,"column":50}},"24":{"start":{"line":80,"column":21},"end":{"line":80,"column":72}},"25":{"start":{"line":80,"column":46},"end":{"line":80,"column":71}},"26":{"start":{"line":83,"column":4},"end":{"line":85,"column":5}},"27":{"start":{"line":84,"column":6},"end":{"line":84,"column":47}},"28":{"start":{"line":87,"column":4},"end":{"line":87,"column":33}},"29":{"start":{"line":23,"column":0},"end":{"line":23,"column":13}}},"fnMap":{"0":{"name":"(anonymous_0)","decl":{"start":{"line":23,"column":0},"end":{"line":23,"column":13}},"loc":{"start":{"line":23,"column":0},"end":{"line":89,"column":1}}},"1":{"name":"(anonymous_1)","decl":{"start":{"line":26,"column":9},"end":{"line":26,"column":26}},"loc":{"start":{"line":26,"column":67},"end":{"line":28,"column":3}}},"2":{"name":"(anonymous_2)","decl":{"start":{"line":30,"column":9},"end":{"line":30,"column":24}},"loc":{"start":{"line":30,"column":39},"end":{"line":50,"column":3}}},"3":{"name":"(anonymous_3)","decl":{"start":{"line":52,"column":9},"end":{"line":52,"column":26}},"loc":{"start":{"line":52,"column":49},"end":{"line":67,"column":3}}},"4":{"name":"(anonymous_4)","decl":{"start":{"line":69,"column":9},"end":{"line":69,"column":23}},"loc":{"start":{"line":69,"column":61},"end":{"line":76,"column":3}}},"5":{"name":"(anonymous_5)","decl":{"start":{"line":71,"column":29},"end":{"line":71,"column":30}},"loc":{"start":{"line":71,"column":36},"end":{"line":71,"column":59}}},"6":{"name":"(anonymous_6)","decl":{"start":{"line":78,"column":9},"end":{"line":78,"column":25}},"loc":{"start":{"line":78,"column":38},"end":{"line":88,"column":3}}},"7":{"name":"(anonymous_7)","decl":{"start":{"line":80,"column":39},"end":{"line":80,"column":40}},"loc":{"start":{"line":80,"column":46},"end":{"line":80,"column":71}}}},"branchMap":{"0":{"loc":{"start":{"line":35,"column":6},"end":{"line":39,"column":7}},"type":"if","locations":[{"start":{"line":35,"column":6},"end":{"line":39,"column":7}},{"start":{"line":37,"column":13},"end":{"line":39,"column":7}}]},"1":{"loc":{"start":{"line":35,"column":10},"end":{"line":35,"column":82}},"type":"binary-expr","locations":[{"start":{"line":35,"column":10},"end":{"line":35,"column":31}},{"start":{"line":35,"column":35},"end":{"line":35,"column":82}}]},"2":{"loc":{"start":{"line":57,"column":6},"end":{"line":63,"column":7}},"type":"if","locations":[{"start":{"line":57,"column":6},"end":{"line":63,"column":7}},{"start":{"line":61,"column":13},"end":{"line":63,"column":7}}]},"3":{"loc":{"start":{"line":73,"column":15},"end":{"line":73,"column":53}},"type":"cond-expr","locations":[{"start":{"line":73,"column":25},"end":{"line":73,"column":41}},{"start":{"line":73,"column":44},"end":{"line":73,"column":53}}]},"4":{"loc":{"start":{"line":83,"column":4},"end":{"line":85,"column":5}},"type":"if","locations":[{"start":{"line":83,"column":4},"end":{"line":85,"column":5}},{"start":{},"end":{}}]}},"s":{"0":4,"1":4,"2":6,"3":30,"4":2,"5":2,"6":4,"7":0,"8":4,"9":4,"10":2,"11":3,"12":3,"13":5,"14":5,"15":4,"16":4,"17":4,"18":1,"19":3,"20":1,"21":1,"22":1,"23":1,"24":1,"25":1,"26":1,"27":1,"28":1,"29":4},"f":{"0":6,"1":30,"2":2,"3":3,"4":1,"5":1,"6":1,"7":1},"b":{"0":[0,4],"1":[4,0],"2":[4,1],"3":[1,0],"4":[1,0]}}
,"C:\\AI\\LONGIN\\game-engine-2d\\src\\debug\\debug-overlay.ts": {"path":"C:\\AI\\LONGIN\\game-engine-2d\\src\\debug\\debug-overlay.ts","statementMap":{"0":{"start":{"line":3,"column":0},"end":{"line":3,"column":38}},"1":{"start":{"line":8,"column":10},"end":{"line":8,"column":35}},"2":{"start":{"line":11,"column":4},"end":{"line":11,"column":29}},"3":{"start":{"line":12,"column":4},"end":{"line":12,"column":43}},"4":{"start":{"line":16,"column":4},"end":{"line":16,"column":33}},"5":{"start":{"line":20,"column":4},"end":{"line":20,"column":24}},"6":{"start":{"line":24,"column":4},"end":{"line":24,"column":30}},"7":{"start":{"line":24,"column":23},"end":{"line":24,"column":30}},"8":{"start":{"line":27,"column":4},"end":{"line":27,"column":67}},"9":{"start":{"line":30,"column":4},"end":{"line":30,"column":75}},"10":{"start":{"line":31,"column":4},"end":{"line":36,"column":6}},"11":{"start":{"line":37,"column":4},"end":{"line":42,"column":6}},"12":{"start":{"line":43,"column":4},"end":{"line":48,"column":6}},"13":{"start":{"line":5,"column":0},"end":{"line":5,"column":13}}},"fnMap":{"0":{"name":"(anonymous_0)","decl":{"start":{"line":10,"column":2},"end":{"line":10,"column":14}},"loc":{"start":{"line":10,"column":32},"end":{"line":13,"column":3}}},"1":{"name":"(anonymous_1)","decl":{"start":{"line":15,"column":9},"end":{"line":15,"column":15}},"loc":{"start":{"line":15,"column":15},"end":{"line":17,"column":3}}},"2":{"name":"(anonymous_2)","decl":{"start":{"line":19,"column":9},"end":{"line":19,"column":18}},"loc":{"start":{"line":19,"column":18},"end":{"line":21,"column":3}}},"3":{"name":"(anonymous_3)","decl":{"start":{"line":23,"column":9},"end":{"line":23,"column":15}},"loc":{"start":{"line":23,"column":15},"end":{"line":49,"column":3}}}},"branchMap":{"0":{"loc":{"start":{"line":24,"column":4},"end":{"line":24,"column":30}},"type":"if","locations":[{"start":{"line":24,"column":4},"end":{"line":24,"column":30}},{"start":{},"end":{}}]}},"s":{"0":4,"1":5,"2":5,"3":5,"4":1,"5":28,"6":2,"7":1,"8":1,"9":1,"10":1,"11":1,"12":1,"13":4},"f":{"0":5,"1":1,"2":28,"3":2},"b":{"0":[1,1]}}
,"C:\\AI\\LONGIN\\game-engine-2d\\src\\debug\\debug-render-system.ts": {"path":"C:\\AI\\LONGIN\\game-engine-2d\\src\\debug\\debug-render-system.ts","statementMap":{"0":{"start":{"line":10,"column":10},"end":{"line":10,"column":35}},"1":{"start":{"line":13,"column":4},"end":{"line":13,"column":29}},"2":{"start":{"line":14,"column":4},"end":{"line":14,"column":39}},"3":{"start":{"line":18,"column":4},"end":{"line":18,"column":33}},"4":{"start":{"line":22,"column":4},"end":{"line":22,"column":24}},"5":{"start":{"line":26,"column":4},"end":{"line":26,"column":30}},"6":{"start":{"line":26,"column":23},"end":{"line":26,"column":30}},"7":{"start":{"line":29,"column":4},"end":{"line":31,"column":5}},"8":{"start":{"line":30,"column":6},"end":{"line":30,"column":34}},"9":{"start":{"line":33,"column":21},"end":{"line":33,"column":92}},"10":{"start":{"line":35,"column":4},"end":{"line":52,"column":7}},"11":{"start":{"line":36,"column":24},"end":{"line":36,"column":76}},"12":{"start":{"line":37,"column":23},"end":{"line":37,"column":73}},"13":{"start":{"line":39,"column":6},"end":{"line":51,"column":7}},"14":{"start":{"line":40,"column":8},"end":{"line":47,"column":10}},"15":{"start":{"line":50,"column":8},"end":{"line":50,"column":83}},"16":{"start":{"line":54,"column":4},"end":{"line":56,"column":5}},"17":{"start":{"line":55,"column":6},"end":{"line":55,"column":26}},"18":{"start":{"line":7,"column":0},"end":{"line":7,"column":13}}},"fnMap":{"0":{"name":"(anonymous_0)","decl":{"start":{"line":12,"column":2},"end":{"line":12,"column":14}},"loc":{"start":{"line":12,"column":62},"end":{"line":15,"column":3}}},"1":{"name":"(anonymous_1)","decl":{"start":{"line":17,"column":9},"end":{"line":17,"column":15}},"loc":{"start":{"line":17,"column":15},"end":{"line":19,"column":3}}},"2":{"name":"(anonymous_2)","decl":{"start":{"line":21,"column":9},"end":{"line":21,"column":18}},"loc":{"start":{"line":21,"column":18},"end":{"line":23,"column":3}}},"3":{"name":"(anonymous_3)","decl":{"start":{"line":25,"column":9},"end":{"line":25,"column":15}},"loc":{"start":{"line":25,"column":31},"end":{"line":57,"column":3}}},"4":{"name":"(anonymous_4)","decl":{"start":{"line":35,"column":21},"end":{"line":35,"column":22}},"loc":{"start":{"line":35,"column":32},"end":{"line":52,"column":5}}}},"branchMap":{"0":{"loc":{"start":{"line":26,"column":4},"end":{"line":26,"column":30}},"type":"if","locations":[{"start":{"line":26,"column":4},"end":{"line":26,"column":30}},{"start":{},"end":{}}]},"1":{"loc":{"start":{"line":29,"column":4},"end":{"line":31,"column":5}},"type":"if","locations":[{"start":{"line":29,"column":4},"end":{"line":31,"column":5}},{"start":{},"end":{}}]},"2":{"loc":{"start":{"line":39,"column":6},"end":{"line":51,"column":7}},"type":"if","locations":[{"start":{"line":39,"column":6},"end":{"line":51,"column":7}},{"start":{},"end":{}}]},"3":{"loc":{"start":{"line":39,"column":10},"end":{"line":39,"column":31}},"type":"binary-expr","locations":[{"start":{"line":39,"column":10},"end":{"line":39,"column":19}},{"start":{"line":39,"column":23},"end":{"line":39,"column":31}}]},"4":{"loc":{"start":{"line":54,"column":4},"end":{"line":56,"column":5}},"type":"if","locations":[{"start":{"line":54,"column":4},"end":{"line":56,"column":5}},{"start":{},"end":{}}]}},"s":{"0":5,"1":5,"2":5,"3":2,"4":0,"5":2,"6":0,"7":2,"8":1,"9":2,"10":2,"11":1,"12":1,"13":1,"14":1,"15":1,"16":2,"17":1,"18":4},"f":{"0":5,"1":2,"2":0,"3":2,"4":1},"b":{"0":[0,2],"1":[1,1],"2":[1,0],"3":[1,1],"4":[1,1]}}
,"C:\\AI\\LONGIN\\game-engine-2d\\src\\debug\\profiler.ts": {"path":"C:\\AI\\LONGIN\\game-engine-2d\\src\\debug\\profiler.ts","statementMap":{"0":{"start":{"line":4,"column":9},"end":{"line":4,"column":25}},"1":{"start":{"line":5,"column":9},"end":{"line":5,"column":31}},"2":{"start":{"line":7,"column":10},"end":{"line":7,"column":31}},"3":{"start":{"line":8,"column":10},"end":{"line":8,"column":29}},"4":{"start":{"line":9,"column":10},"end":{"line":9,"column":36}},"5":{"start":{"line":12,"column":9},"end":{"line":12,"column":32}},"6":{"start":{"line":13,"column":9},"end":{"line":13,"column":32}},"7":{"start":{"line":16,"column":4},"end":{"line":16,"column":43}},"8":{"start":{"line":20,"column":4},"end":{"line":22,"column":5}},"9":{"start":{"line":21,"column":6},"end":{"line":21,"column":41}},"10":{"start":{"line":23,"column":4},"end":{"line":23,"column":29}},"11":{"start":{"line":27,"column":4},"end":{"line":27,"column":38}},"12":{"start":{"line":31,"column":16},"end":{"line":31,"column":33}},"13":{"start":{"line":32,"column":4},"end":{"line":32,"column":41}},"14":{"start":{"line":34,"column":4},"end":{"line":34,"column":18}},"15":{"start":{"line":35,"column":4},"end":{"line":39,"column":5}},"16":{"start":{"line":36,"column":6},"end":{"line":36,"column":29}},"17":{"start":{"line":37,"column":6},"end":{"line":37,"column":22}},"18":{"start":{"line":38,"column":6},"end":{"line":38,"column":31}},"19":{"start":{"line":1,"column":0},"end":{"line":1,"column":13}}},"fnMap":{"0":{"name":"(anonymous_0)","decl":{"start":{"line":15,"column":2},"end":{"line":15,"column":null}},"loc":{"start":{"line":15,"column":2},"end":{"line":17,"column":3}}},"1":{"name":"(anonymous_1)","decl":{"start":{"line":19,"column":9},"end":{"line":19,"column":15}},"loc":{"start":{"line":19,"column":27},"end":{"line":24,"column":3}}},"2":{"name":"(anonymous_2)","decl":{"start":{"line":26,"column":9},"end":{"line":26,"column":19}},"loc":{"start":{"line":26,"column":19},"end":{"line":28,"column":3}}},"3":{"name":"(anonymous_3)","decl":{"start":{"line":30,"column":9},"end":{"line":30,"column":17}},"loc":{"start":{"line":30,"column":17},"end":{"line":40,"column":3}}}},"branchMap":{"0":{"loc":{"start":{"line":20,"column":4},"end":{"line":22,"column":5}},"type":"if","locations":[{"start":{"line":20,"column":4},"end":{"line":22,"column":5}},{"start":{},"end":{}}]},"1":{"loc":{"start":{"line":35,"column":4},"end":{"line":39,"column":5}},"type":"if","locations":[{"start":{"line":35,"column":4},"end":{"line":39,"column":5}},{"start":{},"end":{}}]}},"s":{"0":4,"1":4,"2":4,"3":4,"4":4,"5":4,"6":4,"7":4,"8":215,"9":4,"10":215,"11":89,"12":90,"13":90,"14":90,"15":90,"16":1,"17":1,"18":1,"19":7},"f":{"0":4,"1":215,"2":89,"3":90},"b":{"0":[4,211],"1":[1,89]}}
,"C:\\AI\\LONGIN\\game-engine-2d\\src\\ecs\\component.ts": {"path":"C:\\AI\\LONGIN\\game-engine-2d\\src\\ecs\\component.ts","statementMap":{"0":{"start":{"line":4,"column":0},"end":{"line":4,"column":22}}},"fnMap":{},"branchMap":{},"s":{"0":18},"f":{},"b":{}}
,"C:\\AI\\LONGIN\\game-engine-2d\\src\\ecs\\entity-manager.ts": {"path":"C:\\AI\\LONGIN\\game-engine-2d\\src\\ecs\\entity-manager.ts","statementMap":{"0":{"start":{"line":1,"column":0},"end":{"line":1,"column":51}},"1":{"start":{"line":3,"column":0},"end":{"line":3,"column":34}},"2":{"start":{"line":10,"column":4},"end":{"line":10,"column":30}},"3":{"start":{"line":11,"column":4},"end":{"line":11,"column":27}},"4":{"start":{"line":15,"column":19},"end":{"line":15,"column":31}},"5":{"start":{"line":16,"column":4},"end":{"line":16,"column":27}},"6":{"start":{"line":17,"column":4},"end":{"line":17,"column":18}},"7":{"start":{"line":21,"column":4},"end":{"line":25,"column":5}},"8":{"start":{"line":22,"column":6},"end":{"line":22,"column":43}},"9":{"start":{"line":23,"column":6},"end":{"line":23,"column":37}},"10":{"start":{"line":24,"column":6},"end":{"line":24,"column":63}},"11":{"start":{"line":29,"column":4},"end":{"line":35,"column":5}},"12":{"start":{"line":30,"column":21},"end":{"line":30,"column":42}},"13":{"start":{"line":31,"column":6},"end":{"line":31,"column":29}},"14":{"start":{"line":32,"column":6},"end":{"line":32,"column":31}},"15":{"start":{"line":33,"column":6},"end":{"line":33,"column":71}},"16":{"start":{"line":33,"column":58},"end":{"line":33,"column":69}},"17":{"start":{"line":34,"column":6},"end":{"line":34,"column":59}},"18":{"start":{"line":39,"column":4},"end":{"line":39,"column":33}},"19":{"start":{"line":43,"column":4},"end":{"line":43,"column":29}},"20":{"start":{"line":47,"column":4},"end":{"line":49,"column":6}},"21":{"start":{"line":48,"column":6},"end":{"line":48,"column":63}},"22":{"start":{"line":48,"column":37},"end":{"line":48,"column":62}},"23":{"start":{"line":53,"column":4},"end":{"line":53,"column":26}},"24":{"start":{"line":54,"column":4},"end":{"line":54,"column":27}},"25":{"start":{"line":5,"column":0},"end":{"line":5,"column":13}}},"fnMap":{"0":{"name":"(anonymous_0)","decl":{"start":{"line":9,"column":2},"end":{"line":9,"column":null}},"loc":{"start":{"line":9,"column":2},"end":{"line":12,"column":3}}},"1":{"name":"(anonymous_1)","decl":{"start":{"line":14,"column":9},"end":{"line":14,"column":21}},"loc":{"start":{"line":14,"column":21},"end":{"line":18,"column":3}}},"2":{"name":"(anonymous_2)","decl":{"start":{"line":20,"column":9},"end":{"line":20,"column":18}},"loc":{"start":{"line":20,"column":33},"end":{"line":26,"column":3}}},"3":{"name":"(anonymous_3)","decl":{"start":{"line":28,"column":9},"end":{"line":28,"column":21}},"loc":{"start":{"line":28,"column":32},"end":{"line":36,"column":3}}},"4":{"name":"(anonymous_4)","decl":{"start":{"line":33,"column":51},"end":{"line":33,"column":52}},"loc":{"start":{"line":33,"column":58},"end":{"line":33,"column":69}}},"5":{"name":"(anonymous_5)","decl":{"start":{"line":38,"column":9},"end":{"line":38,"column":18}},"loc":{"start":{"line":38,"column":29},"end":{"line":40,"column":3}}},"6":{"name":"(anonymous_6)","decl":{"start":{"line":42,"column":9},"end":{"line":42,"column":20}},"loc":{"start":{"line":42,"column":20},"end":{"line":44,"column":3}}},"7":{"name":"(anonymous_7)","decl":{"start":{"line":46,"column":9},"end":{"line":46,"column":34}},"loc":{"start":{"line":46,"column":59},"end":{"line":50,"column":3}}},"8":{"name":"(anonymous_8)","decl":{"start":{"line":47,"column":36},"end":{"line":47,"column":37}},"loc":{"start":{"line":48,"column":6},"end":{"line":48,"column":63}}},"9":{"name":"(anonymous_9)","decl":{"start":{"line":48,"column":27},"end":{"line":48,"column":28}},"loc":{"start":{"line":48,"column":37},"end":{"line":48,"column":62}}},"10":{"name":"(anonymous_10)","decl":{"start":{"line":52,"column":9},"end":{"line":52,"column":14}},"loc":{"start":{"line":52,"column":14},"end":{"line":57,"column":3}}}},"branchMap":{"0":{"loc":{"start":{"line":21,"column":4},"end":{"line":25,"column":5}},"type":"if","locations":[{"start":{"line":21,"column":4},"end":{"line":25,"column":5}},{"start":{},"end":{}}]},"1":{"loc":{"start":{"line":29,"column":4},"end":{"line":35,"column":5}},"type":"if","locations":[{"start":{"line":29,"column":4},"end":{"line":35,"column":5}},{"start":{},"end":{}}]}},"s":{"0":5,"1":5,"2":8,"3":8,"4":3,"5":3,"6":3,"7":8,"8":8,"9":8,"10":8,"11":0,"12":0,"13":0,"14":0,"15":0,"16":0,"17":0,"18":0,"19":292,"20":236,"21":20,"22":41,"23":0,"24":0,"25":5},"f":{"0":8,"1":3,"2":8,"3":0,"4":0,"5":0,"6":292,"7":236,"8":20,"9":41,"10":0},"b":{"0":[8,0],"1":[0,0]}}
,"C:\\AI\\LONGIN\\game-engine-2d\\src\\ecs\\entity.ts": {"path":"C:\\AI\\LONGIN\\game-engine-2d\\src\\ecs\\entity.ts","statementMap":{"0":{"start":{"line":1,"column":0},"end":{"line":1,"column":36}},"1":{"start":{"line":3,"column":0},"end":{"line":3,"column":41}},"2":{"start":{"line":10,"column":9},"end":{"line":10,"column":32}},"3":{"start":{"line":13,"column":4},"end":{"line":13,"column":29}},"4":{"start":{"line":14,"column":4},"end":{"line":14,"column":32}},"5":{"start":{"line":18,"column":4},"end":{"line":20,"column":5}},"6":{"start":{"line":19,"column":6},"end":{"line":19,"column":97}},"7":{"start":{"line":21,"column":4},"end":{"line":21,"column":51}},"8":{"start":{"line":25,"column":4},"end":{"line":25,"column":42}},"9":{"start":{"line":32,"column":6},"end":{"line":32,"column":94}},"10":{"start":{"line":41,"column":4},"end":{"line":43,"column":5}},"11":{"start":{"line":42,"column":6},"end":{"line":42,"column":54}},"12":{"start":{"line":49,"column":4},"end":{"line":53,"column":5}},"13":{"start":{"line":50,"column":6},"end":{"line":52,"column":7}},"14":{"start":{"line":51,"column":8},"end":{"line":51,"column":30}},"15":{"start":{"line":54,"column":4},"end":{"line":54,"column":21}},"16":{"start":{"line":58,"column":4},"end":{"line":58,"column":46}},"17":{"start":{"line":62,"column":4},"end":{"line":62,"column":48}},"18":{"start":{"line":7,"column":0},"end":{"line":7,"column":13}}},"fnMap":{"0":{"name":"(anonymous_0)","decl":{"start":{"line":12,"column":2},"end":{"line":12,"column":14}},"loc":{"start":{"line":12,"column":25},"end":{"line":15,"column":3}}},"1":{"name":"(anonymous_1)","decl":{"start":{"line":17,"column":9},"end":{"line":17,"column":21}},"loc":{"start":{"line":17,"column":55},"end":{"line":22,"column":3}}},"2":{"name":"(anonymous_2)","decl":{"start":{"line":24,"column":9},"end":{"line":24,"column":24}},"loc":{"start":{"line":24,"column":46},"end":{"line":26,"column":3}}},"3":{"name":"(anonymous_3)","decl":{"start":{"line":28,"column":9},"end":{"line":28,"column":21}},"loc":{"start":{"line":29,"column":46},"end":{"line":55,"column":3}}},"4":{"name":"(anonymous_4)","decl":{"start":{"line":57,"column":9},"end":{"line":57,"column":21}},"loc":{"start":{"line":57,"column":43},"end":{"line":59,"column":3}}},"5":{"name":"(anonymous_5)","decl":{"start":{"line":61,"column":9},"end":{"line":61,"column":25}},"loc":{"start":{"line":61,"column":25},"end":{"line":63,"column":3}}}},"branchMap":{"0":{"loc":{"start":{"line":13,"column":14},"end":{"line":13,"column":28}},"type":"binary-expr","locations":[{"start":{"line":13,"column":14},"end":{"line":13,"column":16}},{"start":{"line":13,"column":20},"end":{"line":13,"column":28}}]},"1":{"loc":{"start":{"line":18,"column":4},"end":{"line":20,"column":5}},"type":"if","locations":[{"start":{"line":18,"column":4},"end":{"line":20,"column":5}},{"start":{},"end":{}}]},"2":{"loc":{"start":{"line":32,"column":6},"end":{"line":32,"column":94}},"type":"cond-expr","locations":[{"start":{"line":32,"column":43},"end":{"line":32,"column":57}},{"start":{"line":32,"column":61},"end":{"line":32,"column":94}}]},"3":{"loc":{"start":{"line":41,"column":4},"end":{"line":43,"column":5}},"type":"if","locations":[{"start":{"line":41,"column":4},"end":{"line":43,"column":5}},{"start":{},"end":{}}]},"4":{"loc":{"start":{"line":50,"column":6},"end":{"line":52,"column":7}},"type":"if","locations":[{"start":{"line":50,"column":6},"end":{"line":52,"column":7}},{"start":{},"end":{}}]}},"s":{"0":14,"1":14,"2":41,"3":41,"4":41,"5":82,"6":0,"7":82,"8":0,"9":110,"10":110,"11":108,"12":2,"13":2,"14":2,"15":0,"16":41,"17":3,"18":14},"f":{"0":41,"1":82,"2":0,"3":110,"4":41,"5":3},"b":{"0":[41,16],"1":[0,82],"2":[108,2],"3":[108,2],"4":[2,0]}}
,"C:\\AI\\LONGIN\\game-engine-2d\\src\\ecs\\system-registry.ts": {"path":"C:\\AI\\LONGIN\\game-engine-2d\\src\\ecs\\system-registry.ts","statementMap":{"0":{"start":{"line":1,"column":0},"end":{"line":1,"column":41}},"1":{"start":{"line":11,"column":4},"end":{"line":11,"column":22}},"2":{"start":{"line":12,"column":4},"end":{"line":12,"column":39}},"3":{"start":{"line":16,"column":4},"end":{"line":16,"column":30}},"4":{"start":{"line":17,"column":4},"end":{"line":17,"column":57}},"5":{"start":{"line":17,"column":32},"end":{"line":17,"column":55}},"6":{"start":{"line":18,"column":4},"end":{"line":18,"column":96}},"7":{"start":{"line":22,"column":18},"end":{"line":22,"column":46}},"8":{"start":{"line":23,"column":4},"end":{"line":26,"column":5}},"9":{"start":{"line":24,"column":6},"end":{"line":24,"column":36}},"10":{"start":{"line":25,"column":6},"end":{"line":25,"column":64}},"11":{"start":{"line":30,"column":4},"end":{"line":45,"column":5}},"12":{"start":{"line":31,"column":6},"end":{"line":44,"column":7}},"13":{"start":{"line":33,"column":31},"end":{"line":33,"column":63}},"14":{"start":{"line":35,"column":8},"end":{"line":39,"column":9}},"15":{"start":{"line":36,"column":10},"end":{"line":38,"column":12}},"16":{"start":{"line":41,"column":8},"end":{"line":41,"column":51}},"17":{"start":{"line":43,"column":8},"end":{"line":43,"column":83}},"18":{"start":{"line":6,"column":0},"end":{"line":6,"column":13}}},"fnMap":{"0":{"name":"(anonymous_0)","decl":{"start":{"line":10,"column":2},"end":{"line":10,"column":14}},"loc":{"start":{"line":10,"column":42},"end":{"line":13,"column":3}}},"1":{"name":"(anonymous_1)","decl":{"start":{"line":15,"column":9},"end":{"line":15,"column":23}},"loc":{"start":{"line":15,"column":38},"end":{"line":19,"column":3}}},"2":{"name":"(anonymous_2)","decl":{"start":{"line":17,"column":22},"end":{"line":17,"column":23}},"loc":{"start":{"line":17,"column":32},"end":{"line":17,"column":55}}},"3":{"name":"(anonymous_3)","decl":{"start":{"line":21,"column":9},"end":{"line":21,"column":21}},"loc":{"start":{"line":21,"column":36},"end":{"line":27,"column":3}}},"4":{"name":"(anonymous_4)","decl":{"start":{"line":29,"column":9},"end":{"line":29,"column":15}},"loc":{"start":{"line":29,"column":33},"end":{"line":46,"column":3}}}},"branchMap":{"0":{"loc":{"start":{"line":23,"column":4},"end":{"line":26,"column":5}},"type":"if","locations":[{"start":{"line":23,"column":4},"end":{"line":26,"column":5}},{"start":{},"end":{}}]},"1":{"loc":{"start":{"line":35,"column":8},"end":{"line":39,"column":9}},"type":"if","locations":[{"start":{"line":35,"column":8},"end":{"line":39,"column":9}},{"start":{},"end":{}}]}},"s":{"0":4,"1":5,"2":5,"3":19,"4":19,"5":64,"6":19,"7":0,"8":0,"9":0,"10":0,"11":41,"12":236,"13":236,"14":236,"15":236,"16":236,"17":0,"18":4},"f":{"0":5,"1":19,"2":64,"3":0,"4":41},"b":{"0":[0,0],"1":[236,0]}}
,"C:\\AI\\LONGIN\\game-engine-2d\\src\\ecs\\system.ts": {"path":"C:\\AI\\LONGIN\\game-engine-2d\\src\\ecs\\system.ts","statementMap":{"0":{"start":{"line":7,"column":9},"end":{"line":7,"column":30}},"1":{"start":{"line":10,"column":9},"end":{"line":10,"column":43}},"2":{"start":{"line":3,"column":0},"end":{"line":3,"column":22}}},"fnMap":{"0":{"name":"(anonymous_0)","decl":{"start":{"line":3,"column":0},"end":{"line":3,"column":22}},"loc":{"start":{"line":3,"column":0},"end":{"line":11,"column":1}}}},"branchMap":{},"s":{"0":64,"1":64,"2":15},"f":{"0":64},"b":{}}
,"C:\\AI\\LONGIN\\game-engine-2d\\src\\game\\core\\abstract-game.ts": {"path":"C:\\AI\\LONGIN\\game-engine-2d\\src\\game\\core\\abstract-game.ts","statementMap":{"0":{"start":{"line":1,"column":0},"end":{"line":1,"column":44}},"1":{"start":{"line":10,"column":4},"end":{"line":10,"column":29}},"2":{"start":{"line":11,"column":4},"end":{"line":11,"column":27}},"3":{"start":{"line":15,"column":4},"end":{"line":15,"column":36}},"4":{"start":{"line":16,"column":4},"end":{"line":16,"column":26}},"5":{"start":{"line":17,"column":4},"end":{"line":17,"column":19}},"6":{"start":{"line":21,"column":4},"end":{"line":21,"column":36}},"7":{"start":{"line":22,"column":4},"end":{"line":22,"column":27}},"8":{"start":{"line":23,"column":4},"end":{"line":23,"column":18}},"9":{"start":{"line":27,"column":4},"end":{"line":27,"column":32}},"10":{"start":{"line":27,"column":25},"end":{"line":27,"column":32}},"11":{"start":{"line":28,"column":4},"end":{"line":28,"column":29}},"12":{"start":{"line":32,"column":4},"end":{"line":35,"column":5}},"13":{"start":{"line":33,"column":6},"end":{"line":33,"column":57}},"14":{"start":{"line":34,"column":6},"end":{"line":34,"column":13}},"15":{"start":{"line":36,"column":4},"end":{"line":36,"column":40}},"16":{"start":{"line":37,"column":4},"end":{"line":37,"column":65}},"17":{"start":{"line":38,"column":4},"end":{"line":38,"column":31}},"18":{"start":{"line":42,"column":19},"end":{"line":42,"column":45}},"19":{"start":{"line":43,"column":4},"end":{"line":47,"column":5}},"20":{"start":{"line":44,"column":6},"end":{"line":44,"column":36}},"21":{"start":{"line":45,"column":6},"end":{"line":45,"column":52}},"22":{"start":{"line":46,"column":6},"end":{"line":46,"column":35}},"23":{"start":{"line":51,"column":4},"end":{"line":51,"column":45}},"24":{"start":{"line":5,"column":0},"end":{"line":5,"column":22}}},"fnMap":{"0":{"name":"(anonymous_0)","decl":{"start":{"line":9,"column":2},"end":{"line":9,"column":null}},"loc":{"start":{"line":9,"column":2},"end":{"line":12,"column":3}}},"1":{"name":"(anonymous_1)","decl":{"start":{"line":14,"column":9},"end":{"line":14,"column":14}},"loc":{"start":{"line":14,"column":14},"end":{"line":18,"column":3}}},"2":{"name":"(anonymous_2)","decl":{"start":{"line":20,"column":9},"end":{"line":20,"column":13}},"loc":{"start":{"line":20,"column":13},"end":{"line":24,"column":3}}},"3":{"name":"(anonymous_3)","decl":{"start":{"line":26,"column":9},"end":{
[...]
nd":{"line":116,"column":31}},"42":{"start":{"line":117,"column":17},"end":{"line":117,"column":31}},"43":{"start":{"line":119,"column":6},"end":{"line":121,"column":7}},"44":{"start":{"line":120,"column":8},"end":{"line":120,"column":37}},"45":{"start":{"line":124,"column":4},"end":{"line":124,"column":21}},"46":{"start":{"line":128,"column":4},"end":{"line":128,"column":53}},"47":{"start":{"line":132,"column":26},"end":{"line":132,"column":28}},"48":{"start":{"line":133,"column":36},"end":{"line":133,"column":40}},"49":{"start":{"line":134,"column":4},"end":{"line":137,"column":5}},"50":{"start":{"line":135,"column":6},"end":{"line":135,"column":48}},"51":{"start":{"line":136,"column":6},"end":{"line":136,"column":31}},"52":{"start":{"line":138,"column":4},"end":{"line":138,"column":26}},"53":{"start":{"line":17,"column":0},"end":{"line":17,"column":13}}},"fnMap":{"0":{"name":"(anonymous_0)","decl":{"start":{"line":25,"column":9},"end":{"line":25,"column":15}},"loc":{"start":{"line":25,"column":73},"end":{"line":104,"column":3}}},"1":{"name":"(anonymous_1)","decl":{"start":{"line":51,"column":11},"end":{"line":51,"column":14}},"loc":{"start":{"line":51,"column":17},"end":{"line":51,"column":41}}},"2":{"name":"(anonymous_2)","decl":{"start":{"line":54,"column":11},"end":{"line":54,"column":12}},"loc":{"start":{"line":55,"column":8},"end":{"line":63,"column":13}}},"3":{"name":"(anonymous_3)","decl":{"start":{"line":57,"column":15},"end":{"line":57,"column":16}},"loc":{"start":{"line":57,"column":26},"end":{"line":63,"column":12}}},"4":{"name":"(anonymous_4)","decl":{"start":{"line":73,"column":20},"end":{"line":73,"column":21}},"loc":{"start":{"line":73,"column":30},"end":{"line":73,"column":75}}},"5":{"name":"(anonymous_5)","decl":{"start":{"line":106,"column":10},"end":{"line":106,"column":16}},"loc":{"start":{"line":106,"column":87},"end":{"line":125,"column":3}}},"6":{"name":"(anonymous_6)","decl":{"start":{"line":127,"column":10},"end":{"line":127,"column":16}},"loc":{"start":{"line":127,"column":51},"end":{"line":129,"column":3}}},"7":{"name":"(anonymous_7)","decl":{"start":{"line":131,"column":10},"end":{"line":131,"column":16}},"loc":{"start":{"line":131,"column":43},"end":{"line":139,"column":3}}}},"branchMap":{"0":{"loc":{"start":{"line":29,"column":4},"end":{"line":41,"column":5}},"type":"if","locations":[{"start":{"line":29,"column":4},"end":{"line":41,"column":5}},{"start":{},"end":{}}]},"1":{"loc":{"start":{"line":30,"column":6},"end":{"line":37,"column":21}},"type":"binary-expr","locations":[{"start":{"line":30,"column":6},"end":{"line":30,"column":17}},{"start":{"line":31,"column":6},"end":{"line":31,"column":22}},{"start":{"line":32,"column":6},"end":{"line":32,"column":17}},{"start":{"line":33,"column":6},"end":{"line":33,"column":23}},{"start":{"line":34,"column":6},"end":{"line":34,"column":15}},{"start":{"line":35,"column":6},"end":{"line":35,"column":20}},{"start":{"line":36,"column":6},"end":{"line":36,"column":15}},{"start":{"line":37,"column":6},"end":{"line":37,"column":21}}]},"2":{"loc":{"start":{"line":43,"column":4},"end":{"line":46,"column":5}},"type":"if","locations":[{"start":{"line":43,"column":4},"end":{"line":46,"column":5}},{"start":{},"end":{}}]},"3":{"loc":{"start":{"line":76,"column":6},"end":{"line":78,"column":7}},"type":"if","locations":[{"start":{"line":76,"column":6},"end":{"line":78,"column":7}},{"start":{},"end":{}}]},"4":{"loc":{"start":{"line":84,"column":8},"end":{"line":86,"column":9}},"type":"if","locations":[{"start":{"line":84,"column":8},"end":{"line":86,"column":9}},{"start":{},"end":{}}]},"5":{"loc":{"start":{"line":84,"column":12},"end":{"line":84,"column":68}},"type":"binary-expr","locations":[{"start":{"line":84,"column":12},"end":{"line":84,"column":46}},{"start":{"line":84,"column":50},"end":{"line":84,"column":68}}]},"6":{"loc":{"start":{"line":91,"column":8},"end":{"line":99,"column":9}},"type":"if","locations":[{"start":{"line":91,"column":8},"end":{"line":99,"column":9}},{"start":{},"end":{}}]},"7":{"loc":{"start":{"line":91,"column":12},"end":{"line":91,"column":46}},"type":"binary-expr","locations":[{"start":{"line":91,"column":12},"end":{"line":91,"column":19}},{"start":{"line":91,"column":23},"end":{"line":91,"column":46}}]},"8":{"loc":{"start":{"line":96,"column":10},"end":{"line":98,"column":11}},"type":"if","locations":[{"start":{"line":96,"column":10},"end":{"line":98,"column":11}},{"start":{},"end":{}}]},"9":{"loc":{"start":{"line":119,"column":6},"end":{"line":121,"column":7}},"type":"if","locations":[{"start":{"line":119,"column":6},"end":{"line":121,"column":7}},{"start":{},"end":{}}]},"10":{"loc":{"start":{"line":119,"column":10},"end":{"line":119,"column":57}},"type":"binary-expr","locations":[{"start":{"line":119,"column":10},"end":{"line":119,"column":17}},{"start":{"line":119,"column":21},"end":{"line":119,"column":31}},{"start":{"line":119,"column":35},"end":{"line":119,"column":42}},{"start":{"line":119,"column":46},"end":{"line":119,"column":57}}]}},"s":{"0":1,"1":3,"2":3,"3":3,"4":0,"5":0,"6":3,"7":1,"8":1,"9":2,"10":2,"11":20,"12":2,"13":20,"14":200,"15":2,"16":2,"17":2,"18":2,"19":8,"20":18,"21":8,"22":8,"23":2,"24":6,"25":6,"26":6,"27":18,"28":6,"29":12,"30":12,"31":12,"32":12,"33":12,"34":12,"35":12,"36":12,"37":0,"38":6,"39":6,"40":6,"41":24,"42":24,"43":24,"44":18,"45":6,"46":12,"47":2,"48":2,"49":2,"50":8,"51":8,"52":2,"53":1},"f":{"0":3,"1":20,"2":20,"3":200,"4":18,"5":6,"6":12,"7":2},"b":{"0":[0,3],"1":[3,3,3,3,3,3,3,3],"2":[1,2],"3":[2,6],"4":[6,12],"5":[18,14],"6":[12,0],"7":[12,0],"8":[12,0],"9":[18,6],"10":[24,21,21,18]}}
,"C:\\AI\\LONGIN\\game-engine-2d\\src\\world\\terrain-generator.ts": {"path":"C:\\AI\\LONGIN\\game-engine-2d\\src\\world\\terrain-generator.ts","statementMap":{"0":{"start":{"line":13,"column":4},"end":{"line":13,"column":21}},"1":{"start":{"line":17,"column":18},"end":{"line":17,"column":31}},"2":{"start":{"line":18,"column":19},"end":{"line":18,"column":33}},"3":{"start":{"line":20,"column":4},"end":{"line":33,"column":5}},"4":{"start":{"line":20,"column":17},"end":{"line":20,"column":18}},"5":{"start":{"line":21,"column":6},"end":{"line":32,"column":7}},"6":{"start":{"line":21,"column":19},"end":{"line":21,"column":20}},"7":{"start":{"line":22,"column":21},"end":{"line":22,"column":34}},"8":{"start":{"line":23,"column":21},"end":{"line":23,"column":35}},"9":{"start":{"line":25,"column":8},"end":{"line":29,"column":9}},"10":{"start":{"line":26,"column":10},"end":{"line":26,"column":33}},"11":{"start":{"line":27,"column":15},"end":{"line":29,"column":9}},"12":{"start":{"line":28,"column":10},"end":{"line":28,"column":34}},"13":{"start":{"line":31,"column":8},"end":{"line":31,"column":49}},"14":{"start":{"line":37,"column":47},"end":{"line":37,"column":49}},"15":{"start":{"line":38,"column":18},"end":{"line":38,"column":31}},"16":{"start":{"line":39,"column":19},"end":{"line":39,"column":33}},"17":{"start":{"line":40,"column":24},"end":{"line":40,"column":28}},"18":{"start":{"line":42,"column":4},"end":{"line":60,"column":5}},"19":{"start":{"line":42,"column":17},"end":{"line":42,"column":18}},"20":{"start":{"line":43,"column":21},"end":{"line":43,"column":22}},"21":{"start":{"line":44,"column":18},"end":{"line":44,"column":23}},"22":{"start":{"line":45,"column":6},"end":{"line":59,"column":7}},"23":{"start":{"line":47,"column":19},"end":{"line":47,"column":62}},"24":{"start":{"line":48,"column":19},"end":{"line":48,"column":63}},"25":{"start":{"line":50,"column":8},"end":{"line":57,"column":9}},"26":{"start":{"line":52,"column":10},"end":{"line":55,"column":13}},"27":{"start":{"line":56,"column":10},"end":{"line":56,"column":23}},"28":{"start":{"line":58,"column":8},"end":{"line":58,"column":19}},"29":{"start":{"line":61,"column":4},"end":{"line":61,"column":18}},"30":{"start":{"line":66,"column":4},"end":{"line":66,"column":52}},"31":{"start":{"line":67,"column":4},"end":{"line":67,"column":30}},"32":{"start":{"line":9,"column":0},"end":{"line":9,"column":13}}},"fnMap":{"0":{"name":"(anonymous_0)","decl":{"start":{"line":12,"column":2},"end":{"line":12,"column":14}},"loc":{"start":{"line":12,"column":39},"end":{"line":14,"column":3}}},"1":{"name":"(anonymous_1)","decl":{"start":{"line":16,"column":9},"end":{"line":16,"column":17}},"loc":{"start":{"line":16,"column":60},"end":{"line":34,"column":3}}},"2":{"name":"(anonymous_2)","decl":{"start":{"line":36,"column":9},"end":{"line":36,"column":27}},"loc":{"start":{"line":36,"column":59},"end":{"line":62,"column":3}}},"3":{"name":"(anonymous_3)","decl":{"start":{"line":64,"column":10},"end":{"line":64,"column":16}},"loc":{"start":{"line":64,"column":16},"end":{"line":68,"column":3}}}},"branchMap":{"0":{"loc":{"start":{"line":12,"column":14},"end":{"line":12,"column":39}},"type":"default-arg","locations":[{"start":{"line":12,"column":29},"end":{"line":12,"column":39}}]},"1":{"loc":{"start":{"line":25,"column":8},"end":{"line":29,"column":9}},"type":"if","locations":[{"start":{"line":25,"column":8},"end":{"line":29,"column":9}},{"start":{"line":27,"column":15},"end":{"line":29,"column":9}}]},"2":{"loc":{"start":{"line":27,"column":15},"end":{"line":29,"column":9}},"type":"if","locations":[{"start":{"line":27,"column":15},"end":{"line":29,"column":9}},{"start":{},"end":{}}]},"3":{"loc":{"start":{"line":45,"column":13},"end":{"line":45,"column":45}},"type":"binary-expr","locations":[{"start":{"line":45,"column":13},"end":{"line":45,"column":35}},{"start":{"line":45,"column":39},"end":{"line":45,"column":45}}]},"4":{"loc":{"start":{"line":50,"column":8},"end":{"line":57,"column":9}},"type":"if","locations":[{"start":{"line":50,"column":8},"end":{"line":57,"column":9}},{"start":{},"end":{}}]}},"s":{"0":10,"1":9,"2":9,"3":9,"4":9,"5":360,"6":360,"7":16200,"8":16200,"9":16200,"10":2475,"11":13725,"12":0,"13":16200,"14":8,"15":8,"16":8,"17":8,"18":8,"19":8,"20":70,"21":70,"22":70,"23":1757,"24":1757,"25":1757,"26":70,"27":70,"28":1757,"29":8,"30":19714,"31":19714,"32":4},"f":{"0":10,"1":9,"2":8,"3":19714},"b":{"0":[0],"1":[2475,13725],"2":[0,13725],"3":[1827,1827],"4":[70,1687]}}
,"C:\\AI\\LONGIN\\game-engine-2d\\src\\world\\tilemap.ts": {"path":"C:\\AI\\LONGIN\\game-engine-2d\\src\\world\\tilemap.ts","statementMap":{"0":{"start":{"line":1,"column":0},"end":{"line":1,"column":41}},"1":{"start":{"line":18,"column":4},"end":{"line":18,"column":23}},"2":{"start":{"line":19,"column":4},"end":{"line":19,"column":25}},"3":{"start":{"line":20,"column":4},"end":{"line":20,"column":29}},"4":{"start":{"line":21,"column":4},"end":{"line":21,"column":28}},"5":{"start":{"line":22,"column":4},"end":{"line":22,"column":29}},"6":{"start":{"line":25,"column":4},"end":{"line":25,"column":32}},"7":{"start":{"line":29,"column":4},"end":{"line":32,"column":5}},"8":{"start":{"line":30,"column":6},"end":{"line":30,"column":59}},"9":{"start":{"line":31,"column":6},"end":{"line":31,"column":13}},"10":{"start":{"line":33,"column":18},"end":{"line":35,"column":43}},"11":{"start":{"line":35,"column":17},"end":{"line":35,"column":42}},"12":{"start":{"line":36,"column":4},"end":{"line":36,"column":33}},"13":{"start":{"line":40,"column":4},"end":{"line":40,"column":31}},"14":{"start":{"line":44,"column":4},"end":{"line":47,"column":5}},"15":{"start":{"line":45,"column":6},"end":{"line":45,"column":62}},"16":{"start":{"line":46,"column":6},"end":{"line":46,"column":13}},"17":{"start":{"line":49,"column":18},"end":{"line":49,"column":44}},"18":{"start":{"line":50,"column":4},"end":{"line":53,"column":5}},"19":{"start":{"line":51,"column":6},"end":{"line":51,"column":59}},"20":{"start":{"line":52,"column":6},"end":{"line":52,"column":13}},"21":{"start":{"line":55,"column":4},"end":{"line":55,"column":25}},"22":{"start":{"line":59,"column":4},"end":{"line":59,"column":51}},"23":{"start":{"line":59,"column":39},"end":{"line":59,"column":51}},"24":{"start":{"line":60,"column":18},"end":{"line":60,"column":44}},"25":{"start":{"line":61,"column":4},"end":{"line":61,"column":28}},"26":{"start":{"line":61,"column":16},"end":{"line":61,"column":28}},"27":{"start":{"line":62,"column":4},"end":{"line":62,"column":23}},"28":{"start":{"line":66,"column":15},"end":{"line":66,"column":46}},"29":{"start":{"line":67,"column":4},"end":{"line":67,"column":50}},"30":{"start":{"line":67,"column":33},"end":{"line":67,"column":50}},"31":{"start":{"line":68,"column":4},"end":{"line":68,"column":32}},"32":{"start":{"line":72,"column":14},"end":{"line":72,"column":48}},"33":{"start":{"line":73,"column":14},"end":{"line":73,"column":48}},"34":{"start":{"line":74,"column":4},"end":{"line":74,"column":41}},"35":{"start":{"line":78,"column":4},"end":{"line":78,"column":42}},"36":{"start":{"line":86,"column":4},"end":{"line":86,"column":52}},"37":{"start":{"line":86,"column":39},"end":{"line":86,"column":52}},"38":{"start":{"line":88,"column":4},"end":{"line":96,"column":5}},"39":{"start":{"line":89,"column":21},"end":{"line":89,"column":32}},"40":{"start":{"line":90,"column":6},"end":{"line":95,"column":7}},"41":{"start":{"line":91,"column":21},"end":{"line":91,"column":45}},"42":{"start":{"line":92,"column":8},"end":{"line":94,"column":9}},"43":{"start":{"line":93,"column":10},"end":{"line":93,"column":23}},"44":{"start":{"line":97,"column":4},"end":{"line":97,"column":16}},"45":{"start":{"line":101,"column":4},"end":{"line":107,"column":6}},"46":{"start":{"line":111,"column":20},"end":{"line":111,"column":71}},"47":{"start":{"line":114,"column":4},"end":{"line":118,"column":5}},"48":{"start":{"line":115,"column":6},"end":{"line":117,"column":7}},"49":{"start":{"line":116,"column":8},"end":{"line":116,"column":39}},"50":{"start":{"line":121,"column":4},"end":{"line":125,"column":5}},"51":{"start":{"line":122,"column":6},"end":{"line":124,"column":7}},"52":{"start":{"line":123,"column":8},"end":{"line":123,"column":39}},"53":{"start":{"line":127,"column":4},"end":{"line":127,"column":19}},"54":{"start":{"line":131,"column":4},"end":{"line":131,"column":65}},"55":{"start":{"line":10,"column":0},"end":{"line":10,"column":13}}},"fnMap":{"0":{"name":"(anonymous_0)","decl":{"start":{"line":17,"column":2},"end":{"line":17,"column":14}},"loc":{"start":{"line":17,"column":61},"end":{"line":26,"column":3}}},"1":{"name":"(anonymous_1)","decl":{"start":{"line":28,"column":9},"end":{"line":28,"column":20}},"loc":{"start":{"line":28,"column":33},"end":{"line":37,"column":3}}},"2":{"name":"(anonymous_2)","decl":{"start":{"line":35,"column":11},"end":{"line":35,"column":14}},"loc":{"start":{"line":35,"column":17},"end":{"line":35,"column":42}}},"3":{"name":"(anonymous_3)","decl":{"start":{"line":39,"column":9},"end":{"line":39,"column":21}},"loc":{"start":{"line":39,"column":44},"end":{"line":41,"column":3}}},"4":{"name":"(anonymous_4)","decl":{"start":{"line":43,"column":9},"end":{"line":43,"column":16}},"loc":{"start":{"line":43,"column":72},"end":{"line":56,"column":3}}},"5":{"name":"(anonymous_5)","decl":{"start":{"line":58,"column":9},"end":{"line":58,"column":18}},"loc":{"start":{"line":58,"column":58},"end":{"line":63,"column":3}}},"6":{"name":"(anonymous_6)","decl":{"start":{"line":65,"column":9},"end":{"line":65,"column":16}},"loc":{"start":{"line":65,"column":56},"end":{"line":69,"column":3}}},"7":{"name":"(anonymous_7)","decl":{"start":{"line":71,"column":9},"end":{"line":71,"column":23}},"loc":{"start":{"line":71,"column":73},"end":{"line":75,"column":3}}},"8":{"name":"(anonymous_8)","decl":{"start":{"line":77,"column":9},"end":{"line":77,"column":22}},"loc":{"start":{"line":77,"column":22},"end":{"line":79,"column":3}}},"9":{"name":"(anonymous_9)","decl":{"start":{"line":81,"column":9},"end":{"line":81,"column":19}},"loc":{"start":{"line":81,"column":40},"end":{"line":98,"column":3}}},"10":{"name":"(anonymous_10)","decl":{"start":{"line":100,"column":9},"end":{"line":100,"column":15}},"loc":{"start":{"line":100,"column":15},"end":{"line":108,"column":3}}},"11":{"name":"(anonymous_11)","decl":{"start":{"line":110,"column":9},"end":{"line":110,"column":15}},"loc":{"start":{"line":110,"column":34},"end":{"line":128,"column":3}}},"12":{"name":"(anonymous_12)","decl":{"start":{"line":130,"column":10},"end":{"line":130,"column":27}},"loc":{"start":{"line":130,"column":48},"end":{"line":132,"column":3}}}},"branchMap":{"0":{"loc":{"start":{"line":29,"column":4},"end":{"line":32,"column":5}},"type":"if","locations":[{"start":{"line":29,"column":4},"end":{"line":32,"column":5}},{"start":{},"end":{}}]},"1":{"loc":{"start":{"line":44,"column":4},"end":{"line":47,"column":5}},"type":"if","locations":[{"start":{"line":44,"column":4},"end":{"line":47,"column":5}},{"start":{},"end":{}}]},"2":{"loc":{"start":{"line":50,"column":4},"end":{"line":53,"column":5}},"type":"if","locations":[{"start":{"line":50,"column":4},"end":{"line":53,"column":5}},{"start":{},"end":{}}]},"3":{"loc":{"start":{"line":59,"column":4},"end":{"line":59,"column":51}},"type":"if","locations":[{"start":{"line":59,"column":4},"end":{"line":59,"column":51}},{"start":{},"end":{}}]},"4":{"loc":{"start":{"line":61,"column":4},"end":{"line":61,"column":28}},"type":"if","locations":[{"start":{"line":61,"column":4},"end":{"line":61,"column":28}},{"start":{},"end":{}}]},"5":{"loc":{"start":{"line":67,"column":4},"end":{"line":67,"column":50}},"type":"if","locations":[{"start":{"line":67,"column":4},"end":{"line":67,"column":50}},{"start":{},"end":{}}]},"6":{"loc":{"start":{"line":67,"column":8},"end":{"line":67,"column":31}},"type":"binary-expr","locations":[{"start":{"line":67,"column":8},"end":{"line":67,"column":19}},{"start":{"line":67,"column":23},"end":{"line":67,"column":31}}]},"7":{"loc":{"start":{"line":86,"column":4},"end":{"line":86,"column":52}},"type":"if","locations":[{"start":{"line":86,"column":4},"end":{"line":86,"column":52}},{"start":{},"end":{}}]},"8":{"loc":{"start":{"line":90,"column":6},"end":{"line":95,"column":7}},"type":"if","locations":[{"start":{"line":90,"column":6},"end":{"line":95,"column":7}},{"start":{},"end":{}}]},"9":{"loc":{"start":{"line":92,"column":8},"end":{"line":94,"column":9}},"type":"if","locations":[{"start":{"line":92,"column":8},"end":{"line":94,"column":9}},{"start":{},"end":{}}]},"10":{"loc":{"start":{"line":92,"column":12},"end":{"line":92,"column":34}},"type":"binary-expr","locations":[{"start":{"line":92,"column":12},"end":{"line":92,"column":16}},{"start":{"line":92,"column":20},"end":{"line":92,"column":34}}]},"11":{"loc":{"start":{"line":114,"column":4},"end":{"line":118,"column":5}},"type":"if","locations":[{"start":{"line":114,"column":4},"end":{"line":118,"column":5}},{"start":{},"end":{}}]},"12":{"loc":{"start":{"line":121,"column":4},"end":{"line":125,"column":5}},"type":"if","locations":[{"start":{"line":121,"column":4},"end":{"line":125,"column":5}},{"start":{},"end":{}}]},"13":{"loc":{"start":{"line":131,"column":11},"end":{"line":131,"column":64}},"type":"binary-expr","locations":[{"start":{"line":131,"column":11},"end":{"line":131,"column":17}},{"start":{"line":131,"column":21},"end":{"line":131,"column":35}},{"start":{"line":131,"column":39},"end":{"line":131,"column":45}},{"start":{"line":131,"column":49},"end":{"line":131,"column":64}}]}},"s":{"0":13,"1":35,"2":35,"3":35,"4":35,"5":35,"6":35,"7":43,"8":0,"9":0,"10":43,"11":750,"12":43,"13":64,"14":16921,"15":0,"16":0,"17":16921,"18":16921,"19":0,"20":0,"21":16921,"22":1748,"23":80,"24":1668,"25":1668,"26":0,"27":1668,"28":126,"29":126,"30":123,"31":3,"32":0,"33":0,"34":0,"35":10,"36":1780,"37":1,"38":1779,"39":1792,"40":1792,"41":1767,"42":1767,"43":1691,"44":88,"45":1,"46":1,"47":1,"48":1,"49":0,"50":1,"51":1,"52":2,"53":1,"54":20449,"55":13},"f":{"0":35,"1":43,"2":750,"3":64,"4":16921,"5":1748,"6":126,"7":0,"8":10,"9":1780,"10":1,"11":1,"12":20449},"b":{"0":[0,43],"1":[0,16921],"2":[0,16921],"3":[80,1668],"4":[0,1668],"5":[123,3],"6":[126,126],"7":[1,1779],"8":[1767,25],"9":[1691,76],"10":[1767,1767],"11":[1,0],"12":[1,0],"13":[20449,20429,20408,20388]}}
}
