TN:
SF:src\core\components.ts
FN:11,(anonymous_0)
FNF:1
FNH:1
FNDA:38,(anonymous_0)
DA:1,14
DA:3,14
DA:4,38
DA:5,38
DA:6,38
DA:7,38
DA:8,38
DA:9,38
DA:12,38
DA:13,38
DA:14,38
DA:15,38
LF:12
LH:12
BRDA:11,0,0,0
BRDA:11,1,0,0
BRDA:11,2,0,38
BRF:3
BRH:1
end_of_record
TN:
SF:src\core\config-manager.ts
FN:50,(anonymous_9)
FN:55,(anonymous_10)
FN:59,(anonymous_11)
FN:70,(anonymous_12)
FNF:4
FNH:4
FNDA:5,(anonymous_9)
FNDA:5,(anonymous_10)
FNDA:5,(anonymous_11)
FNDA:5,(anonymous_12)
DA:1,6
DA:3,6
DA:46,6
DA:48,5
DA:51,5
DA:52,5
DA:56,5
DA:60,5
DA:61,5
DA:62,5
DA:63,0
DA:65,5
DA:71,5
LF:13
LH:12
BRDA:50,0,0,5
BRDA:60,1,0,5
BRDA:60,1,1,0
BRDA:62,2,0,0
BRDA:62,2,1,5
BRDA:65,3,0,5
BRDA:65,3,1,0
BRDA:73,4,0,5
BRDA:73,4,1,5
BRDA:74,5,0,5
BRDA:74,5,1,5
BRDA:78,6,0,5
BRDA:78,6,1,5
BRDA:79,7,0,5
BRDA:79,7,1,5
BRDA:80,8,0,5
BRDA:80,8,1,5
BRDA:84,9,0,5
BRDA:84,9,1,5
BRDA:85,10,0,5
BRDA:85,10,1,5
BRDA:86,11,0,5
BRDA:86,11,1,5
BRDA:90,12,0,5
BRDA:90,12,1,0
BRDA:91,13,0,5
BRDA:91,13,1,0
BRDA:92,14,0,5
BRDA:92,14,1,5
BRDA:95,15,0,5
BRDA:95,15,1,0
BRDA:97,16,0,5
BRDA:97,16,1,0
BRDA:98,17,0,5
BRDA:98,17,1,0
BRDA:99,18,0,5
BRDA:99,18,1,0
BRDA:100,19,0,5
BRDA:100,19,1,0
BRDA:101,20,0,5
BRDA:101,20,1,0
BRDA:104,21,0,0
BRDA:104,21,1,5
BRDA:109,22,0,0
BRDA:109,22,1,5
BRDA:111,23,0,0
BRDA:111,23,1,0
BRDA:112,24,0,0
BRDA:112,24,1,0
BRF:49
BRH:32
end_of_record
TN:
SF:src\core\engine.ts
FN:64,(anonymous_0)
FN:94,(anonymous_1)
FN:120,(anonymous_2)
FN:129,(anonymous_3)
FN:130,(anonymous_4)
FN:134,(anonymous_5)
FN:145,(anonymous_6)
FN:159,(anonymous_7)
FN:182,(anonymous_8)
FN:203,(anonymous_9)
FN:205,(anonymous_10)
FN:208,(anonymous_11)
FN:211,(anonymous_12)
FN:214,(anonymous_13)
FN:221,(anonymous_14)
FN:227,(anonymous_15)
FN:232,(anonymous_16)
FN:247,(anonymous_17)
FNF:18
FNH:12
FNDA:3,(anonymous_0)
FNDA:0,(anonymous_1)
FNDA:2,(anonymous_2)
FNDA:39,(anonymous_3)
FNDA:28,(anonymous_4)
FNDA:3,(anonymous_5)
FNDA:0,(anonymous_6)
FNDA:0,(anonymous_7)
FNDA:1,(anonymous_8)
FNDA:1,(anonymous_9)
FNDA:1,(anonymous_10)
FNDA:0,(anonymous_11)
FNDA:0,(anonymous_12)
FNDA:0,(anonymous_13)
FNDA:2,(anonymous_14)
FNDA:3,(anonymous_15)
FNDA:39,(anonymous_16)
FNDA:28,(anonymous_17)
DA:1,3
DA:2,3
DA:3,3
DA:4,3
DA:5,3
DA:6,3
DA:7,3
DA:13,3
DA:14,3
DA:15,3
DA:16,3
DA:17,3
DA:18,3
DA:19,3
DA:20,3
DA:21,3
DA:22,3
DA:23,3
DA:24,3
DA:25,3
DA:26,3
DA:27,3
DA:29,3
DA:30,3
DA:31,3
DA:32,3
DA:33,3
DA:34,3
DA:35,3
DA:37,3
DA:65,3
DA:66,3
DA:68,3
DA:69,3
DA:71,3
DA:72,3
DA:73,3
DA:76,3
DA:77,3
DA:79,3
DA:82,3
DA:83,3
DA:85,3
DA:86,3
DA:87,3
DA:88,3
DA:89,3
DA:90,3
DA:91,3
DA:94,3
DA:95,0
DA:96,0
DA:99,3
DA:100,3
DA:103,3
DA:104,3
DA:105,3
DA:107,3
DA:108,3
DA:109,3
DA:112,3
DA:113,3
DA:115,3
DA:116,0
DA:117,0
DA:120,3
DA:121,2
DA:122,0
DA:123,0
DA:127,3
DA:129,39
DA:130,28
DA:135,3
DA:136,3
DA:137,3
DA:138,3
DA:139,3
DA:140,3
DA:141,3
DA:142,3
DA:146,0
DA:147,0
DA:151,0
DA:152,0
DA:153,0
DA:155,0
DA:160,0
DA:162,0
DA:163,0
DA:164,0
DA:165,0
DA:168,0
DA:170,0
DA:171,0
DA:172,0
DA:175,0
DA:176,0
DA:179,0
DA:183,1
DA:185,1
DA:186,1
DA:187,1
DA:188,1
DA:189,1
DA:191,0
DA:194,1
DA:197,1
DA:198,1
DA:199,1
DA:205,1
DA:206,1
DA:208,1
DA:209,0
DA:211,1
DA:212,0
DA:214,1
DA:215,0
DA:222,2
DA:223,2
DA:224,2
DA:228,3
DA:229,3
DA:233,39
DA:235,39
DA:237,39
DA:238,39
DA:239,39
DA:241,39
DA:243,39
DA:244,39
DA:248,28
DA:250,28
DA:254,28
DA:258,28
DA:259,28
DA:260,28
DA:261,28
DA:263,28
DA:264,28
DA:265,0
DA:269,28
DA:270,0
DA:273,0
DA:274,0
DA:279,28
DA:281,28
DA:290,28
DA:291,28
DA:299,28
DA:304,3
DA:305,0
DA:307,0
LF:152
LH:118
BRDA:115,0,0,0
BRDA:115,0,1,3
BRDA:121,1,0,0
BRDA:121,1,1,2
BRDA:149,2,0,0
BRDA:149,2,1,0
BRDA:151,3,0,0
BRDA:151,3,1,0
BRDA:160,4,0,0
BRDA:160,4,1,0
BRDA:163,5,0,0
BRDA:163,5,1,0
BRDA:175,6,0,0
BRDA:175,6,1,0
BRDA:185,7,0,1
BRDA:185,7,1,0
BRDA:187,8,0,1
BRDA:187,8,1,0
BRDA:197,9,0,1
BRDA:197,9,1,0
BRDA:259,10,0,28
BRDA:259,10,1,28
BRDA:260,11,0,28
BRDA:260,11,1,28
BRDA:261,12,0,28
BRDA:261,12,1,28
BRDA:264,13,0,0
BRDA:264,13,1,28
BRDA:269,14,0,0
BRDA:269,14,1,28
BRDA:269,15,0,28
BRDA:269,15,1,28
BRDA:273,16,0,0
BRDA:273,16,1,0
BRDA:304,17,0,0
BRDA:304,17,1,3
BRF:36
BRH:16
end_of_record
TN:
SF:src\core\event-system.ts
FN:12,(anonymous_0)
FN:16,(anonymous_1)
FN:26,(anonymous_2)
FN:37,(anonymous_3)
FN:51,(anonymous_4)
FN:55,(anonymous_5)
FN:67,(anonymous_6)
FNF:7
FNH:7
FNDA:11,(anonymous_0)
FNDA:52,(anonymous_1)
FNDA:50,(anonymous_2)
FNDA:1,(anonymous_3)
FNDA:102,(anonymous_4)
FNDA:12,(anonymous_5)
FNDA:3,(anonymous_6)
DA:1,17
DA:8,17
DA:13,11
DA:17,52
DA:18,11
DA:20,52
DA:27,50
DA:28,26
DA:30,50
DA:38,1
DA:40,1
DA:41,1
DA:43,1
DA:44,1
DA:52,102
DA:54,8
DA:55,8
DA:56,12
DA:57,12
DA:59,0
DA:68,3
LF:21
LH:20
BRDA:17,0,0,11
BRDA:17,0,1,41
BRDA:27,1,0,26
BRDA:27,1,1,24
BRDA:38,2,0,0
BRDA:38,2,1,1
BRDA:43,3,0,1
BRDA:43,3,1,0
BRDA:52,4,0,94
BRDA:52,4,1,8
BRF:10
BRH:8
end_of_record
TN:
SF:src\core\game-loop.ts
FN:16,(anonymous_0)
FN:45,(anonymous_1)
FN:23,(anonymous_2)
FN:33,(anonymous_3)
FN:38,(anonymous_4)
FNF:5
FNH:5
FNDA:3,(anonymous_0)
FNDA:28,(anonymous_1)
FNDA:2,(anonymous_2)
FNDA:3,(anonymous_3)
FNDA:58,(anonymous_4)
DA:1,3
DA:6,3
DA:7,3
DA:8,3
DA:9,3
DA:17,3
DA:18,3
DA:19,3
DA:20,3
DA:24,2
DA:25,2
DA:26,2
DA:27,2
DA:28,2
DA:30,2
DA:34,3
DA:35,3
DA:39,58
DA:40,58
DA:42,0
DA:45,3
DA:46,28
DA:48,28
DA:49,28
DA:52,28
DA:54,28
DA:55,28
DA:57,28
DA:58,39
DA:59,39
DA:62,28
DA:63,28
DA:65,28
DA:66,0
DA:69,28
DA:70,28
LF:36
LH:34
BRDA:16,0,0,0
BRDA:46,1,0,0
BRDA:46,1,1,28
BRDA:52,2,0,0
BRDA:52,2,1,28
BRDA:65,3,0,0
BRDA:65,3,1,28
BRDA:24,4,0,0
BRDA:24,4,1,2
BRDA:39,5,0,58
BRDA:39,5,1,0
BRDA:39,6,0,58
BRDA:39,6,1,58
BRF:13
BRH:7
end_of_record
TN:
SF:src\core\game-state.ts
FN:23,(anonymous_0)
FN:28,(anonymous_1)
FN:32,(anonymous_2)
FN:47,(anonymous_3)
FN:53,(anonymous_4)
FN:59,(anonymous_5)
FN:63,(anonymous_6)
FN:67,(anonymous_7)
FN:73,(anonymous_8)
FNF:9
FNH:7
FNDA:8,(anonymous_0)
FNDA:5,(anonymous_1)
FNDA:6,(anonymous_2)
FNDA:40,(anonymous_3)
FNDA:29,(anonymous_4)
FNDA:4,(anonymous_5)
FNDA:28,(anonymous_6)
FNDA:0,(anonymous_7)
FNDA:0,(anonymous_8)
DA:2,4
DA:18,4
DA:20,8
DA:24,8
DA:25,8
DA:29,5
DA:33,6
DA:34,1
DA:35,1
DA:38,5
DA:39,1
DA:42,5
DA:43,5
DA:44,5
DA:48,40
DA:49,1
DA:54,29
DA:55,1
DA:60,4
DA:64,28
DA:68,0
DA:74,0
DA:75,0
LF:23
LH:20
BRDA:33,0,0,1
BRDA:33,0,1,5
BRDA:38,1,0,1
BRDA:38,1,1,4
BRDA:48,2,0,1
BRDA:48,2,1,39
BRDA:54,3,0,1
BRDA:54,3,1,28
BRDA:60,4,0,3
BRDA:60,4,1,1
BRDA:64,5,0,0
BRDA:64,5,1,28
BRDA:64,6,0,28
BRDA:64,6,1,0
BRDA:68,7,0,0
BRDA:68,7,1,0
BRDA:68,8,0,0
BRDA:68,8,1,0
BRDA:74,9,0,0
BRDA:74,9,1,0
BRDA:74,10,0,0
BRDA:74,10,1,0
BRF:22
BRH:12
end_of_record
TN:
SF:src\core\resource-manager.ts
FN:8,(anonymous_0)
FN:14,(anonymous_1)
FN:19,(anonymous_2)
FN:30,(anonymous_3)
FN:35,(anonymous_4)
FN:43,(anonymous_5)
FN:48,(anonymous_6)
FN:59,(anonymous_7)
FN:64,(anonymous_8)
FN:72,(anonymous_9)
FN:90,(anonymous_10)
FN:94,(anonymous_11)
FN:98,(anonymous_12)
FN:102,(anonymous_13)
FNF:14
FNH:1
FNDA:4,(anonymous_0)
FNDA:0,(anonymous_1)
FNDA:0,(anonymous_2)
FNDA:0,(anonymous_3)
FNDA:0,(anonymous_4)
FNDA:0,(anonymous_5)
FNDA:0,(anonymous_6)
FNDA:0,(anonymous_7)
FNDA:0,(anonymous_8)
FNDA:0,(anonymous_9)
FNDA:0,(anonymous_10)
FNDA:0,(anonymous_11)
FNDA:0,(anonymous_12)
FNDA:0,(anonymous_13)
DA:1,5
DA:3,5
DA:9,4
DA:10,4
DA:11,4
DA:15,0
DA:16,0
DA:19,0
DA:20,0
DA:22,0
DA:23,0
DA:24,0
DA:25,0
DA:26,0
DA:29,0
DA:30,0
DA:31,0
DA:32,0
DA:33,0
DA:35,0
DA:36,0
DA:37,0
DA:39,0
DA:44,0
DA:45,0
DA:48,0
DA:49,0
DA:51,0
DA:52,0
DA:53,0
DA:54,0
DA:55,0
DA:58,0
DA:59,0
DA:60,0
DA:61,0
DA:62,0
DA:64,0
DA:65,0
DA:66,0
DA:68,0
DA:73,0
DA:74,0
DA:77,0
DA:79,0
DA:80,0
DA:81,0
DA:82,0
DA:83,0
DA:85,0
DA:86,0
DA:91,0
DA:95,0
DA:99,0
DA:103,0
DA:104,0
DA:105,0
LF:57
LH:5
BRDA:15,0,0,0
BRDA:15,0,1,0
BRDA:20,1,0,0
BRDA:20,1,1,0
BRDA:44,2,0,0
BRDA:44,2,1,0
BRDA:49,3,0,0
BRDA:49,3,1,0
BRDA:73,4,0,0
BRDA:73,4,1,0
BRF:10
BRH:0
end_of_record
TN:
SF:src\core\serialization.ts
FN:23,(anonymous_0)
FN:26,(anonymous_1)
FN:30,(anonymous_2)
FN:52,(anonymous_3)
FN:69,(anonymous_4)
FN:71,(anonymous_5)
FN:78,(anonymous_6)
FN:80,(anonymous_7)
FNF:8
FNH:8
FNDA:6,(anonymous_0)
FNDA:30,(anonymous_1)
FNDA:2,(anonymous_2)
FNDA:3,(anonymous_3)
FNDA:1,(anonymous_4)
FNDA:1,(anonymous_5)
FNDA:1,(anonymous_6)
FNDA:1,(anonymous_7)
DA:2,4
DA:3,4
DA:23,4
DA:24,6
DA:27,30
DA:31,2
DA:33,2
DA:35,4
DA:36,0
DA:38,4
DA:40,4
DA:46,2
DA:53,3
DA:55,3
DA:56,5
DA:57,5
DA:58,4
DA:59,4
DA:60,4
DA:62,1
DA:66,3
DA:70,1
DA:71,1
DA:75,1
DA:79,1
DA:80,1
DA:83,1
DA:84,1
DA:87,1
LF:29
LH:28
BRDA:35,0,0,0
BRDA:35,0,1,4
BRDA:35,1,0,4
BRDA:35,1,1,0
BRDA:57,2,0,4
BRDA:57,2,1,1
BRDA:73,3,0,1
BRDA:73,3,1,0
BRDA:83,4,0,1
BRDA:83,4,1,0
BRF:10
BRH:6
end_of_record
TN:
SF:src\debug\debug-overlay.ts
FN:10,(anonymous_0)
FN:15,(anonymous_1)
FN:19,(anonymous_2)
FN:23,(anonymous_3)
FNF:4
FNH:4
FNDA:5,(anonymous_0)
FNDA:1,(anonymous_1)
FNDA:28,(anonymous_2)
FNDA:2,(anonymous_3)
DA:3,4
DA:5,4
DA:8,5
DA:11,5
DA:12,5
DA:16,1
DA:20,28
DA:24,2
DA:27,1
DA:30,1
DA:31,1
DA:37,1
DA:43,1
LF:13
LH:13
BRDA:24,0,0,1
BRDA:24,0,1,1
BRF:2
BRH:2
end_of_record
TN:
SF:src\debug\debug-render-system.ts
FN:12,(anonymous_0)
FN:17,(anonymous_1)
FN:21,(anonymous_2)
FN:25,(anonymous_3)
FN:35,(anonymous_4)
FNF:5
FNH:4
FNDA:5,(anonymous_0)
FNDA:2,(anonymous_1)
FNDA:0,(anonymous_2)
FNDA:2,(anonymous_3)
FNDA:1,(anonymous_4)
DA:7,4
DA:10,5
DA:13,5
DA:14,5
DA:18,2
DA:22,0
DA:26,2
DA:29,2
DA:30,1
DA:33,2
DA:35,2
DA:36,1
DA:37,1
DA:39,1
DA:40,1
DA:50,1
DA:54,2
DA:55,1
LF:18
LH:17
BRDA:26,0,0,0
BRDA:26,0,1,2
BRDA:29,1,0,1
BRDA:29,1,1,1
BRDA:39,2,0,1
BRDA:39,2,1,0
BRDA:39,3,0,1
BRDA:39,3,1,1
BRDA:54,4,0,1
BRDA:54,4,1,1
BRF:10
BRH:8
end_of_record
TN:
SF:src\debug\profiler.ts
FN:15,(anonymous_0)
FN:19,(anonymous_1)
FN:26,(anonymous_2)
FN:30,(anonymous_3)
FNF:4
FNH:4
FNDA:4,(anonymous_0)
FNDA:215,(anonymous_1)
FNDA:89,(anonymous_2)
FNDA:90,(anonymous_3)
DA:1,7
DA:4,4
DA:5,4
DA:7,4
DA:8,4
DA:9,4
DA:12,4
DA:13,4
DA:16,4
DA:20,215
DA:21,4
DA:23,215
DA:27,89
DA:31,90
DA:32,90
DA:34,90
DA:35,90
DA:36,1
DA:37,1
DA:38,1
LF:20
LH:20
BRDA:20,0,0,4
BRDA:20,0,1,211
BRDA:35,1,0,1
BRDA:35,1,1,89
BRF:4
BRH:4
end_of_record
TN:
SF:src\ecs\component.ts
FNF:0
FNH:0
DA:4,18
LF:1
LH:1
BRF:0
BRH:0
end_of_record
TN:
SF:src\ecs\entity-manager.ts
FN:9,(anonymous_0)
FN:14,(anonymous_1)
FN:20,(anonymous_2)
FN:28,(anonymous_3)
FN:33,(anonymous_4)
FN:38,(anonymous_5)
FN:42,(anonymous_6)
FN:46,(anonymous_7)
FN:47,(anonymous_8)
FN:48,(anonymous_9)
FN:52,(anonymous_10)
FNF:11
FNH:7
FNDA:8,(anonymous_0)
FNDA:3,(anonymous_1)
FNDA:8,(anonymous_2)
FNDA:0,(anonymous_3)
FNDA:0,(anonymous_4)
FNDA:0,(anonymous_5)
FNDA:292,(anonymous_6)
FNDA:236,(anonymous_7)
FNDA:20,(anonymous_8)
FNDA:41,(anonymous_9)
FNDA:0,(anonymous_10)
DA:1,5
DA:3,5
DA:5,5
DA:10,8
DA:11,8
DA:15,3
DA:16,3
DA:17,3
DA:21,8
DA:22,8
DA:23,8
DA:24,8
DA:29,0
DA:30,0
DA:31,0
DA:32,0
DA:33,0
DA:34,0
DA:39,0
DA:43,292
DA:47,236
DA:48,41
DA:53,0
DA:54,0
LF:24
LH:15
BRDA:21,0,0,8
BRDA:21,0,1,0
BRDA:29,1,0,0
BRDA:29,1,1,0
BRF:4
BRH:1
end_of_record
TN:
SF:src\ecs\entity.ts
FN:12,(anonymous_0)
FN:17,(anonymous_1)
FN:24,(anonymous_2)
FN:28,(anonymous_3)
FN:57,(anonymous_4)
FN:61,(anonymous_5)
FNF:6
FNH:5
FNDA:41,(anonymous_0)
FNDA:82,(anonymous_1)
FNDA:0,(anonymous_2)
FNDA:110,(anonymous_3)
FNDA:41,(anonymous_4)
FNDA:3,(anonymous_5)
DA:1,14
DA:3,14
DA:7,14
DA:10,41
DA:13,41
DA:14,41
DA:18,82
DA:19,0
DA:21,82
DA:25,0
DA:32,110
DA:41,110
DA:42,108
DA:49,2
DA:50,2
DA:51,2
DA:54,0
DA:58,41
DA:62,3
LF:19
LH:16
BRDA:13,0,0,41
BRDA:13,0,1,16
BRDA:18,1,0,0
BRDA:18,1,1,82
BRDA:32,2,0,108
BRDA:32,2,1,2
BRDA:41,3,0,108
BRDA:41,3,1,2
BRDA:50,4,0,2
BRDA:50,4,1,0
BRF:10
BRH:8
end_of_record
TN:
SF:src\ecs\system-registry.ts
FN:10,(anonymous_0)
FN:15,(anonymous_1)
FN:17,(anonymous_2)
FN:21,(anonymous_3)
FN:29,(anonymous_4)
FNF:5
FNH:4
FNDA:5,(anonymous_0)
FNDA:19,(anonymous_1)
FNDA:64,(anonymous_2)
FNDA:0,(anonymous_3)
FNDA:41,(anonymous_4)
DA:1,4
DA:6,4
DA:11,5
DA:12,5
DA:16,19
DA:17,64
DA:18,19
DA:22,0
DA:23,0
DA:24,0
DA:25,0
DA:30,41
DA:31,236
DA:33,236
DA:35,236
DA:36,236
DA:41,236
DA:43,0
LF:18
LH:13
BRDA:23,0,0,0
BRDA:23,0,1,0
BRDA:35,1,0,236
BRDA:35,1,1,0
BRF:4
BRH:1
end_of_record
TN:
SF:src\ecs\system.ts
FN:3,(anonymous_0)
FNF:1
FNH:1
FNDA:64,(anonymous_0)
DA:3,15
DA:7,64
DA:10,64
LF:3
LH:3
BRF:0
BRH:0
end_of_record
TN:
SF:src\game\core\abstract-game.ts
FN:9,(anonymous_0)
FN:14,(anonymous_1)
FN:20,(anonymous_2)
FN:26,(anonymous_3)
FN:31,(anonymous_4)
FN:41,(anonymous_5)
FN:50,(anonymous_6)
FNF:7
FNH:5
FNDA:1,(anonymous_0)
FNDA:0,(anonymous_1)
FNDA:4,(anonymous_2)
FNDA:0,(anonymous_3)
FNDA:4,(anonymous_4)
FNDA:1,(anonymous_5)
FNDA:5,(anonymous_6)
DA:1,4
DA:5,4
DA:10,1
DA:11,1
DA:15,0
DA:16,0
DA:17,0
DA:21,4
DA:22,4
DA:23,4
DA:27,0
DA:28,0
DA:32,4
DA:33,1
DA:34,1
DA:36,3
DA:37,3
DA:38,3
DA:42,1
DA:43,1
DA:44,1
DA:45,1
DA:46,1
DA:51,5
LF:24
LH:19
BRDA:27,0,0,0
BRDA:27,0,1,0
BRDA:32,1,0,1
BRDA:32,1,1,3
BRDA:43,2,0,1
BRDA:43,2,1,0
BRF:6
BRH:3
end_of_record
TN:
SF:src\game\core\game.ts
FN:9,(anonymous_0)
FN:13,(anonymous_1)
FN:20,(anonymous_2)
FN:25,(anonymous_3)
FN:30,(anonymous_4)
FN:34,(anonymous_5)
FN:38,(anonymous_6)
FN:45,(anonymous_7)
FNF:8
FNH:6
FNDA:1,(anonymous_0)
FNDA:5,(anonymous_1)
FNDA:0,(anonymous_2)
FNDA:4,(anonymous_3)
FNDA:0,(anonymous_4)
FNDA:3,(anonymous_5)
FNDA:1,(anonymous_6)
FNDA:4,(anonymous_7)
DA:1,4
DA:3,4
DA:6,4
DA:10,1
DA:14,5
DA:15,1
DA:17,5
DA:21,0
DA:26,4
DA:27,4
DA:35,3
DA:39,1
DA:46,4
DA:47,4
LF:14
LH:13
BRDA:14,0,0,1
BRDA:14,0,1,4
BRF:2
BRH:2
end_of_record
TN:
SF:src\game\core\interfaces.ts
FN:1,(anonymous_0)
FN:6,(anonymous_1)
FNF:2
FNH:2
FNDA:11,(anonymous_0)
FNDA:11,(anonymous_1)
DA:1,11
DA:2,11
DA:3,11
DA:6,11
DA:7,11
DA:8,11
DA:9,11
LF:7
LH:7
BRDA:1,0,0,11
BRDA:1,0,1,11
BRDA:6,1,0,11
BRDA:6,1,1,11
BRF:4
BRH:4
end_of_record
TN:
SF:src\game\states\lobby-state.ts
FN:33,(anonymous_0)
FN:31,(anonymous_1)
FN:37,(anonymous_2)
FN:61,(anonymous_3)
FN:67,(anonymous_4)
FN:71,(anonymous_5)
FN:75,(anonymous_6)
FN:99,(anonymous_7)
FN:116,(anonymous_8)
FN:146,(anonymous_9)
FN:174,(anonymous_10)
FN:200,(anonymous_11)
FN:229,(anonymous_12)
FN:254,(anonymous_13)
FN:270,(anonymous_14)
FNF:15
FNH:5
FNDA:3,(anonymous_0)
FNDA:0,(anonymous_1)
FNDA:2,(anonymous_2)
FNDA:1,(anonymous_3)
FNDA:0,(anonymous_4)
FNDA:0,(anonymous_5)
FNDA:2,(anonymous_6)
FNDA:2,(anonymous_7)
FNDA:0,(anonymous_8)
FNDA:0,(anonymous_9)
FNDA:0,(anonymous_10)
FNDA:0,(anonymous_11)
FNDA:0,(anonymous_12)
FNDA:0,(anonymous_13)
FNDA:0,(anonymous_14)
DA:3,1
DA:4,1
DA:5,1
DA:6,1
DA:7,1
DA:8,1
DA:14,1
DA:15,3
DA:16,3
DA:20,3
DA:21,3
DA:31,3
DA:34,3
DA:38,2
DA:39,2
DA:40,2
DA:43,2
DA:44,2
DA:45,1
DA:52,1
DA:55,2
DA:58,2
DA:62,1
DA:63,1
DA:64,1
DA:76,2
DA:77,2
DA:78,2
DA:80,2
DA:83,2
DA:88,2
DA:96,2
DA:97,2
DA:99,2
DA:100,2
DA:103,2
DA:116,2
DA:117,0
DA:118,0
DA:119,0
DA:120,0
DA:121,0
DA:126,2
DA:133,2
DA:146,2
DA:147,0
DA:148,0
DA:149,0
DA:150,0
DA:153,2
DA:159,2
DA:161,1
DA:174,1
DA:175,0
DA:176,0
DA:177,0
DA:178,0
DA:180,1
DA:187,1
DA:200,1
DA:201,0
DA:202,0
DA:204,1
DA:211,1
DA:215,1
DA:224,2
DA:229,2
DA:230,0
DA:231,0
DA:239,0
DA:240,0
DA:242,2
DA:249,2
DA:254,2
DA:255,0
DA:256,0
DA:258,2
DA:265,2
DA:270,2
DA:271,0
DA:273,2
LF:81
LH:59
BRDA:44,0,0,1
BRDA:44,0,1,1
BRDA:76,1,0,0
BRDA:76,1,1,2
BRDA:84,2,0,0
BRDA:84,2,1,2
BRDA:90,3,0,0
BRDA:90,3,1,2
BRDA:107,4,0,0
BRDA:107,4,1,2
BRDA:117,5,0,0
BRDA:117,5,1,0
BRDA:119,6,0,0
BRDA:119,6,1,0
BRDA:128,7,0,0
BRDA:128,7,1,2
BRDA:137,8,0,0
BRDA:137,8,1,2
BRDA:139,9,0,0
BRDA:139,9,1,2
BRDA:155,10,0,0
BRDA:155,10,1,2
BRDA:159,11,0,1
BRDA:159,11,1,1
BRDA:165,12,0,0
BRDA:165,12,1,1
BRDA:167,13,0,1
BRDA:167,13,1,1
BRDA:175,14,0,0
BRDA:175,14,1,0
BRDA:176,15,0,0
BRDA:176,15,1,0
BRDA:182,16,0,0
BRDA:182,16,1,1
BRDA:191,17,0,0
BRDA:191,17,1,1
BRDA:193,18,0,0
BRDA:193,18,1,1
BRDA:206,19,0,0
BRDA:206,19,1,1
BRDA:211,20,0,0
BRDA:211,20,1,1
BRDA:217,21,0,0
BRDA:217,21,1,1
BRF:44
BRH:21
end_of_record
TN:
SF:src\game\states\menu-state.ts
FN:7,(anonymous_0)
FN:10,(anonymous_1)
FN:32,(anonymous_2)
FN:49,(anonymous_3)
FN:54,(anonymous_4)
FN:63,(anonymous_5)
FN:68,(anonymous_6)
FN:72,(anonymous_7)
FNF:8
FNH:4
FNDA:4,(anonymous_0)
FNDA:2,(anonymous_1)
FNDA:1,(anonymous_2)
FNDA:0,(anonymous_3)
FNDA:0,(anonymous_4)
FNDA:1,(anonymous_5)
FNDA:0,(anonymous_6)
FNDA:0,(anonymous_7)
DA:3,1
DA:4,1
DA:5,1
DA:7,1
DA:8,4
DA:11,2
DA:14,2
DA:20,2
DA:26,2
DA:32,2
DA:33,1
DA:34,1
DA:37,2
DA:43,2
DA:49,2
DA:50,0
DA:52,0
DA:53,0
DA:54,0
DA:57,2
DA:64,1
DA:65,1
LF:22
LH:18
BRF:0
BRH:0
end_of_record
TN:
SF:src\game\states\play-state.ts
FN:44,(anonymous_0)
FN:39,(anonymous_1)
FN:40,(anonymous_2)
FN:41,(anonymous_3)
FN:50,(anonymous_4)
FN:82,(anonymous_5)
FN:127,(anonymous_6)
FN:130,(anonymous_7)
FN:134,(anonymous_8)
FN:187,(anonymous_9)
FN:215,(anonymous_10)
FN:252,(anonymous_11)
FN:274,(anonymous_12)
FN:282,(anonymous_13)
FN:289,(anonymous_14)
FN:300,(anonymous_15)
FN:309,(anonymous_16)
FN:313,(anonymous_17)
FNF:18
FNH:10
FNDA:7,(anonymous_0)
FNDA:9,(anonymous_1)
FNDA:1,(anonymous_2)
FNDA:0,(anonymous_3)
FNDA:7,(anonymous_4)
FNDA:7,(anonymous_5)
FNDA:7,(anonymous_6)
FNDA:0,(anonymous_7)
FNDA:2,(anonymous_8)
FNDA:1,(anonymous_9)
FNDA:0,(anonymous_10)
FNDA:9,(anonymous_11)
FNDA:1,(anonymous_12)
FNDA:0,(anonymous_13)
FNDA:0,(anonymous_14)
FNDA:0,(anonymous_15)
FNDA:0,(anonymous_16)
FNDA:0,(anonymous_17)
DA:1,2
DA:4,2
DA:5,2
DA:6,2
DA:7,2
DA:8,2
DA:9,2
DA:10,2
DA:11,2
DA:12,2
DA:13,2
DA:15,2
DA:16,2
DA:17,2
DA:18,2
DA:19,2
DA:28,2
DA:29,7
DA:30,7
DA:32,7
DA:34,7
DA:35,7
DA:37,7
DA:38,7
DA:39,9
DA:40,7
DA:41,7
DA:42,7
DA:45,7
DA:46,7
DA:47,7
DA:51,7
DA:52,7
DA:55,7
DA:56,7
DA:58,7
DA:59,7
DA:63,7
DA:66,7
DA:67,0
DA:71,7
DA:74,7
DA:77,7
DA:80,7
DA:83,7
DA:87,7
DA:88,7
DA:89,7
DA:92,7
DA:93,7
DA:96,7
DA:99,7
DA:102,7
DA:110,7
DA:113,7
DA:114,7
DA:117,7
DA:118,7
DA:121,7
DA:122,7
DA:124,7
DA:129,7
DA:130,7
DA:132,7
DA:134,7
DA:135,2
DA:138,2
DA:139,2
DA:141,2
DA:142,2
DA:143,2
DA:145,0
DA:148,2
DA:152,2
DA:155,2
DA:167,2
DA:169,2
DA:170,2
DA:171,2
DA:173,2
DA:179,7
DA:180,7
DA:181,7
DA:182,7
DA:183,7
DA:184,7
DA:188,1
DA:189,1
DA:191,1
DA:192,1
DA:195,1
DA:196,1
DA:197,1
DA:200,1
DA:201,1
DA:203,1
DA:204,1
DA:208,1
DA:209,1
DA:210,1
DA:211,1
DA:212,1
DA:216,0
DA:219,0
DA:220,0
DA:222,0
DA:223,0
DA:224,0
DA:225,0
DA:227,0
DA:229,0
DA:230,0
DA:234,0
DA:235,0
DA:236,0
DA:242,0
DA:243,0
DA:245,0
DA:247,0
DA:253,9
DA:255,4
DA:256,4
DA:258,4
DA:259,4
DA:261,4
DA:263,4
DA:266,1
DA:267,1
DA:270,0
DA:275,1
DA:276,1
DA:277,1
DA:279,1
DA:283,0
DA:284,0
DA:285,0
DA:291,0
DA:292,0
DA:293,0
DA:301,0
DA:302,0
DA:306,0
DA:310,0
DA:314,0
LF:144
LH:113
BRDA:58,0,0,7
BRDA:58,0,1,0
BRDA:66,1,0,0
BRDA:66,1,1,7
BRDA:66,2,0,7
BRDA:66,2,1,0
BRDA:83,3,0,0
BRDA:83,3,1,7
BRDA:141,4,0,2
BRDA:141,4,1,0
BRDA:191,5,0,1
BRDA:191,5,1,0
BRDA:200,6,0,1
BRDA:200,6,1,0
BRDA:203,7,0,1
BRDA:203,7,1,0
BRDA:227,8,0,0
BRDA:227,8,1,0
BRDA:227,9,0,0
BRDA:227,9,1,0
BRDA:229,10,0,0
BRDA:229,10,1,0
BRDA:234,11,0,0
BRDA:234,11,1,0
BRDA:242,12,0,0
BRDA:242,12,1,0
BRDA:247,13,0,0
BRDA:247,13,1,0
BRDA:253,14,0,4
BRDA:253,14,1,4
BRDA:253,14,2,1
BRDA:253,14,3,0
BRDA:258,15,0,4
BRDA:258,15,1,0
BRDA:276,16,0,1
BRDA:276,16,1,0
BRDA:283,17,0,0
BRDA:283,17,1,0
BRDA:283,18,0,0
BRDA:283,18,1,0
BRDA:292,19,0,0
BRDA:292,19,1,0
BRDA:301,20,0,0
BRDA:301,20,1,0
BRF:44
BRH:13
end_of_record
TN:
SF:src\gameplay\building-system.ts
FN:22,(anonymous_0)
FN:32,(anonymous_1)
FN:73,(anonymous_2)
FNF:3
FNH:3
FNDA:7,(anonymous_0)
FNDA:7,(anonymous_1)
FNDA:2,(anonymous_2)
DA:1,1
DA:2,1
DA:18,1
DA:20,7
DA:23,7
DA:24,7
DA:27,7
DA:28,7
DA:39,7
DA:45,2
DA:53,5
DA:54,8
DA:55,14
DA:56,2
DA:62,3
DA:63,3
DA:64,5
DA:65,1
DA:70,2
DA:79,2
DA:80,1
DA:84,1
DA:85,1
DA:86,2
DA:92,1
DA:93,1
DA:94,2
DA:95,4
DA:105,1
DA:106,1
DA:108,1
DA:109,1
DA:114,1
LF:33
LH:33
BRDA:22,0,0,7
BRDA:27,1,0,7
BRDA:27,1,1,0
BRDA:39,2,0,2
BRDA:39,2,1,5
BRDA:40,3,0,7
BRDA:40,3,1,6
BRDA:40,3,2,6
BRDA:40,3,3,5
BRDA:55,4,0,2
BRDA:55,4,1,12
BRDA:62,5,0,3
BRDA:62,5,1,0
BRDA:64,6,0,1
BRDA:64,6,1,4
BRDA:79,7,0,1
BRDA:79,7,1,1
BRDA:84,8,0,1
BRDA:84,8,1,0
BRDA:92,9,0,1
BRDA:92,9,1,0
BRF:21
BRH:17
end_of_record
TN:
SF:src\gameplay\combat-system.ts
FN:20,(anonymous_0)
FN:26,(anonymous_1)
FN:29,(anonymous_2)
FN:36,(anonymous_3)
FN:75,(anonymous_4)
FN:110,(anonymous_5)
FNF:6
FNH:5
FNDA:11,(anonymous_0)
FNDA:4,(anonymous_1)
FNDA:4,(anonymous_2)
FNDA:4,(anonymous_3)
FNDA:3,(anonymous_4)
FNDA:0,(anonymous_5)
DA:2,3
DA:4,3
DA:7,3
DA:11,3
DA:14,11
DA:15,11
DA:16,11
DA:17,11
DA:18,11
DA:21,11
DA:22,11
DA:23,11
DA:24,11
DA:26,11
DA:30,4
DA:32,4
DA:37,4
DA:38,4
DA:39,1
DA:56,3
DA:61,3
DA:62,3
DA:63,3
DA:64,3
DA:65,3
DA:69,3
DA:71,3
DA:72,3
DA:76,3
DA:77,3
DA:79,3
DA:82,3
DA:83,6
DA:85,3
DA:86,3
DA:88,3
DA:89,3
DA:90,3
DA:91,3
DA:93,3
DA:94,2
DA:95,2
DA:100,2
DA:113,0
LF:44
LH:43
BRDA:30,0,0,4
BRDA:30,0,1,0
BRDA:30,1,0,4
BRDA:30,1,1,4
BRDA:38,2,0,1
BRDA:38,2,1,3
BRDA:63,3,0,3
BRDA:63,3,1,0
BRDA:63,4,0,3
BRDA:63,4,1,3
BRDA:69,5,0,0
BRDA:69,5,1,3
BRDA:77,6,0,0
BRDA:77,6,1,3
BRDA:83,7,0,3
BRDA:83,7,1,3
BRDA:88,8,0,3
BRDA:88,8,1,0
BRDA:88,9,0,3
BRDA:88,9,1,3
BRDA:88,9,2,3
BRDA:93,10,0,2
BRDA:93,10,1,1
BRF:23
BRH:18
end_of_record
TN:
SF:src\gameplay\components.ts
FN:9,(anonymous_0)
FN:15,(anonymous_1)
FN:23,(anonymous_2)
FNF:3
FNH:2
FNDA:17,(anonymous_0)
FNDA:2,(anonymous_1)
FNDA:0,(anonymous_2)
DA:1,3
DA:3,3
DA:4,17
DA:7,17
DA:10,17
DA:11,17
DA:12,17
DA:16,2
DA:17,2
DA:18,2
DA:19,0
DA:24,0
DA:25,0
LF:13
LH:10
BRDA:9,0,0,0
BRDA:16,1,0,0
BRDA:16,1,1,2
BRDA:18,2,0,0
BRDA:18,2,1,2
BRDA:24,3,0,0
BRDA:24,3,1,0
BRF:7
BRH:2
end_of_record
TN:
SF:src\gameplay\inventory.ts
FN:3,(anonymous_0)
FN:26,(anonymous_1)
FN:31,(anonymous_2)
FN:34,(anonymous_3)
FN:63,(anonymous_4)
FN:91,(anonymous_5)
FN:101,(anonymous_6)
FN:111,(anonymous_7)
FNF:8
FNH:8
FNDA:5,(anonymous_0)
FNDA:16,(anonymous_1)
FNDA:36,(anonymous_2)
FNDA:11,(anonymous_3)
FNDA:6,(anonymous_4)
FNDA:14,(anonymous_5)
FNDA:6,(anonymous_6)
FNDA:1,(anonymous_7)
DA:1,5
DA:3,5
DA:4,5
DA:5,5
DA:6,5
DA:7,5
DA:21,5
DA:22,16
DA:23,16
DA:27,16
DA:28,16
DA:33,36
DA:34,25
DA:35,25
DA:36,2
DA:37,2
DA:39,2
DA:40,2
DA:42,2
DA:43,1
DA:49,1
DA:54,34
DA:56,33
DA:57,33
DA:60,1
DA:64,6
DA:65,1
DA:68,5
DA:71,5
DA:72,8
DA:73,8
DA:74,6
DA:75,5
DA:76,5
DA:77,5
DA:78,0
DA:80,5
DA:82,1
DA:83,1
DA:88,5
DA:92,14
DA:93,14
DA:94,23
DA:95,15
DA:98,14
DA:102,6
DA:103,6
DA:104,10
DA:105,7
DA:108,6
DA:112,1
LF:51
LH:50
BRDA:3,0,0,5
BRDA:3,0,1,5
BRDA:26,1,0,0
BRDA:33,2,0,25
BRDA:33,2,1,11
BRDA:34,3,0,11
BRDA:34,3,1,4
BRDA:35,4,0,2
BRDA:35,4,1,23
BRDA:42,5,0,1
BRDA:42,5,1,1
BRDA:54,6,0,33
BRDA:54,6,1,1
BRDA:63,7,0,0
BRDA:64,8,0,1
BRDA:64,8,1,5
BRDA:73,9,0,6
BRDA:73,9,1,2
BRDA:74,10,0,5
BRDA:74,10,1,1
BRDA:77,11,0,0
BRDA:77,11,1,5
BRDA:91,12,0,0
BRDA:94,13,0,15
BRDA:94,13,1,8
BRDA:104,14,0,7
BRDA:104,14,1,3
BRF:27
BRH:23
end_of_record
TN:
SF:src\gameplay\network-sync-system.ts
FN:17,(anonymous_0)
FN:26,(anonymous_1)
FN:27,(anonymous_2)
FN:32,(anonymous_3)
FN:37,(anonymous_4)
FN:55,(anonymous_5)
FN:69,(anonymous_6)
FN:92,(anonymous_7)
FN:112,(anonymous_8)
FN:124,(anonymous_9)
FNF:10
FNH:2
FNDA:6,(anonymous_0)
FNDA:6,(anonymous_1)
FNDA:0,(anonymous_2)
FNDA:0,(anonymous_3)
FNDA:0,(anonymous_4)
FNDA:0,(anonymous_5)
FNDA:0,(anonymous_6)
FNDA:0,(anonymous_7)
FNDA:0,(anonymous_8)
FNDA:0,(anonymous_9)
DA:1,2
DA:2,2
DA:5,2
DA:6,2
DA:7,2
DA:8,2
DA:9,2
DA:10,2
DA:12,2
DA:15,6
DA:18,6
DA:19,6
DA:20,6
DA:21,6
DA:23,6
DA:27,6
DA:28,0
DA:29,0
DA:32,6
DA:33,0
DA:40,0
DA:41,0
DA:42,0
DA:43,0
DA:48,0
DA:49,0
DA:50,0
DA:56,0
DA:57,0
DA:59,0
DA:60,0
DA:63,0
DA:64,0
DA:68,0
DA:69,0
DA:70,0
DA:71,0
DA:74,0
DA:76,0
DA:77,0
DA:79,0
DA:80,0
DA:84,0
DA:89,0
DA:93,0
DA:94,0
DA:95,0
DA:100,0
DA:106,0
DA:107,0
DA:113,0
DA:114,0
DA:116,0
DA:119,0
DA:120,0
DA:121,0
DA:126,0
DA:128,0
DA:129,0
DA:130,0
DA:133,0
DA:142,0
DA:143,0
LF:63
LH:17
BRDA:43,0,0,0
BRDA:43,0,1,0
BRDA:43,1,0,0
BRDA:43,1,1,0
BRDA:43,1,2,0
BRDA:56,2,0,0
BRDA:56,2,1,0
BRDA:63,3,0,0
BRDA:63,3,1,0
BRDA:63,4,0,0
BRDA:63,4,1,0
BRDA:71,5,0,0
BRDA:71,5,1,0
BRDA:74,6,0,0
BRDA:74,6,1,0
BRDA:77,7,0,0
BRDA:77,7,1,0
BRDA:100,8,0,0
BRDA:100,8,1,0
BRDA:101,9,0,0
BRDA:101,9,1,0
BRDA:101,9,2,0
BRDA:101,9,3,0
BRDA:126,10,0,0
BRDA:126,10,1,0
BRDA:133,11,0,0
BRDA:133,11,1,0
BRDA:133,12,0,0
BRDA:133,12,1,0
BRDA:133,12,2,0
BRDA:142,13,0,0
BRDA:142,13,1,0
BRDA:142,14,0,0
BRDA:142,14,1,0
BRF:34
BRH:0
end_of_record
TN:
SF:src\gameplay\pathfinding-manager.ts
FN:10,(anonymous_0)
FN:14,(anonymous_1)
FN:19,(anonymous_2)
FN:30,(anonymous_3)
FN:37,(anonymous_4)
FN:41,(anonymous_5)
FNF:6
FNH:5
FNDA:3,(anonymous_0)
FNDA:3,(anonymous_1)
FNDA:30,(anonymous_2)
FNDA:3,(anonymous_3)
FNDA:2,(anonymous_4)
FNDA:0,(anonymous_5)
DA:1,1
DA:2,1
DA:5,1
DA:7,3
DA:8,3
DA:11,3
DA:15,3
DA:16,3
DA:17,3
DA:19,30
DA:21,3
DA:22,30
DA:23,300
DA:26,3
DA:27,3
DA:31,3
DA:32,3
DA:34,3
DA:38,2
DA:42,0
DA:43,0
DA:45,0
DA:46,0
DA:48,0
LF:24
LH:19
BRDA:31,0,0,3
BRDA:31,0,1,0
BRDA:42,1,0,0
BRDA:42,1,1,0
BRDA:45,2,0,0
BRDA:45,2,1,0
BRDA:45,3,0,0
BRDA:45,3,1,0
BRDA:45,3,2,0
BRDA:45,3,3,0
BRF:10
BRH:1
end_of_record
TN:
SF:src\gameplay\player-control-system.ts
FN:16,(anonymous_0)
FN:26,(anonymous_1)
FN:27,(anonymous_2)
FN:33,(anonymous_3)
FN:40,(anonymous_4)
FN:61,(anonymous_5)
FNF:6
FNH:4
FNDA:8,(anonymous_0)
FNDA:8,(anonymous_1)
FNDA:0,(anonymous_2)
FNDA:0,(anonymous_3)
FNDA:2,(anonymous_4)
FNDA:1,(anonymous_5)
DA:1,3
DA:3,3
DA:4,3
DA:10,3
DA:14,8
DA:17,8
DA:18,8
DA:19,8
DA:20,8
DA:21,8
DA:23,8
DA:27,8
DA:28,0
DA:29,0
DA:33,8
DA:34,0
DA:35,0
DA:41,2
DA:42,2
DA:45,2
DA:46,2
DA:47,2
DA:50,2
DA:56,1
DA:62,1
DA:63,1
DA:65,1
DA:66,1
DA:68,1
DA:69,0
DA:71,1
DA:72,0
DA:74,1
DA:75,0
DA:79,1
DA:80,0
DA:81,0
DA:82,0
DA:86,1
DA:87,1
LF:40
LH:30
BRDA:28,0,0,0
BRDA:28,0,1,0
BRDA:34,1,0,0
BRDA:34,1,1,0
BRDA:42,2,0,2
BRDA:42,2,1,0
BRDA:50,3,0,1
BRDA:50,3,1,1
BRDA:51,4,0,2
BRDA:51,4,1,2
BRDA:51,4,2,2
BRDA:51,4,3,2
BRDA:65,5,0,1
BRDA:65,5,1,0
BRDA:65,6,0,1
BRDA:65,6,1,0
BRDA:68,7,0,0
BRDA:68,7,1,1
BRDA:68,8,0,1
BRDA:68,8,1,1
BRDA:71,9,0,0
BRDA:71,9,1,1
BRDA:71,10,0,1
BRDA:71,10,1,1
BRDA:74,11,0,0
BRDA:74,11,1,1
BRDA:74,12,0,1
BRDA:74,12,1,1
BRDA:79,13,0,0
BRDA:79,13,1,1
BRDA:79,14,0,1
BRDA:79,14,1,0
BRF:32
BRH:20
end_of_record
TN:
SF:src\graphics\camera.ts
FN:15,(anonymous_0)
FN:20,(anonymous_1)
FN:25,(anonymous_2)
FN:30,(anonymous_3)
FN:34,(anonymous_4)
FN:38,(anonymous_5)
FN:43,(anonymous_6)
FN:78,(anonymous_7)
FN:85,(anonymous_8)
FNF:9
FNH:5
FNDA:9,(anonymous_0)
FNDA:0,(anonymous_1)
FNDA:1,(anonymous_2)
FNDA:0,(anonymous_3)
FNDA:0,(anonymous_4)
FNDA:0,(anonymous_5)
FNDA:1,(anonymous_6)
FNDA:1,(anonymous_7)
FNDA:1,(anonymous_8)
DA:2,6
DA:4,6
DA:5,9
DA:6,9
DA:9,9
DA:10,9
DA:13,9
DA:16,9
DA:17,9
DA:21,0
DA:22,0
DA:26,1
DA:27,1
DA:31,0
DA:35,0
DA:39,0
DA:40,0
DA:44,1
DA:57,1
DA:58,1
DA:60,1
DA:61,1
DA:66,1
DA:67,0
DA:71,0
DA:79,1
DA:86,1
LF:27
LH:19
BRDA:44,0,0,1
BRDA:44,0,1,0
BRDA:58,1,0,1
BRDA:58,1,1,0
BRDA:66,2,0,0
BRDA:66,2,1,1
BRF:6
BRH:3
end_of_record
TN:
SF:src\graphics\components.ts
FN:15,(anonymous_0)
FN:32,(anonymous_1)
FN:36,(anonymous_2)
FN:68,(anonymous_3)
FN:92,(anonymous_4)
FNF:5
FNH:5
FNDA:14,(anonymous_0)
FNDA:1,(anonymous_1)
FNDA:1,(anonymous_2)
FNDA:4,(anonymous_3)
FNDA:4,(anonymous_4)
DA:1,9
DA:3,9
DA:4,14
DA:8,14
DA:9,14
DA:10,14
DA:11,14
DA:12,14
DA:13,14
DA:16,14
DA:17,14
DA:18,14
DA:19,14
DA:20,14
DA:24,9
DA:25,1
DA:26,1
DA:27,1
DA:28,1
DA:29,1
DA:30,1
DA:33,1
DA:37,1
DA:61,9
DA:62,4
DA:64,4
DA:65,4
DA:66,4
DA:69,4
DA:70,4
DA:86,9
DA:87,4
DA:93,4
DA:94,4
DA:95,4
DA:96,4
LF:36
LH:36
BRDA:15,0,0,12
BRDA:36,1,0,0
BRDA:92,2,0,0
BRF:3
BRH:1
end_of_record
TN:
SF:src\graphics\layer-system.ts
FN:9,(anonymous_0)
FN:18,(anonymous_1)
FN:26,(anonymous_2)
FN:33,(anonymous_3)
FN:34,(anonymous_4)
FN:37,(anonymous_5)
FN:41,(anonymous_6)
FN:42,(anonymous_7)
FNF:8
FNH:6
FNDA:5,(anonymous_0)
FNDA:1,(anonymous_1)
FNDA:5,(anonymous_2)
FNDA:0,(anonymous_3)
FNDA:0,(anonymous_4)
FNDA:1,(anonymous_5)
FNDA:5,(anonymous_6)
FNDA:13,(anonymous_7)
DA:1,1
DA:3,1
DA:6,5
DA:10,5
DA:11,5
DA:15,1
DA:19,1
DA:21,1
DA:22,1
DA:23,1
DA:27,5
DA:28,5
DA:29,5
DA:30,5
DA:34,0
DA:38,1
DA:42,13
LF:17
LH:16
BRF:0
BRH:0
end_of_record
TN:
SF:src\graphics\lighting-system.ts
FN:15,(anonymous_0)
FN:32,(anonymous_1)
FN:36,(anonymous_2)
FNF:3
FNH:3
FNDA:7,(anonymous_0)
FNDA:39,(anonymous_1)
FNDA:30,(anonymous_2)
DA:3,4
DA:9,4
DA:12,7
DA:13,7
DA:16,7
DA:17,7
DA:18,7
DA:19,7
DA:21,7
DA:22,6
DA:26,6
DA:27,6
DA:28,6
DA:37,30
DA:40,25
DA:43,25
DA:44,25
DA:47,25
DA:49,25
DA:50,2
DA:53,2
DA:54,2
DA:55,2
DA:58,25
DA:59,2
DA:60,2
DA:62,2
DA:63,2
DA:75,2
DA:76,2
DA:78,2
DA:79,2
DA:80,2
DA:81,2
DA:85,25
DA:86,2
DA:105,25
LF:37
LH:37
BRDA:15,0,0,7
BRDA:21,1,0,6
BRDA:21,1,1,1
BRDA:37,2,0,5
BRDA:37,2,1,25
BRDA:37,3,0,30
BRDA:37,3,1,25
BRDA:49,4,0,2
BRDA:49,4,1,23
BRDA:62,5,0,2
BRDA:62,5,1,0
BRDA:62,6,0,2
BRDA:62,6,1,2
BRDA:85,7,0,2
BRDA:85,7,1,23
BRF:15
BRH:14
end_of_record
TN:
SF:src\graphics\particle-system.ts
FN:12,(anonymous_0)
FN:18,(anonymous_1)
FN:57,(anonymous_2)
FN:79,(anonymous_3)
FN:83,(anonymous_4)
FNF:5
FNH:4
FNDA:7,(anonymous_0)
FNDA:46,(anonymous_1)
FNDA:29,(anonymous_2)
FNDA:0,(anonymous_3)
FNDA:14,(anonymous_4)
DA:3,4
DA:9,4
DA:13,7
DA:14,7
DA:15,7
DA:19,46
DA:20,7
DA:21,7
DA:23,7
DA:26,7
DA:27,6
DA:28,6
DA:30,6
DA:31,16
DA:32,16
DA:33,14
DA:39,7
DA:40,17
DA:41,17
DA:43,17
DA:44,11
DA:45,11
DA:48,6
DA:49,6
DA:58,29
DA:59,0
DA:62,29
DA:63,3
DA:64,3
DA:66,1
DA:68,1
DA:72,29
DA:73,0
DA:80,0
DA:84,14
DA:86,14
DA:89,14
DA:92,14
DA:104,14
LF:39
LH:36
BRDA:23,0,0,0
BRDA:23,0,1,7
BRDA:23,1,0,7
BRDA:23,1,1,7
BRDA:26,2,0,6
BRDA:26,2,1,1
BRDA:32,3,0,14
BRDA:32,3,1,2
BRDA:43,4,0,11
BRDA:43,4,1,6
BRDA:58,5,0,0
BRDA:58,5,1,29
BRDA:64,6,0,2
BRDA:64,6,1,1
BRDA:72,7,0,0
BRDA:72,7,1,29
BRF:16
BRH:13
end_of_record
TN:
SF:src\graphics\render-system.ts
FN:14,(anonymous_0)
FN:23,(anonymous_1)
FN:57,(anonymous_2)
FN:61,(anonymous_3)
FNF:4
FNH:4
FNDA:6,(anonymous_0)
FNDA:44,(anonymous_1)
FNDA:30,(anonymous_2)
FNDA:4,(anonymous_3)
DA:4,4
DA:10,4
DA:15,6
DA:16,6
DA:17,6
DA:18,6
DA:21,6
DA:24,44
DA:27,44
DA:28,7
DA:29,7
DA:31,7
DA:32,1
DA:33,1
DA:34,1
DA:35,1
DA:36,1
DA:37,1
DA:39,1
DA:40,0
DA:41,0
DA:43,0
DA:44,0
DA:49,1
DA:50,1
DA:58,30
DA:61,30
DA:62,4
DA:63,4
DA:64,4
DA:65,4
DA:67,0
DA:71,30
DA:72,0
DA:75,30
DA:76,4
DA:77,4
DA:79,4
DA:80,4
DA:81,4
DA:82,4
DA:96,0
DA:107,30
DA:108,0
LF:44
LH:36
BRDA:31,0,0,1
BRDA:31,0,1,6
BRDA:31,1,0,7
BRDA:31,1,1,1
BRDA:31,1,2,1
BRDA:33,2,0,1
BRDA:33,2,1,0
BRDA:35,3,0,1
BRDA:35,3,1,0
BRDA:39,4,0,0
BRDA:39,4,1,1
BRDA:40,5,0,0
BRDA:40,5,1,0
BRDA:64,6,0,4
BRDA:64,6,1,0
BRDA:64,7,0,4
BRDA:64,7,1,4
BRDA:71,8,0,0
BRDA:71,8,1,30
BRDA:79,9,0,4
BRDA:79,9,1,0
BRDA:79,10,0,4
BRDA:79,10,1,4
BRDA:79,10,2,4
BRDA:81,11,0,4
BRDA:81,11,1,0
BRDA:89,12,0,0
BRDA:89,12,1,4
BRDA:90,13,0,0
BRDA:90,13,1,4
BRDA:91,14,0,0
BRDA:91,14,1,4
BRDA:92,15,0,0
BRDA:92,15,1,4
BRDA:107,16,0,0
BRDA:107,16,1,30
BRF:36
BRH:22
end_of_record
TN:
SF:src\graphics\renderer.ts
FN:13,(anonymous_0)
FN:18,(anonymous_1)
FN:50,(anonymous_2)
FN:63,(anonymous_3)
FN:67,(anonymous_4)
FN:72,(anonymous_5)
FN:116,(anonymous_6)
FN:122,(anonymous_7)
FN:150,(anonymous_8)
FN:171,(anonymous_9)
FN:186,(anonymous_10)
FN:201,(anonymous_11)
FNF:12
FNH:5
FNDA:7,(anonymous_0)
FNDA:1,(anonymous_1)
FNDA:0,(anonymous_2)
FNDA:28,(anonymous_3)
FNDA:28,(anonymous_4)
FNDA:0,(anonymous_5)
FNDA:0,(anonymous_6)
FNDA:0,(anonymous_7)
FNDA:0,(anonymous_8)
FNDA:0,(anonymous_9)
FNDA:0,(anonymous_10)
FNDA:23,(anonymous_11)
DA:2,6
DA:6,6
DA:7,7
DA:8,7
DA:11,7
DA:14,7
DA:15,7
DA:19,1
DA:20,0
DA:21,0
DA:24,1
DA:25,1
DA:26,0
DA:27,0
DA:30,1
DA:31,1
DA:34,1
DA:35,1
DA:38,1
DA:39,1
DA:42,1
DA:51,0
DA:52,0
DA:53,0
DA:54,0
DA:55,0
DA:56,0
DA:57,0
DA:60,0
DA:64,28
DA:68,28
DA:69,0
DA:73,0
DA:74,0
DA:76,0
DA:77,0
DA:101,0
DA:117,0
DA:118,0
DA:119,0
DA:134,0
DA:136,0
DA:137,0
DA:138,0
DA:139,0
DA:141,0
DA:142,0
DA:144,0
DA:147,0
DA:158,0
DA:160,0
DA:161,0
DA:162,0
DA:163,0
DA:165,0
DA:166,0
DA:168,0
DA:178,0
DA:179,0
DA:180,0
DA:181,0
DA:182,0
DA:183,0
DA:194,0
DA:195,0
DA:196,0
DA:197,0
DA:198,0
DA:202,23
DA:203,0
DA:205,0
DA:207,0
DA:208,0
DA:209,0
DA:211,0
DA:214,0
LF:76
LH:20
BRDA:19,0,0,0
BRDA:19,0,1,1
BRDA:25,1,0,0
BRDA:25,1,1,1
BRDA:38,2,0,1
BRDA:38,2,1,0
BRDA:53,3,0,0
BRDA:53,3,1,0
BRDA:56,4,0,0
BRDA:56,4,1,0
BRDA:68,5,0,28
BRDA:68,5,1,0
BRDA:73,6,0,0
BRDA:73,6,1,0
BRDA:76,7,0,0
BRDA:76,7,1,0
BRDA:117,8,0,0
BRDA:117,8,1,0
BRDA:128,9,0,0
BRDA:134,10,0,0
BRDA:134,10,1,0
BRDA:141,11,0,0
BRDA:141,11,1,0
BRDA:141,12,0,0
BRDA:141,12,1,0
BRDA:141,12,2,0
BRDA:141,12,3,0
BRDA:156,13,0,0
BRDA:158,14,0,0
BRDA:158,14,1,0
BRDA:161,15,0,0
BRDA:161,15,1,0
BRDA:176,16,0,0
BRDA:178,17,0,0
BRDA:178,17,1,0
BRDA:192,18,0,0
BRDA:194,19,0,0
BRDA:194,19,1,0
BRDA:202,20,0,23
BRDA:202,20,1,0
BRDA:207,21,0,0
BRDA:207,21,1,0
BRF:42
BRH:5
end_of_record
TN:
SF:src\graphics\sprite-manager.ts
FN:29,(anonymous_0)
FN:34,(anonymous_1)
FN:49,(anonymous_2)
FN:63,(anonymous_3)
FN:77,(anonymous_4)
FN:95,(anonymous_5)
FN:114,(anonymous_6)
FN:119,(anonymous_7)
FNF:8
FNH:3
FNDA:1,(anonymous_0)
FNDA:1,(anonymous_1)
FNDA:0,(anonymous_2)
FNDA:0,(anonymous_3)
FNDA:0,(anonymous_4)
FNDA:1,(anonymous_5)
FNDA:0,(anonymous_6)
FNDA:0,(anonymous_7)
DA:2,1
DA:25,1
DA:30,1
DA:31,1
DA:40,1
DA:46,1
DA:57,0
DA:58,0
DA:59,0
DA:60,0
DA:63,0
DA:64,0
DA:65,0
DA:66,0
DA:74,0
DA:84,0
DA:85,0
DA:87,0
DA:96,1
DA:97,1
DA:99,1
DA:100,1
DA:102,1
DA:103,1
DA:104,1
DA:106,1
DA:115,0
DA:116,0
DA:120,0
LF:29
LH:14
BRDA:54,0,0,0
BRDA:55,1,0,0
BRDA:58,2,0,0
BRDA:58,2,1,0
BRDA:81,3,0,0
BRDA:82,4,0,0
BRDA:85,5,0,0
BRDA:85,5,1,0
BRDA:97,6,0,0
BRDA:97,6,1,1
BRDA:100,7,0,0
BRDA:100,7,1,1
BRDA:116,8,0,0
BRDA:116,8,1,0
BRF:14
BRH:2
end_of_record
TN:
SF:src\graphics\tilemap-renderer.ts
FN:9,(anonymous_0)
FN:13,(anonymous_1)
FNF:2
FNH:2
FNDA:8,(anonymous_0)
FNDA:2,(anonymous_1)
DA:6,3
DA:10,8
DA:14,2
DA:15,2
DA:16,2
DA:19,2
DA:20,2
DA:21,2
DA:24,2
DA:25,2
DA:26,2
DA:27,2
DA:29,2
DA:30,2
DA:31,2
DA:32,2
DA:33,2
DA:35,2
DA:36,2
DA:37,2
DA:38,2
DA:41,2
DA:46,2
DA:47,2
DA:48,2
DA:51,2
DA:52,2
DA:53,15
DA:54,125
DA:55,125
DA:56,2
DA:57,2
DA:59,2
DA:60,2
DA:61,0
DA:64,2
DA:65,2
DA:66,2
DA:69,2
DA:75,2
LF:40
LH:39
BRDA:16,0,0,0
BRDA:16,0,1,2
BRDA:19,1,0,2
BRDA:19,1,1,0
BRDA:20,2,0,2
BRDA:20,2,1,0
BRDA:21,3,0,2
BRDA:21,3,1,0
BRDA:29,4,0,2
BRDA:29,4,1,0
BRDA:46,5,0,2
BRDA:46,5,1,0
BRDA:55,6,0,2
BRDA:55,6,1,123
BRDA:60,7,0,0
BRDA:60,7,1,2
BRDA:60,8,0,2
BRDA:60,8,1,0
BRDA:64,9,0,0
BRDA:64,9,1,2
BRDA:65,10,0,0
BRDA:65,10,1,2
BRDA:66,11,0,2
BRDA:66,11,1,0
BRF:24
BRH:13
end_of_record
TN:
SF:src\network\components.ts
FN:14,(anonymous_0)
FNF:1
FNH:1
FNDA:10,(anonymous_0)
DA:1,8
DA:2,8
DA:4,8
DA:5,10
DA:12,10
DA:21,10
DA:22,10
DA:23,10
DA:24,10
DA:25,10
DA:26,10
DA:27,10
LF:12
LH:12
BRDA:16,0,0,0
BRDA:17,1,0,1
BRDA:18,2,0,1
BRDA:19,3,0,4
BRF:4
BRH:3
end_of_record
TN:
SF:src\network\network-manager.ts
FN:12,(anonymous_0)
FN:16,(anonymous_1)
FN:36,(anonymous_2)
FN:39,(anonymous_3)
FN:45,(anonymous_4)
FN:51,(anonymous_5)
FN:57,(anonymous_6)
FN:64,(anonymous_7)
FN:70,(anonymous_8)
FN:74,(anonymous_9)
FN:78,(anonymous_10)
FNF:11
FNH:7
FNDA:3,(anonymous_0)
FNDA:1,(anonymous_1)
FNDA:1,(anonymous_2)
FNDA:1,(anonymous_3)
FNDA:1,(anonymous_4)
FNDA:0,(anonymous_5)
FNDA:0,(anonymous_6)
FNDA:1,(anonymous_7)
FNDA:0,(anonymous_8)
FNDA:0,(anonymous_9)
FNDA:1,(anonymous_10)
DA:1,3
DA:3,3
DA:4,3
DA:5,3
DA:7,3
DA:8,3
DA:10,3
DA:13,3
DA:17,1
DA:18,1
DA:20,1
DA:21,0
DA:22,0
DA:25,1
DA:26,1
DA:28,1
DA:33,1
DA:37,1
DA:39,1
DA:40,1
DA:41,1
DA:42,1
DA:45,1
DA:46,1
DA:47,1
DA:48,1
DA:51,1
DA:52,0
DA:53,0
DA:57,1
DA:58,0
DA:59,0
DA:65,1
DA:66,1
DA:71,0
DA:75,0
DA:79,1
DA:80,1
DA:81,1
LF:39
LH:31
BRDA:20,0,0,0
BRDA:20,0,1,1
BRDA:37,1,0,0
BRDA:37,1,1,1
BRDA:58,2,0,0
BRDA:58,2,1,0
BRDA:65,3,0,1
BRDA:65,3,1,0
BRDA:65,4,0,1
BRDA:65,4,1,1
BRDA:79,5,0,1
BRDA:79,5,1,0
BRF:12
BRH:6
end_of_record
TN:
SF:src\physics\collision-system.ts
FN:9,(anonymous_0)
FN:15,(anonymous_1)
FN:42,(anonymous_2)
FN:62,(anonymous_3)
FNF:4
FNH:4
FNDA:6,(anonymous_0)
FNDA:41,(anonymous_1)
FNDA:2,(anonymous_2)
FNDA:2,(anonymous_3)
DA:2,4
DA:4,4
DA:8,4
DA:10,6
DA:11,6
DA:12,6
DA:17,41
DA:18,7
DA:19,2
DA:20,2
DA:22,2
DA:23,2
DA:24,2
DA:25,2
DA:27,2
DA:29,2
DA:31,2
DA:34,2
DA:35,2
DA:49,2
DA:50,2
DA:51,2
DA:52,2
DA:54,2
DA:55,2
DA:56,2
DA:57,2
DA:59,2
DA:72,2
DA:73,2
DA:74,2
DA:75,2
DA:77,2
DA:78,2
DA:79,2
DA:80,2
DA:82,2
DA:83,2
DA:86,2
DA:88,1
DA:89,1
DA:91,1
DA:92,1
DA:94,1
DA:95,0
DA:96,0
DA:97,0
DA:98,0
DA:99,1
DA:109,0
DA:110,0
DA:112,0
DA:114,0
DA:115,1
DA:116,1
DA:117,1
DA:119,0
DA:121,1
DA:125,1
DA:126,1
DA:128,1
DA:130,0
DA:131,0
DA:132,0
DA:134,0
DA:135,0
DA:137,0
DA:138,0
DA:139,1
DA:140,0
DA:141,0
DA:143,0
DA:145,0
DA:146,1
DA:147,0
DA:148,0
DA:150,0
DA:152,0
LF:78
LH:54
BRDA:27,0,0,0
BRDA:27,0,1,2
BRDA:27,1,0,2
BRDA:27,1,1,2
BRDA:27,1,2,2
BRDA:27,1,3,2
BRDA:29,2,0,2
BRDA:29,2,1,0
BRDA:34,3,0,2
BRDA:34,3,1,0
BRDA:34,4,0,2
BRDA:34,4,1,2
BRDA:59,5,0,2
BRDA:59,5,1,2
BRDA:59,5,2,2
BRDA:59,5,3,2
BRDA:86,6,0,1
BRDA:86,6,1,1
BRDA:88,7,0,0
BRDA:88,7,1,1
BRDA:94,8,0,0
BRDA:94,8,1,1
BRDA:94,9,0,1
BRDA:94,9,1,0
BRDA:94,9,2,0
BRDA:94,9,3,0
BRDA:99,10,0,0
BRDA:99,10,1,1
BRDA:99,11,0,1
BRDA:99,11,1,0
BRDA:109,12,0,0
BRDA:109,12,1,0
BRDA:115,13,0,1
BRDA:115,13,1,0
BRDA:115,14,0,1
BRDA:115,14,1,1
BRDA:116,15,0,1
BRDA:116,15,1,0
BRDA:128,16,0,0
BRDA:128,16,1,1
BRDA:128,17,0,1
BRDA:128,17,1,0
BRDA:128,17,2,0
BRDA:128,17,3,0
BRDA:130,18,0,0
BRDA:130,18,1,0
BRDA:139,19,0,0
BRDA:139,19,1,1
BRDA:139,20,0,1
BRDA:139,20,1,0
BRDA:140,21,0,0
BRDA:140,21,1,0
BRDA:146,22,0,0
BRDA:146,22,1,1
BRDA:146,23,0,1
BRDA:146,23,1,0
BRDA:147,24,0,0
BRDA:147,24,1,0
BRF:58
BRH:30
end_of_record
TN:
SF:src\physics\components.ts
FN:17,(anonymous_0)
FN:36,(anonymous_1)
FNF:2
FNH:2
FNDA:8,(anonymous_0)
FNDA:15,(anonymous_1)
DA:1,10
DA:8,10
DA:9,8
DA:10,8
DA:11,8
DA:12,8
DA:13,8
DA:14,8
DA:15,8
DA:18,8
DA:19,8
DA:25,10
DA:26,15
DA:27,15
DA:28,15
DA:29,15
DA:30,15
DA:31,15
DA:32,15
DA:33,15
DA:34,15
DA:37,15
DA:38,15
LF:23
LH:23
BRDA:19,0,0,5
BRDA:19,0,1,3
BRDA:38,1,0,15
BRDA:38,1,1,0
BRF:4
BRH:3
end_of_record
TN:
SF:src\physics\physics-system.ts
FN:8,(anonymous_0)
FN:14,(anonymous_1)
FNF:2
FNH:2
FNDA:6,(anonymous_0)
FNDA:40,(anonymous_1)
DA:3,4
DA:7,4
DA:9,6
DA:10,6
DA:11,6
DA:15,40
DA:16,4
DA:17,4
DA:19,4
DA:22,4
DA:23,4
DA:26,4
DA:27,0
DA:28,0
DA:33,4
DA:34,4
DA:35,0
DA:36,0
DA:37,0
DA:41,4
DA:42,4
LF:21
LH:16
BRDA:19,0,0,0
BRDA:19,0,1,4
BRDA:19,1,0,4
BRDA:19,1,1,4
BRDA:19,1,2,4
BRDA:26,2,0,0
BRDA:26,2,1,4
BRDA:34,3,0,0
BRDA:34,3,1,4
BRF:9
BRH:6
end_of_record
TN:
SF:src\server\server-network-system.ts
FN:25,(anonymous_0)
FN:36,(anonymous_1)
FN:37,(anonymous_2)
FN:41,(anonymous_3)
FN:45,(anonymous_4)
FN:50,(anonymous_5)
FN:79,(anonymous_6)
FN:102,(anonymous_7)
FN:156,(anonymous_8)
FN:164,(anonymous_9)
FNF:10
FNH:8
FNDA:5,(anonymous_0)
FNDA:5,(anonymous_1)
FNDA:1,(anonymous_2)
FNDA:0,(anonymous_3)
FNDA:1,(anonymous_4)
FNDA:1,(anonymous_5)
FNDA:0,(anonymous_6)
FNDA:1,(anonymous_7)
FNDA:39,(anonymous_8)
FNDA:10,(anonymous_9)
DA:3,3
DA:4,3
DA:7,3
DA:8,3
DA:9,3
DA:10,3
DA:12,3
DA:14,3
DA:18,5
DA:22,5
DA:23,5
DA:26,5
DA:27,5
DA:28,5
DA:29,5
DA:30,5
DA:31,5
DA:33,5
DA:37,5
DA:38,1
DA:41,5
DA:42,0
DA:45,5
DA:46,1
DA:51,1
DA:53,1
DA:54,1
DA:57,1
DA:58,1
DA:59,1
DA:60,1
DA:61,1
DA:63,0
DA:66,1
DA:67,1
DA:68,1
DA:69,1
DA:70,1
DA:72,1
DA:73,1
DA:76,1
DA:80,0
DA:81,0
DA:83,0
DA:84,0
DA:85,0
DA:86,0
DA:87,0
DA:88,0
DA:96,0
DA:97,0
DA:98,0
DA:103,1
DA:104,1
DA:106,0
DA:107,0
DA:109,0
DA:110,0
DA:113,0
DA:115,0
DA:116,0
DA:119,0
DA:120,0
DA:123,0
DA:124,0
DA:127,0
DA:128,0
DA:131,0
DA:132,0
DA:134,0
DA:135,0
DA:138,0
DA:139,0
DA:142,0
DA:143,0
DA:146,0
DA:147,0
DA:150,0
DA:151,0
DA:157,39
DA:158,39
DA:159,10
DA:160,10
DA:165,10
DA:167,10
DA:168,1
DA:169,1
DA:171,1
DA:172,1
DA:182,10
DA:183,1
LF:91
LH:53
BRDA:38,0,0,1
BRDA:38,0,1,0
BRDA:51,1,0,0
BRDA:51,1,1,1
BRDA:58,2,0,1
BRDA:58,2,1,0
BRDA:81,3,0,0
BRDA:81,3,1,0
BRDA:84,4,0,0
BRDA:84,4,1,0
BRDA:87,5,0,0
BRDA:87,5,1,0
BRDA:87,6,0,0
BRDA:87,6,1,0
BRDA:104,7,0,1
BRDA:104,7,1,0
BRDA:107,8,0,0
BRDA:107,8,1,0
BRDA:110,9,0,0
BRDA:110,9,1,0
BRDA:115,10,0,0
BRDA:115,10,1,0
BRDA:116,11,0,0
BRDA:116,11,1,0
BRDA:116,11,2,0
BRDA:116,11,3,0
BRDA:116,11,4,0
BRDA:116,11,5,0
BRDA:116,11,6,0
BRDA:116,11,7,0
BRDA:134,12,0,0
BRDA:134,12,1,0
BRDA:135,13,0,0
BRDA:135,13,1,0
BRDA:135,13,2,0
BRDA:135,13,3,0
BRDA:135,13,4,0
BRDA:135,13,5,0
BRDA:135,13,6,0
BRDA:135,13,7,0
BRDA:138,14,0,0
BRDA:138,14,1,0
BRDA:142,15,0,0
BRDA:142,15,1,0
BRDA:146,16,0,0
BRDA:146,16,1,0
BRDA:150,17,0,0
BRDA:150,17,1,0
BRDA:158,18,0,10
BRDA:158,18,1,29
BRDA:171,19,0,1
BRDA:171,19,1,0
BRDA:171,20,0,1
BRDA:171,20,1,1
BRDA:182,21,0,1
BRDA:182,21,1,9
BRF:56
BRH:11
end_of_record
TN:
SF:src\server\server.ts
FN:22,(anonymous_1)
FN:47,(anonymous_2)
FN:48,(anonymous_3)
FN:60,(anonymous_4)
FN:65,(anonymous_5)
FN:96,(anonymous_6)
FN:97,(anonymous_7)
FN:101,(anonymous_8)
FN:106,(anonymous_9)
FN:112,(anonymous_10)
FN:118,(anonymous_11)
FN:127,(anonymous_12)
FN:132,(anonymous_13)
FNF:13
FNH:9
FNDA:5,(anonymous_1)
FNDA:5,(anonymous_2)
FNDA:0,(anonymous_3)
FNDA:0,(anonymous_4)
FNDA:0,(anonymous_5)
FNDA:5,(anonymous_6)
FNDA:2,(anonymous_7)
FNDA:0,(anonymous_8)
FNDA:1,(anonymous_9)
FNDA:1,(anonymous_10)
FNDA:3,(anonymous_11)
FNDA:3,(anonymous_12)
FNDA:3,(anonymous_13)
DA:1,3
DA:3,3
DA:4,3
DA:6,3
DA:7,3
DA:8,3
DA:10,3
DA:11,3
DA:12,3
DA:14,3
DA:23,5
DA:24,5
DA:25,5
DA:33,5
DA:34,5
DA:38,5
DA:39,5
DA:41,5
DA:43,5
DA:44,5
DA:48,5
DA:49,0
DA:60,5
DA:61,0
DA:65,5
DA:66,0
DA:67,0
DA:73,0
DA:76,0
DA:80,0
DA:81,0
DA:83,0
DA:93,5
DA:97,5
DA:98,2
DA:99,2
DA:101,2
DA:102,0
DA:103,0
DA:106,2
DA:109,1
DA:112,2
DA:113,1
DA:119,3
DA:122,3
DA:123,3
DA:125,3
DA:127,3
DA:128,3
DA:133,3
DA:134,3
DA:135,3
DA:140,3
DA:141,0
DA:142,0
LF:55
LH:42
BRDA:53,0,0,0
BRDA:53,0,1,0
BRDA:54,1,0,0
BRDA:54,1,1,0
BRDA:66,2,0,0
BRDA:66,2,1,0
BRDA:67,3,0,0
BRDA:67,3,1,0
BRDA:73,4,0,0
BRDA:73,4,1,0
BRDA:76,5,0,0
BRDA:76,5,1,0
BRDA:80,6,0,0
BRDA:80,6,1,0
BRDA:80,7,0,0
BRDA:80,7,1,0
BRDA:140,8,0,0
BRDA:140,8,1,3
BRF:18
BRH:1
end_of_record
TN:
SF:src\server\database\db-manager.ts
FN:12,(anonymous_0)
FN:25,(anonymous_1)
FN:32,(anonymous_2)
FN:50,(anonymous_3)
FN:59,(anonymous_4)
FN:63,(anonymous_5)
FNF:6
FNH:5
FNDA:3,(anonymous_0)
FNDA:7,(anonymous_1)
FNDA:3,(anonymous_2)
FNDA:3,(anonymous_3)
FNDA:1,(anonymous_4)
FNDA:0,(anonymous_5)
DA:1,5
DA:2,5
DA:4,5
DA:5,5
DA:7,5
DA:9,3
DA:10,3
DA:13,3
DA:14,3
DA:16,3
DA:17,1
DA:20,3
DA:21,0
DA:26,7
DA:27,3
DA:29,7
DA:33,3
DA:34,1
DA:35,1
DA:37,1
DA:41,3
DA:42,0
DA:43,0
DA:45,0
DA:51,3
DA:52,0
DA:54,3
DA:55,0
DA:60,1
DA:64,0
LF:30
LH:23
BRDA:16,0,0,1
BRDA:16,0,1,2
BRDA:20,1,0,0
BRDA:20,1,1,3
BRDA:26,2,0,3
BRDA:26,2,1,4
BRDA:33,3,0,1
BRDA:33,3,1,2
BRDA:41,4,0,0
BRDA:41,4,1,3
BRDA:51,5,0,0
BRDA:51,5,1,3
BRDA:51,6,0,3
BRDA:51,6,1,1
BRDA:54,7,0,0
BRDA:54,7,1,3
BRDA:54,8,0,3
BRDA:54,8,1,0
BRF:18
BRH:13
end_of_record
TN:
SF:src\server\database\mongo-connector.ts
FN:12,(anonymous_0)
FN:16,(anonymous_1)
FN:28,(anonymous_2)
FN:34,(anonymous_3)
FN:38,(anonymous_4)
FN:49,(anonymous_5)
FNF:6
FNH:0
FNDA:0,(anonymous_0)
FNDA:0,(anonymous_1)
FNDA:0,(anonymous_2)
FNDA:0,(anonymous_3)
FNDA:0,(anonymous_4)
FNDA:0,(anonymous_5)
DA:1,5
DA:3,5
DA:7,5
DA:9,0
DA:10,0
DA:13,0
DA:17,0
DA:18,0
DA:19,0
DA:20,0
DA:21,0
DA:23,0
DA:24,0
DA:29,0
DA:30,0
DA:31,0
DA:35,0
DA:39,0
DA:40,0
DA:43,0
DA:50,0
LF:21
LH:3
BRDA:39,0,0,0
BRDA:39,0,1,0
BRDA:39,1,0,0
BRDA:39,1,1,0
BRDA:45,2,0,0
BRDA:45,2,1,0
BRF:6
BRH:0
end_of_record
TN:
SF:src\server\database\postgres-connector.ts
FN:11,(anonymous_0)
FN:14,(anonymous_1)
FN:20,(anonymous_2)
FN:32,(anonymous_3)
FN:38,(anonymous_4)
FN:42,(anonymous_5)
FNF:6
FNH:3
FNDA:1,(anonymous_0)
FNDA:0,(anonymous_1)
FNDA:1,(anonymous_2)
FNDA:0,(anonymous_3)
FNDA:1,(anonymous_4)
FNDA:0,(anonymous_5)
DA:1,5
DA:3,5
DA:7,5
DA:9,1
DA:12,1
DA:14,1
DA:15,0
DA:16,0
DA:21,1
DA:22,1
DA:23,0
DA:24,0
DA:25,0
DA:27,1
DA:28,1
DA:33,0
DA:34,0
DA:35,0
DA:39,1
DA:43,0
DA:44,0
DA:46,0
LF:22
LH:11
BRDA:43,0,0,0
BRDA:43,0,1,0
BRF:2
BRH:0
end_of_record
TN:
SF:src\server\database\repositories\player-repository.ts
FN:15,(anonymous_0)
FN:19,(anonymous_1)
FN:37,(anonymous_2)
FN:59,(anonymous_3)
FNF:4
FNH:2
FNDA:2,(anonymous_0)
FNDA:0,(anonymous_1)
FNDA:0,(anonymous_2)
FNDA:1,(anonymous_3)
DA:1,3
DA:2,3
DA:12,3
DA:16,2
DA:20,0
DA:21,0
DA:22,0
DA:23,0
DA:26,0
DA:27,0
DA:28,0
DA:29,0
DA:32,0
DA:34,0
DA:38,0
DA:39,0
DA:40,0
DA:41,0
DA:44,0
DA:46,0
DA:52,0
DA:53,0
DA:55,0
DA:60,1
DA:61,1
DA:63,0
DA:72,0
DA:73,0
DA:74,0
DA:76,0
LF:30
LH:6
BRDA:21,0,0,0
BRDA:21,0,1,0
BRDA:21,1,0,0
BRDA:21,1,1,0
BRDA:28,2,0,0
BRDA:28,2,1,0
BRDA:39,3,0,0
BRDA:39,3,1,0
BRDA:39,4,0,0
BRDA:39,4,1,0
BRDA:61,5,0,1
BRDA:61,5,1,0
BRDA:61,6,0,1
BRDA:61,6,1,0
BRF:14
BRH:2
end_of_record
TN:
SF:src\tools\map-editor.ts
FN:20,(anonymous_0)
FN:24,(anonymous_1)
FN:30,(anonymous_2)
FN:34,(anonymous_3)
FN:38,(anonymous_4)
FN:67,(anonymous_5)
FN:77,(anonymous_6)
FN:87,(anonymous_7)
FNF:8
FNH:7
FNDA:8,(anonymous_0)
FNDA:0,(anonymous_1)
FNDA:4,(anonymous_2)
FNDA:3,(anonymous_3)
FNDA:5,(anonymous_4)
FNDA:2,(anonymous_5)
FNDA:1,(anonymous_6)
FNDA:2,(anonymous_7)
DA:11,5
DA:13,8
DA:14,8
DA:15,8
DA:17,8
DA:18,8
DA:21,8
DA:25,0
DA:26,0
DA:31,4
DA:35,3
DA:39,5
DA:41,5
DA:42,2
DA:43,2
DA:44,2
DA:45,2
DA:47,3
DA:48,1
DA:49,1
DA:50,1
DA:51,1
DA:53,2
DA:54,2
DA:57,5
DA:58,5
DA:63,5
DA:68,2
DA:69,2
DA:70,2
DA:71,101
DA:73,2
DA:78,1
DA:79,1
DA:80,1
DA:81,1
DA:83,1
DA:88,2
DA:89,2
DA:91,2
DA:100,2
DA:101,802
DA:103,802
DA:105,802
DA:106,200
DA:107,200
DA:109,200
DA:110,200
DA:111,200
DA:112,200
LF:50
LH:48
BRDA:25,0,0,0
BRDA:25,0,1,0
BRDA:41,1,0,2
BRDA:41,1,1,3
BRDA:43,2,0,2
BRDA:43,2,1,0
BRDA:43,3,0,2
BRDA:43,3,1,2
BRDA:47,4,0,1
BRDA:47,4,1,2
BRDA:49,5,0,1
BRDA:49,5,1,0
BRDA:49,6,0,1
BRDA:49,6,1,1
BRDA:53,7,0,2
BRDA:53,7,1,0
BRDA:57,8,0,5
BRDA:57,8,1,0
BRDA:69,9,0,2
BRDA:69,9,1,0
BRDA:79,10,0,1
BRDA:79,10,1,0
BRDA:89,11,0,0
BRDA:89,11,1,2
BRDA:89,12,0,2
BRDA:89,12,1,2
BRDA:105,13,0,200
BRDA:105,13,1,602
BRF:28
BRH:19
end_of_record
TN:
SF:src\tools\sprite-editor.ts
FN:6,(anonymous_0)
FN:12,(anonymous_1)
FN:17,(anonymous_2)
FN:37,(anonymous_3)
FN:45,(anonymous_4)
FN:49,(anonymous_5)
FN:53,(anonymous_6)
FN:85,(anonymous_7)
FN:95,(anonymous_8)
FN:105,(anonymous_9)
FN:135,(anonymous_10)
FNF:11
FNH:10
FNDA:9,(anonymous_0)
FNDA:378,(anonymous_1)
FNDA:108,(anonymous_2)
FNDA:9,(anonymous_3)
FNDA:6,(anonymous_4)
FNDA:4,(anonymous_5)
FNDA:8,(anonymous_6)
FNDA:1,(anonymous_7)
FNDA:1,(anonymous_8)
FNDA:1,(anonymous_9)
FNDA:0,(anonymous_10)
DA:1,5
DA:7,9
DA:8,9
DA:9,9
DA:13,378
DA:14,378
DA:18,108
DA:19,108
DA:29,5
DA:31,9
DA:32,9
DA:34,9
DA:35,9
DA:38,9
DA:39,3
DA:41,6
DA:46,6
DA:50,4
DA:55,8
DA:57,8
DA:58,5
DA:59,5
DA:60,5
DA:61,5
DA:63,3
DA:64,1
DA:65,1
DA:66,1
DA:67,1
DA:69,2
DA:70,1
DA:71,1
DA:72,1
DA:75,1
DA:76,1
DA:79,8
DA:80,7
DA:81,7
DA:86,1
DA:87,1
DA:88,1
DA:89,1
DA:91,1
DA:96,1
DA:97,1
DA:98,1
DA:99,1
DA:101,1
DA:107,1
DA:108,0
DA:110,1
DA:111,1
DA:113,1
DA:115,1
DA:116,401
DA:119,401
DA:121,361
DA:123,361
DA:124,100
DA:125,100
DA:127,100
DA:128,100
DA:129,100
DA:130,100
DA:139,0
LF:65
LH:63
BRDA:13,0,0,0
BRDA:13,0,1,378
BRDA:13,1,0,378
BRDA:13,1,1,378
BRDA:13,1,2,378
BRDA:13,1,3,378
BRDA:18,2,0,0
BRDA:18,2,1,108
BRDA:18,3,0,108
BRDA:18,3,1,108
BRDA:18,3,2,108
BRDA:18,3,3,108
BRDA:38,4,0,3
BRDA:38,4,1,6
BRDA:57,5,0,5
BRDA:57,5,1,3
BRDA:59,6,0,5
BRDA:59,6,1,0
BRDA:63,7,0,1
BRDA:63,7,1,2
BRDA:65,8,0,1
BRDA:65,8,1,0
BRDA:69,9,0,1
BRDA:69,9,1,1
BRDA:71,10,0,1
BRDA:71,10,1,0
BRDA:75,11,0,1
BRDA:75,11,1,0
BRDA:79,12,0,7
BRDA:79,12,1,1
BRDA:87,13,0,1
BRDA:87,13,1,0
BRDA:97,14,0,1
BRDA:97,14,1,0
BRDA:107,15,0,0
BRDA:107,15,1,1
BRDA:107,16,0,1
BRDA:107,16,1,1
BRDA:107,16,2,1
BRDA:107,16,3,1
BRDA:111,17,0,0
BRDA:111,17,1,1
BRDA:119,18,0,40
BRDA:119,18,1,361
BRDA:119,19,0,401
BRDA:119,19,1,391
BRDA:119,19,2,381
BRDA:119,19,3,371
BRDA:123,20,0,100
BRDA:123,20,1,261
BRF:50
BRH:40
end_of_record
TN:
SF:src\tools\tool-manager.ts
FN:10,(anonymous_0)
FN:15,(anonymous_1)
FN:21,(anonymous_2)
FN:26,(anonymous_3)
FNF:4
FNH:4
FNDA:2,(anonymous_0)
FNDA:2,(anonymous_1)
FNDA:1,(anonymous_2)
FNDA:1,(anonymous_3)
DA:3,4
DA:4,4
DA:6,4
DA:11,2
DA:12,2
DA:16,2
DA:17,2
DA:18,2
DA:22,1
DA:23,1
DA:27,1
DA:28,1
LF:12
LH:12
BRF:0
BRH:0
end_of_record
TN:
SF:src\ui\button.ts
FN:7,(anonymous_0)
FN:24,(anonymous_1)
FNF:2
FNH:1
FNDA:10,(anonymous_0)
FNDA:0,(anonymous_1)
DA:1,8
DA:3,8
DA:5,10
DA:16,10
DA:17,10
DA:18,10
DA:19,10
DA:20,10
DA:21,10
DA:25,0
DA:27,0
DA:30,0
DA:31,0
DA:34,0
DA:35,0
DA:36,0
DA:37,0
DA:41,0
DA:42,0
DA:43,0
DA:44,0
DA:45,0
DA:48,0
DA:49,0
LF:24
LH:9
BRDA:14,0,0,0
BRDA:18,1,0,10
BRDA:18,1,1,0
BRDA:19,2,0,10
BRDA:19,2,1,0
BRDA:20,3,0,10
BRDA:20,3,1,0
BRDA:21,4,0,10
BRDA:21,4,1,10
BRDA:25,5,0,0
BRDA:25,5,1,0
BRDA:30,6,0,0
BRDA:30,6,1,0
BRDA:30,7,0,0
BRDA:30,7,1,0
BRDA:34,8,0,0
BRDA:34,8,1,0
BRDA:36,9,0,0
BRDA:36,9,1,0
BRDA:41,10,0,0
BRDA:41,10,1,0
BRF:21
BRH:5
end_of_record
TN:
SF:src\ui\device-manager.ts
FN:7,(anonymous_0)
FN:36,(anonymous_1)
FN:39,(anonymous_2)
FN:48,(anonymous_3)
FN:61,(anonymous_4)
FN:69,(anonymous_5)
FN:87,(anonymous_6)
FN:119,(anonymous_7)
FN:120,(anonymous_8)
FNF:9
FNH:9
FNDA:10,(anonymous_0)
FNDA:13,(anonymous_1)
FNDA:1,(anonymous_2)
FNDA:36,(anonymous_3)
FNDA:13,(anonymous_4)
FNDA:18,(anonymous_5)
FNDA:29,(anonymous_6)
FNDA:18,(anonymous_7)
FNDA:7,(anonymous_8)
DA:1,10
DA:7,10
DA:8,10
DA:9,10
DA:10,10
DA:30,10
DA:32,13
DA:33,13
DA:34,13
DA:37,13
DA:38,11
DA:39,11
DA:40,11
DA:49,36
DA:50,13
DA:52,36
DA:62,13
DA:70,18
DA:72,18
DA:73,18
DA:74,18
DA:76,18
DA:77,18
DA:80,18
DA:88,29
DA:90,27
DA:91,27
DA:92,27
DA:94,27
DA:95,2
DA:96,25
DA:101,2
DA:102,23
DA:104,6
DA:106,17
DA:110,27
DA:111,8
DA:112,19
DA:113,2
DA:116,27
DA:120,18
LF:41
LH:41
BRDA:7,0,0,10
BRDA:7,0,1,10
BRDA:37,1,0,11
BRDA:37,1,1,2
BRDA:49,2,0,13
BRDA:49,2,1,23
BRDA:70,3,0,0
BRDA:70,3,1,18
BRDA:74,4,0,11
BRDA:74,4,1,7
BRDA:88,5,0,2
BRDA:88,5,1,27
BRDA:91,6,0,27
BRDA:91,6,1,0
BRDA:94,7,0,2
BRDA:94,7,1,25
BRDA:96,8,0,2
BRDA:96,8,1,23
BRDA:102,9,0,6
BRDA:102,9,1,17
BRDA:102,10,0,23
BRDA:102,10,1,23
BRDA:110,11,0,8
BRDA:110,11,1,19
BRDA:112,12,0,2
BRDA:112,12,1,17
BRDA:112,13,0,19
BRDA:112,13,1,19
BRDA:112,13,2,2
BRF:29
BRH:27
end_of_record
TN:
SF:src\ui\hud.ts
FN:23,(anonymous_0)
FN:41,(anonymous_1)
FN:48,(anonymous_2)
FN:76,(anonymous_3)
FN:106,(anonymous_4)
FN:114,(anonymous_5)
FNF:6
FNH:5
FNDA:10,(anonymous_0)
FNDA:0,(anonymous_1)
FNDA:13,(anonymous_2)
FNDA:10,(anonymous_3)
FNDA:1,(anonymous_4)
FNDA:3,(anonymous_5)
DA:3,3
DA:7,3
DA:8,3
DA:9,3
DA:12,3
DA:24,10
DA:25,10
DA:28,10
DA:29,10
DA:30,10
DA:34,10
DA:36,10
DA:41,10
DA:42,0
DA:45,10
DA:49,13
DA:50,13
DA:51,13
DA:54,13
DA:55,13
DA:56,13
DA:57,13
DA:71,13
DA:72,1
DA:77,10
DA:78,10
DA:79,10
DA:81,10
DA:82,10
DA:87,10
DA:92,10
DA:99,10
DA:100,8
DA:102,2
DA:107,1
DA:108,1
DA:109,1
DA:110,1
DA:111,1
DA:116,3
DA:119,3
DA:120,3
DA:121,3
DA:122,3
DA:124,3
DA:125,3
DA:126,3
DA:127,3
DA:128,3
DA:131,3
DA:132,3
DA:133,3
DA:135,3
DA:136,3
DA:137,2
DA:138,1
DA:140,3
DA:143,3
DA:144,0
DA:148,3
DA:149,0
DA:150,0
DA:151,0
DA:153,3
DA:154,3
LF:65
LH:60
BRDA:50,0,0,2
BRDA:50,0,1,11
BRDA:51,1,0,2
BRDA:51,1,1,11
BRDA:71,2,0,1
BRDA:71,2,1,12
BRDA:78,3,0,2
BRDA:78,3,1,8
BRDA:99,4,0,8
BRDA:99,4,1,2
BRDA:124,5,0,3
BRDA:124,5,1,0
BRDA:124,6,0,3
BRDA:124,6,1,3
BRDA:126,7,0,3
BRDA:126,7,1,0
BRDA:132,8,0,3
BRDA:132,8,1,0
BRDA:136,9,0,1
BRDA:136,9,1,2
BRDA:137,10,0,1
BRDA:137,10,1,1
BRDA:143,11,0,0
BRDA:143,11,1,3
BRDA:148,12,0,0
BRDA:148,12,1,3
BRDA:150,13,0,0
BRDA:150,13,1,0
BRDA:151,14,0,0
BRDA:151,14,1,0
BRF:30
BRH:21
end_of_record
TN:
SF:src\ui\input-handler.ts
FN:14,(anonymous_0)
FN:21,(anonymous_1)
FN:26,(anonymous_2)
FN:27,(anonymous_3)
FN:28,(anonymous_4)
FN:29,(anonymous_5)
FN:30,(anonymous_6)
FN:33,(anonymous_7)
FN:36,(anonymous_8)
FN:41,(anonymous_9)
FN:48,(anonymous_10)
FN:52,(anonymous_11)
FN:56,(anonymous_12)
FN:60,(anonymous_13)
FN:64,(anonymous_14)
FN:73,(anonymous_15)
FN:86,(anonymous_16)
FN:100,(anonymous_17)
FN:105,(anonymous_18)
FN:110,(anonymous_19)
FN:125,(anonymous_20)
FN:134,(anonymous_21)
FN:143,(anonymous_22)
FN:159,(anonymous_23)
FNF:24
FNH:13
FNDA:5,(anonymous_0)
FNDA:3,(anonymous_1)
FNDA:1,(anonymous_2)
FNDA:1,(anonymous_3)
FNDA:0,(anonymous_4)
FNDA:0,(anonymous_5)
FNDA:0,(anonymous_6)
FNDA:0,(anonymous_7)
FNDA:0,(anonymous_8)
FNDA:0,(anonymous_9)
FNDA:2,(anonymous_10)
FNDA:2,(anonymous_11)
FNDA:0,(anonymous_12)
FNDA:39,(anonymous_13)
FNDA:2,(anonymous_14)
FNDA:1,(anonymous_15)
FNDA:0,(anonymous_16)
FNDA:1,(anonymous_17)
FNDA:1,(anonymous_18)
FNDA:0,(anonymous_19)
FNDA:0,(anonymous_20)
FNDA:0,(anonymous_21)
FNDA:2,(anonymous_22)
FNDA:4,(anonymous_23)
DA:1,5
DA:2,5
DA:4,5
DA:11,5
DA:12,5
DA:15,5
DA:16,5
DA:17,5
DA:18,5
DA:24,3
DA:26,3
DA:27,3
DA:28,3
DA:29,3
DA:30,3
DA:33,3
DA:36,3
DA:37,0
DA:41,3
DA:42,0
DA:45,3
DA:49,2
DA:53,2
DA:57,0
DA:61,39
DA:65,2
DA:66,2
DA:67,2
DA:68,2
DA:70,0
DA:74,1
DA:75,1
DA:76,1
DA:77,1
DA:79,0
DA:87,0
DA:88,0
DA:89,0
DA:90,0
DA:93,0
DA:94,0
DA:95,0
DA:101,1
DA:102,1
DA:106,1
DA:107,1
DA:114,0
DA:115,0
DA:119,0
DA:120,0
DA:122,0
DA:126,0
DA:127,0
DA:135,0
DA:136,0
DA:144,2
DA:146,2
DA:147,2
DA:149,2
DA:150,2
DA:151,2
DA:152,2
DA:155,2
DA:156,1
DA:159,2
DA:160,4
DA:161,4
DA:162,1
DA:163,3
DA:164,1
DA:166,4
DA:169,0
LF:72
LH:50
BRDA:22,0,0,0
BRDA:22,1,0,0
BRDA:22,1,1,0
BRDA:24,2,0,0
BRDA:24,2,1,3
BRDA:65,3,0,0
BRDA:65,3,1,2
BRDA:67,4,0,2
BRDA:67,4,1,0
BRDA:67,5,0,2
BRDA:67,5,1,2
BRDA:74,6,0,0
BRDA:74,6,1,1
BRDA:76,7,0,1
BRDA:76,7,1,0
BRDA:76,8,0,1
BRDA:76,8,1,1
BRDA:87,9,0,0
BRDA:87,9,1,0
BRDA:88,10,0,0
BRDA:88,10,1,0
BRDA:93,11,0,0
BRDA:93,11,1,0
BRDA:115,12,0,0
BRDA:115,12,1,0
BRDA:144,13,0,0
BRDA:144,13,1,2
BRDA:144,14,0,2
BRDA:144,14,1,2
BRDA:151,15,0,2
BRDA:151,15,1,0
BRDA:155,16,0,1
BRDA:155,16,1,1
BRDA:161,17,0,1
BRDA:161,17,1,3
BRDA:161,18,0,4
BRDA:161,18,1,1
BRDA:163,19,0,1
BRDA:163,19,1,2
BRDA:163,20,0,3
BRDA:163,20,1,3
BRF:41
BRH:23
end_of_record
TN:
SF:src\ui\layout-system.ts
FN:46,(anonymous_0)
FN:50,(anonymous_1)
FN:62,(anonymous_2)
FN:73,(anonymous_3)
FN:88,(anonymous_4)
FNF:5
FNH:5
FNDA:8,(anonymous_0)
FNDA:6,(anonymous_1)
FNDA:5,(anonymous_2)
FNDA:6,(anonymous_3)
FNDA:6,(anonymous_4)
DA:1,4
DA:41,4
DA:44,8
DA:47,8
DA:48,8
DA:50,8
DA:51,6
DA:63,5
DA:64,5
DA:74,6
DA:76,6
DA:77,6
DA:78,6
DA:79,1
DA:89,6
DA:90,6
DA:93,6
DA:94,2
DA:96,6
DA:97,0
DA:101,6
DA:102,6
DA:103,3
DA:104,3
DA:106,6
DA:107,6
DA:110,6
DA:111,6
DA:112,6
DA:114,6
DA:116,2
DA:117,2
DA:118,2
DA:120,0
DA:121,0
DA:122,0
DA:124,0
DA:125,0
DA:126,0
DA:128,0
DA:129,0
DA:130,0
DA:132,2
DA:133,2
DA:134,2
DA:136,0
DA:137,0
DA:138,0
DA:140,0
DA:141,0
DA:142,0
DA:144,1
DA:145,1
DA:146,1
DA:148,1
DA:149,1
DA:150,1
DA:153,6
DA:154,6
LF:59
LH:43
BRDA:78,0,0,1
BRDA:78,0,1,5
BRDA:93,1,0,2
BRDA:93,1,1,4
BRDA:96,2,0,0
BRDA:96,2,1,6
BRDA:102,3,0,3
BRDA:102,3,1,3
BRDA:103,4,0,1
BRDA:103,4,1,2
BRDA:104,5,0,3
BRDA:104,5,1,0
BRDA:106,6,0,0
BRDA:106,6,1,6
BRDA:106,7,0,6
BRDA:106,7,1,0
BRDA:107,8,0,0
BRDA:107,8,1,6
BRDA:107,9,0,6
BRDA:107,9,1,0
BRDA:110,10,0,6
BRDA:110,10,1,0
BRDA:111,11,0,6
BRDA:111,11,1,5
BRDA:112,12,0,6
BRDA:112,12,1,4
BRDA:114,13,0,2
BRDA:114,13,1,0
BRDA:114,13,2,0
BRDA:114,13,3,0
BRDA:114,13,4,2
BRDA:114,13,5,0
BRDA:114,13,6,0
BRDA:114,13,7,1
BRDA:114,13,8,1
BRF:35
BRH:23
end_of_record
TN:
SF:src\ui\mobile-controls.ts
FN:29,(anonymous_0)
FN:37,(anonymous_1)
FN:45,(anonymous_2)
FN:59,(anonymous_3)
FN:73,(anonymous_4)
FN:186,(anonymous_5)
FN:231,(anonymous_6)
FN:235,(anonymous_7)
FN:245,(anonymous_8)
FN:253,(anonymous_9)
FN:268,(anonymous_10)
FN:273,(anonymous_11)
FN:279,(anonymous_12)
FN:285,(anonymous_13)
FNF:14
FNH:9
FNDA:8,(anonymous_0)
FNDA:6,(anonymous_1)
FNDA:0,(anonymous_2)
FNDA:6,(anonymous_3)
FNDA:6,(anonymous_4)
FNDA:6,(anonymous_5)
FNDA:6,(anonymous_6)
FNDA:0,(anonymous_7)
FNDA:0,(anonymous_8)
FNDA:0,(anonymous_9)
FNDA:1,(anonymous_10)
FNDA:1,(anonymous_11)
FNDA:1,(anonymous_12)
FNDA:0,(anonymous_13)
DA:1,4
DA:3,4
DA:13,4
DA:15,8
DA:16,8
DA:17,8
DA:18,8
DA:19,8
DA:22,8
DA:23,8
DA:24,8
DA:25,8
DA:26,8
DA:27,8
DA:30,8
DA:38,6
DA:40,6
DA:41,6
DA:42,6
DA:45,6
DA:46,0
DA:50,6
DA:52,6
DA:60,6
DA:62,6
DA:63,4
DA:65,2
DA:74,6
DA:75,6
DA:183,6
DA:187,6
DA:188,6
DA:191,6
DA:192,6
DA:193,6
DA:195,6
DA:196,6
DA:198,6
DA:199,6
DA:201,6
DA:202,6
DA:205,6
DA:206,6
DA:207,6
DA:209,6
DA:210,6
DA:211,6
DA:212,6
DA:215,6
DA:216,6
DA:217,6
DA:219,6
DA:220,6
DA:221,6
DA:222,6
DA:224,6
DA:225,6
DA:226,6
DA:228,6
DA:232,6
DA:235,6
DA:236,0
DA:237,0
DA:238,0
DA:239,0
DA:240,0
DA:241,0
DA:242,0
DA:245,6
DA:246,0
DA:247,0
DA:248,0
DA:249,0
DA:253,6
DA:254,0
DA:255,0
DA:256,0
DA:258,0
DA:259,0
DA:260,0
DA:261,0
DA:264,6
DA:265,6
DA:268,6
DA:269,1
DA:270,1
DA:273,6
DA:274,1
DA:275,1
DA:279,6
DA:280,1
DA:281,1
DA:286,0
DA:288,0
DA:289,0
DA:290,0
DA:292,0
DA:293,0
DA:295,0
DA:296,0
DA:298,0
DA:302,0
DA:304,0
DA:305,0
DA:307,0
DA:308,0
DA:310,0
DA:311,0
DA:313,0
DA:314,0
LF:110
LH:73
BRDA:38,0,0,0
BRDA:38,0,1,6
BRDA:60,1,0,0
BRDA:60,1,1,6
BRDA:62,2,0,4
BRDA:62,2,1,2
BRDA:62,3,0,6
BRDA:62,3,1,2
BRDA:232,4,0,0
BRDA:232,4,1,6
BRDA:232,5,0,6
BRDA:232,5,1,6
BRDA:232,5,2,6
BRDA:232,5,3,6
BRDA:247,6,0,0
BRDA:247,6,1,0
BRDA:255,7,0,0
BRDA:255,7,1,0
BRDA:286,8,0,0
BRDA:286,8,1,0
BRDA:304,9,0,0
BRDA:304,9,1,0
BRDA:307,10,0,0
BRDA:307,10,1,0
BRDA:310,11,0,0
BRDA:310,11,1,0
BRDA:313,12,0,0
BRDA:313,12,1,0
BRF:28
BRH:11
end_of_record
TN:
SF:src\ui\text.ts
FN:6,(anonymous_0)
FN:14,(anonymous_1)
FNF:2
FNH:1
FNDA:40,(anonymous_0)
FNDA:0,(anonymous_1)
DA:1,5
DA:3,5
DA:7,40
DA:8,40
DA:9,40
DA:10,40
DA:11,40
DA:15,0
DA:17,0
DA:19,0
DA:20,0
DA:21,0
DA:22,0
DA:23,0
LF:14
LH:7
BRDA:6,0,0,0
BRDA:9,1,0,40
BRDA:9,1,1,0
BRDA:10,2,0,40
BRDA:10,2,1,0
BRDA:11,3,0,40
BRDA:11,3,1,40
BRDA:15,4,0,0
BRDA:15,4,1,0
BRDA:19,5,0,0
BRDA:19,5,1,0
BRF:11
BRH:4
end_of_record
TN:
SF:src\ui\touch-handler.ts
FN:33,(anonymous_0)
FN:37,(anonymous_1)
FN:43,(anonymous_2)
FN:47,(anonymous_3)
FN:48,(anonymous_4)
FN:49,(anonymous_5)
FN:52,(anonymous_6)
FN:53,(anonymous_7)
FN:54,(anonymous_8)
FN:55,(anonymous_9)
FN:56,(anonymous_10)
FN:61,(anonymous_11)
FN:73,(anonymous_12)
FN:80,(anonymous_13)
FN:91,(anonymous_14)
FN:105,(anonymous_15)
FN:117,(anonymous_16)
FN:135,(anonymous_17)
FN:152,(anonymous_18)
FN:178,(anonymous_19)
FN:186,(anonymous_20)
FN:194,(anonymous_21)
FN:205,(anonymous_22)
FN:225,(anonymous_23)
FN:246,(anonymous_24)
FNF:25
FNH:12
FNDA:6,(anonymous_0)
FNDA:6,(anonymous_1)
FNDA:6,(anonymous_2)
FNDA:2,(anonymous_3)
FNDA:1,(anonymous_4)
FNDA:1,(anonymous_5)
FNDA:0,(anonymous_6)
FNDA:0,(anonymous_7)
FNDA:0,(anonymous_8)
FNDA:0,(anonymous_9)
FNDA:0,(anonymous_10)
FNDA:2,(anonymous_11)
FNDA:2,(anonymous_12)
FNDA:0,(anonymous_13)
FNDA:0,(anonymous_14)
FNDA:1,(anonymous_15)
FNDA:1,(anonymous_16)
FNDA:0,(anonymous_17)
FNDA:1,(anonymous_18)
FNDA:2,(anonymous_19)
FNDA:0,(anonymous_20)
FNDA:0,(anonymous_21)
FNDA:0,(anonymous_22)
FNDA:0,(anonymous_23)
FNDA:0,(anonymous_24)
DA:1,4
DA:2,4
DA:14,4
DA:15,6
DA:19,6
DA:20,6
DA:21,6
DA:22,6
DA:23,6
DA:24,6
DA:25,6
DA:26,6
DA:29,6
DA:30,6
DA:31,6
DA:34,6
DA:38,6
DA:39,6
DA:40,6
DA:44,6
DA:47,6
DA:48,6
DA:49,6
DA:52,6
DA:53,6
DA:54,6
DA:55,6
DA:56,6
DA:62,2
DA:64,2
DA:65,2
DA:66,0
DA:67,0
DA:70,2
DA:74,2
DA:75,2
DA:76,2
DA:77,2
DA:80,2
DA:81,0
DA:82,0
DA:92,0
DA:93,0
DA:94,0
DA:98,0
DA:99,0
DA:106,1
DA:108,1
DA:109,1
DA:110,0
DA:111,0
DA:114,1
DA:118,1
DA:119,1
DA:121,1
DA:122,1
DA:123,1
DA:125,1
DA:136,0
DA:137,0
DA:138,0
DA:143,0
DA:144,0
DA:145,0
DA:153,1
DA:156,1
DA:157,0
DA:158,0
DA:161,1
DA:162,1
DA:163,1
DA:165,1
DA:166,1
DA:167,0
DA:169,1
DA:171,1
DA:175,1
DA:179,2
DA:180,2
DA:184,6
DA:187,0
DA:188,0
DA:189,0
DA:190,0
DA:191,0
DA:194,0
DA:195,0
DA:196,0
DA:206,0
DA:208,0
DA:209,0
DA:211,0
DA:212,0
DA:213,0
DA:215,0
DA:226,0
DA:227,0
DA:229,0
DA:231,0
DA:232,0
DA:233,0
DA:235,0
DA:236,0
DA:237,0
DA:239,0
DA:241,0
DA:247,0
DA:249,0
DA:250,0
DA:251,0
DA:253,0
DA:258,0
LF:112
LH:60
BRDA:44,0,0,0
BRDA:44,0,1,6
BRDA:64,1,0,2
BRDA:64,1,1,0
BRDA:66,2,0,0
BRDA:66,2,1,0
BRDA:81,3,0,0
BRDA:81,3,1,0
BRDA:108,4,0,1
BRDA:108,4,1,0
BRDA:110,5,0,0
BRDA:110,5,1,0
BRDA:121,6,0,1
BRDA:121,6,1,0
BRDA:121,7,0,1
BRDA:121,7,1,0
BRDA:123,8,0,1
BRDA:123,8,1,0
BRDA:143,9,0,0
BRDA:143,9,1,0
BRDA:153,10,0,1
BRDA:153,10,1,0
BRDA:156,11,0,0
BRDA:156,11,1,1
BRDA:156,12,0,1
BRDA:156,12,1,0
BRDA:161,13,0,1
BRDA:161,13,1,0
BRDA:161,14,0,1
BRDA:161,14,1,1
BRDA:161,14,2,1
BRDA:165,15,0,1
BRDA:165,15,1,0
BRDA:166,16,0,0
BRDA:166,16,1,1
BRDA:195,17,0,0
BRDA:195,17,1,0
BRDA:195,18,0,0
BRDA:195,18,1,0
BRDA:206,19,0,0
BRDA:206,19,1,0
BRDA:211,20,0,0
BRDA:211,20,1,0
BRDA:211,21,0,0
BRDA:211,21,1,0
BRDA:213,22,0,0
BRDA:213,22,1,0
BRDA:226,23,0,0
BRDA:226,23,1,0
BRDA:229,24,0,0
BRDA:229,24,1,0
BRDA:231,25,0,0
BRDA:231,25,1,0
BRDA:235,26,0,0
BRDA:235,26,1,0
BRDA:236,27,0,0
BRDA:236,27,1,0
BRF:57
BRH:15
end_of_record
TN:
SF:src\ui\ui-element.ts
FN:26,(anonymous_0)
FN:44,(anonymous_1)
FN:50,(anonymous_2)
FN:55,(anonymous_3)
FN:63,(anonymous_4)
FNF:5
FNH:1
FNDA:57,(anonymous_0)
FNDA:0,(anonymous_1)
FNDA:0,(anonymous_2)
FNDA:0,(anonymous_3)
FNDA:0,(anonymous_4)
DA:11,10
DA:18,57
DA:19,57
DA:20,57
DA:34,57
DA:35,57
DA:36,57
DA:37,57
DA:38,57
DA:39,57
DA:45,0
DA:46,0
DA:51,0
DA:52,0
DA:56,0
DA:57,0
DA:58,0
DA:60,0
DA:64,0
DA:65,0
LF:20
LH:10
BRDA:32,0,0,7
BRDA:56,1,0,0
BRDA:56,1,1,0
BRDA:65,2,0,0
BRDA:65,2,1,0
BRDA:65,2,2,0
BRDA:65,2,3,0
BRF:7
BRH:1
end_of_record
TN:
SF:src\ui\ui-manager.ts
FN:13,(anonymous_0)
FN:19,(anonymous_1)
FN:26,(anonymous_2)
FN:27,(anonymous_3)
FN:30,(anonymous_4)
FN:31,(anonymous_5)
FN:34,(anonymous_6)
FN:38,(anonymous_7)
FN:44,(anonymous_8)
FN:50,(anonymous_9)
FN:51,(anonymous_10)
FN:55,(anonymous_11)
FN:63,(anonymous_12)
FN:92,(anonymous_13)
FNF:14
FNH:4
FNDA:8,(anonymous_0)
FNDA:7,(anonymous_1)
FNDA:0,(anonymous_2)
FNDA:0,(anonymous_3)
FNDA:0,(anonymous_4)
FNDA:0,(anonymous_5)
FNDA:0,(anonymous_6)
FNDA:39,(anonymous_7)
FNDA:0,(anonymous_8)
FNDA:8,(anonymous_9)
FNDA:0,(anonymous_10)
FNDA:0,(anonymous_11)
FNDA:0,(anonymous_12)
FNDA:0,(anonymous_13)
DA:1,4
DA:3,4
DA:4,4
DA:7,4
DA:8,8
DA:10,8
DA:14,8
DA:15,8
DA:16,8
DA:20,7
DA:21,7
DA:22,0
DA:27,0
DA:31,0
DA:35,0
DA:39,39
DA:40,0
DA:45,0
DA:46,0
DA:51,8
DA:52,0
DA:55,8
DA:56,0
DA:58,0
DA:64,0
DA:66,0
DA:67,0
DA:68,0
DA:69,0
DA:70,0
DA:71,0
DA:73,0
DA:74,0
DA:75,0
DA:77,0
DA:79,0
DA:80,0
DA:84,0
DA:85,0
DA:86,0
DA:88,0
DA:93,0
DA:94,0
DA:95,0
DA:96,0
DA:97,0
DA:99,0
LF:47
LH:14
BRDA:21,0,0,0
BRDA:21,0,1,7
BRDA:56,1,0,0
BRDA:56,1,1,0
BRDA:68,2,0,0
BRDA:68,2,1,0
BRDA:68,3,0,0
BRDA:68,3,1,0
BRDA:69,4,0,0
BRDA:69,4,1,0
BRDA:70,5,0,0
BRDA:70,5,1,0
BRDA:70,6,0,0
BRDA:70,6,1,0
BRDA:74,7,0,0
BRDA:74,7,1,0
BRDA:77,8,0,0
BRDA:77,8,1,0
BRDA:84,9,0,0
BRDA:84,9,1,0
BRDA:84,10,0,0
BRDA:84,10,1,0
BRDA:85,11,0,0
BRDA:85,11,1,0
BRDA:95,12,0,0
BRDA:95,12,1,0
BRDA:95,13,0,0
BRDA:95,13,1,0
BRDA:96,14,0,0
BRDA:96,14,1,0
BRF:30
BRH:1
end_of_record
TN:
SF:src\utils\logger.ts
FN:11,(anonymous_1)
FN:14,(anonymous_2)
FN:37,(anonymous_3)
FN:42,(anonymous_4)
FN:47,(anonymous_5)
FN:52,(anonymous_6)
FNF:6
FNH:5
FNDA:16,(anonymous_1)
FNDA:135,(anonymous_2)
FNDA:131,(anonymous_3)
FNDA:3,(anonymous_4)
FNDA:1,(anonymous_5)
FNDA:0,(anonymous_6)
DA:1,48
DA:3,48
DA:8,48
DA:12,16
DA:15,135
DA:21,16
DA:38,131
DA:39,131
DA:43,3
DA:44,3
DA:48,1
DA:49,1
DA:53,0
DA:54,0
LF:14
LH:12
BRDA:16,0,0,2
BRDA:16,0,1,133
BRDA:22,1,0,16
BRDA:22,1,1,16
BRDA:38,2,0,12
BRDA:38,2,1,119
BRDA:43,3,0,0
BRDA:43,3,1,3
BRDA:48,4,0,1
BRDA:48,4,1,0
BRDA:53,5,0,0
BRDA:53,5,1,0
BRF:12
BRH:8
end_of_record
TN:
SF:src\utils\pathfinding-utils.ts
FN:25,(anonymous_0)
FN:51,(anonymous_1)
FN:54,(anonymous_2)
FN:57,(anonymous_3)
FN:73,(anonymous_4)
FN:106,(anonymous_5)
FN:127,(anonymous_6)
FN:131,(anonymous_7)
FNF:8
FNH:8
FNDA:3,(anonymous_0)
FNDA:20,(anonymous_1)
FNDA:20,(anonymous_2)
FNDA:200,(anonymous_3)
FNDA:18,(anonymous_4)
FNDA:6,(anonymous_5)
FNDA:12,(anonymous_6)
FNDA:2,(anonymous_7)
DA:1,1
DA:17,1
DA:26,3
DA:27,3
DA:29,3
DA:39,0
DA:40,0
DA:43,3
DA:44,1
DA:45,1
DA:48,2
DA:49,2
DA:51,20
DA:52,2
DA:55,20
DA:57,200
DA:66,2
DA:67,2
DA:69,2
DA:71,2
DA:73,18
DA:74,8
DA:76,8
DA:77,2
DA:80,6
DA:82,6
DA:83,6
DA:84,18
DA:85,6
DA:88,12
DA:89,12
DA:91,12
DA:92,12
DA:93,12
DA:94,12
DA:96,12
DA:97,12
DA:103,0
DA:107,6
DA:108,6
DA:115,6
DA:116,24
DA:117,24
DA:119,24
DA:120,18
DA:124,6
DA:128,12
DA:132,2
DA:133,2
DA:134,2
DA:135,8
DA:136,8
DA:138,2
LF:53
LH:50
BRDA:29,0,0,0
BRDA:29,0,1,3
BRDA:30,1,0,3
BRDA:30,1,1,3
BRDA:30,1,2,3
BRDA:30,1,3,3
BRDA:30,1,4,3
BRDA:30,1,5,3
BRDA:30,1,6,3
BRDA:30,1,7,3
BRDA:43,2,0,1
BRDA:43,2,1,2
BRDA:76,3,0,2
BRDA:76,3,1,6
BRDA:84,4,0,6
BRDA:84,4,1,12
BRDA:84,5,0,18
BRDA:84,5,1,14
BRDA:91,6,0,12
BRDA:91,6,1,0
BRDA:91,7,0,12
BRDA:91,7,1,0
BRDA:96,8,0,12
BRDA:96,8,1,0
BRDA:119,9,0,18
BRDA:119,9,1,6
BRDA:119,10,0,24
BRDA:119,10,1,21
BRDA:119,10,2,21
BRDA:119,10,3,18
BRF:30
BRH:26
end_of_record
TN:
SF:src\world\terrain-generator.ts
FN:12,(anonymous_0)
FN:16,(anonymous_1)
FN:36,(anonymous_2)
FN:64,(anonymous_3)
FNF:4
FNH:4
FNDA:10,(anonymous_0)
FNDA:9,(anonymous_1)
FNDA:8,(anonymous_2)
FNDA:19714,(anonymous_3)
DA:9,4
DA:13,10
DA:17,9
DA:18,9
DA:20,9
DA:21,360
DA:22,16200
DA:23,16200
DA:25,16200
DA:26,2475
DA:27,13725
DA:28,0
DA:31,16200
DA:37,8
DA:38,8
DA:39,8
DA:40,8
DA:42,8
DA:43,70
DA:44,70
DA:45,70
DA:47,1757
DA:48,1757
DA:50,1757
DA:52,70
DA:56,70
DA:58,1757
DA:61,8
DA:66,19714
DA:67,19714
LF:30
LH:29
BRDA:12,0,0,0
BRDA:25,1,0,2475
BRDA:25,1,1,13725
BRDA:27,2,0,0
BRDA:27,2,1,13725
BRDA:45,3,0,1827
BRDA:45,3,1,1827
BRDA:50,4,0,70
BRDA:50,4,1,1687
BRF:9
BRH:7
end_of_record
TN:
SF:src\world\tilemap.ts
FN:17,(anonymous_0)
FN:28,(anonymous_1)
FN:35,(anonymous_2)
FN:39,(anonymous_3)
FN:43,(anonymous_4)
FN:58,(anonymous_5)
FN:65,(anonymous_6)
FN:71,(anonymous_7)
FN:77,(anonymous_8)
FN:81,(anonymous_9)
FN:100,(anonymous_10)
FN:110,(anonymous_11)
FN:130,(anonymous_12)
FNF:13
FNH:12
FNDA:35,(anonymous_0)
FNDA:43,(anonymous_1)
FNDA:750,(anonymous_2)
FNDA:64,(anonymous_3)
FNDA:16921,(anonymous_4)
FNDA:1748,(anonymous_5)
FNDA:126,(anonymous_6)
FNDA:0,(anonymous_7)
FNDA:10,(anonymous_8)
FNDA:1780,(anonymous_9)
FNDA:1,(anonymous_10)
FNDA:1,(anonymous_11)
FNDA:20449,(anonymous_12)
DA:1,13
DA:10,13
DA:18,35
DA:19,35
DA:20,35
DA:21,35
DA:22,35
DA:25,35
DA:29,43
DA:30,0
DA:31,0
DA:33,43
DA:35,750
DA:36,43
DA:40,64
DA:44,16921
DA:45,0
DA:46,0
DA:49,16921
DA:50,16921
DA:51,0
DA:52,0
DA:55,16921
DA:59,1748
DA:60,1668
DA:61,1668
DA:62,1668
DA:66,126
DA:67,126
DA:68,3
DA:72,0
DA:73,0
DA:74,0
DA:78,10
DA:86,1780
DA:88,1779
DA:89,1792
DA:90,1792
DA:91,1767
DA:92,1767
DA:93,1691
DA:97,88
DA:101,1
DA:111,1
DA:114,1
DA:115,1
DA:116,0
DA:121,1
DA:122,1
DA:123,2
DA:127,1
DA:131,20449
LF:52
LH:42
BRDA:29,0,0,0
BRDA:29,0,1,43
BRDA:44,1,0,0
BRDA:44,1,1,16921
BRDA:50,2,0,0
BRDA:50,2,1,16921
BRDA:59,3,0,80
BRDA:59,3,1,1668
BRDA:61,4,0,0
BRDA:61,4,1,1668
BRDA:67,5,0,123
BRDA:67,5,1,3
BRDA:67,6,0,126
BRDA:67,6,1,126
BRDA:86,7,0,1
BRDA:86,7,1,1779
BRDA:90,8,0,1767
BRDA:90,8,1,25
BRDA:92,9,0,1691
BRDA:92,9,1,76
BRDA:92,10,0,1767
BRDA:92,10,1,1767
BRDA:114,11,0,1
BRDA:114,11,1,0
BRDA:121,12,0,1
BRDA:121,12,1,0
BRDA:131,13,0,20449
BRDA:131,13,1,20429
BRDA:131,13,2,20408
BRDA:131,13,3,20388
BRF:30
BRH:24
end_of_record
